[
{"event": "image_load", "image_name": "/home/wataru/Documents/CTF/seccon2019/calc/calc", "image_id": 1, "base_addr": "0x56511c06d000", "image_size": "0x1377"},
{"event": "image_load", "image_name": "/lib64/ld-linux-x86-64.so.2", "image_id": 2, "base_addr": "0x7f71e89f0000", "image_size": "0x26c23"},
{"event": "image_load", "image_name": "[vdso]", "image_id": 3, "base_addr": "0x7ffe659fc000", "image_size": "0x100a"},
{"event": "image_load", "image_name": "/lib/x86_64-linux-gnu/libc.so.6", "image_id": 4, "base_addr": "0x7f71d4211000", "image_size": "0x3f0adf"},
{"event": "branch", "inst_addr": "0x56511c06d5de", "next_inst_addr": "0", "branch_taken": true},
{"event": "branch", "inst_addr": "0x56511c06df44", "next_inst_addr": "0", "branch_taken": false},
{"event": "branch", "inst_addr": "0x56511c06d765", "next_inst_addr": "0", "branch_taken": true},
{"event": "branch", "inst_addr": "0x56511c06d6f6", "next_inst_addr": "0", "branch_taken": true},
{"event": "branch", "inst_addr": "0x56511c06df64", "next_inst_addr": "0", "branch_taken": false},
{"event": "branch", "inst_addr": "0x56511c06deae", "next_inst_addr": "0", "branch_taken": true},
{"event": "branch", "inst_addr": "0x56511c06d630", "next_inst_addr": "0", "branch_taken": true},
{"event": "branch", "inst_addr": "0x56511c06d620", "next_inst_addr": "0", "branch_taken": true},
{"event": "branch", "inst_addr": "0x56511c06dbd6", "next_inst_addr": "0", "branch_taken": true},
{"event": "branch", "inst_addr": "0x56511c06de87", "next_inst_addr": "0", "branch_taken": true},
{"event": "branch", "inst_addr": "0x56511c06dbe9", "next_inst_addr": "0", "branch_taken": true},
{"event": "branch", "inst_addr": "0x56511c06dc1c", "next_inst_addr": "0", "branch_taken": false},
{"event": "branch", "inst_addr": "0x56511c06dc22", "next_inst_addr": "0", "branch_taken": false},
{"event": "branch", "inst_addr": "0x56511c06dc4f", "next_inst_addr": "0", "branch_taken": true},
{"event": "branch", "inst_addr": "0x56511c06de87", "next_inst_addr": "0", "branch_taken": true},
{"event": "branch", "inst_addr": "0x56511c06dbe9", "next_inst_addr": "0", "branch_taken": true},
{"event": "branch", "inst_addr": "0x56511c06dc1c", "next_inst_addr": "0", "branch_taken": false},
{"event": "branch", "inst_addr": "0x56511c06dc22", "next_inst_addr": "0", "branch_taken": false},
{"event": "branch", "inst_addr": "0x56511c06dc4f", "next_inst_addr": "0", "branch_taken": true},
{"event": "branch", "inst_addr": "0x56511c06de87", "next_inst_addr": "0", "branch_taken": true},
{"event": "branch", "inst_addr": "0x56511c06dbe9", "next_inst_addr": "0", "branch_taken": true},
{"event": "branch", "inst_addr": "0x56511c06dc1c", "next_inst_addr": "0", "branch_taken": false},
{"event": "branch", "inst_addr": "0x56511c06dc22", "next_inst_addr": "0", "branch_taken": false},
{"event": "branch", "inst_addr": "0x56511c06dc4f", "next_inst_addr": "0", "branch_taken": true},
{"event": "branch", "inst_addr": "0x56511c06de87", "next_inst_addr": "0", "branch_taken": true},
{"event": "branch", "inst_addr": "0x56511c06dbe9", "next_inst_addr": "0", "branch_taken": false},
{"event": "branch", "inst_addr": "0x56511c06dbef", "next_inst_addr": "0", "branch_taken": false},
{"event": "branch", "inst_addr": "0x56511c06d93e", "next_inst_addr": "0", "branch_taken": true},
{"event": "branch", "inst_addr": "0x56511c06dc13", "next_inst_addr": "0", "branch_taken": true},
{"event": "branch", "inst_addr": "0x56511c06de87", "next_inst_addr": "0", "branch_taken": true},
{"event": "branch", "inst_addr": "0x56511c06dbe9", "next_inst_addr": "0", "branch_taken": true},
{"event": "branch", "inst_addr": "0x56511c06dc1c", "next_inst_addr": "0", "branch_taken": false},
{"event": "branch", "inst_addr": "0x56511c06dc22", "next_inst_addr": "0", "branch_taken": false},
{"event": "branch", "inst_addr": "0x56511c06dc4f", "next_inst_addr": "0", "branch_taken": true},
{"event": "branch", "inst_addr": "0x56511c06de87", "next_inst_addr": "0", "branch_taken": true},
{"event": "branch", "inst_addr": "0x56511c06dbe9", "next_inst_addr": "0", "branch_taken": true},
{"event": "branch", "inst_addr": "0x56511c06dc1c", "next_inst_addr": "0", "branch_taken": false},
{"event": "branch", "inst_addr": "0x56511c06dc22", "next_inst_addr": "0", "branch_taken": false},
{"event": "branch", "inst_addr": "0x56511c06dc4f", "next_inst_addr": "0", "branch_taken": true},
{"event": "branch", "inst_addr": "0x56511c06de87", "next_inst_addr": "0", "branch_taken": true},
{"event": "branch", "inst_addr": "0x56511c06dbe9", "next_inst_addr": "0", "branch_taken": true},
{"event": "branch", "inst_addr": "0x56511c06dc1c", "next_inst_addr": "0", "branch_taken": false},
{"event": "branch", "inst_addr": "0x56511c06dc22", "next_inst_addr": "0", "branch_taken": false},
{"event": "branch", "inst_addr": "0x56511c06dc4f", "next_inst_addr": "0", "branch_taken": true},
{"event": "branch", "inst_addr": "0x56511c06de87", "next_inst_addr": "0", "branch_taken": true},
{"event": "branch", "inst_addr": "0x56511c06dbe9", "next_inst_addr": "0", "branch_taken": false},
{"event": "branch", "inst_addr": "0x56511c06dbef", "next_inst_addr": "0", "branch_taken": false},
{"event": "branch", "inst_addr": "0x56511c06d93e", "next_inst_addr": "0", "branch_taken": true},
{"event": "branch", "inst_addr": "0x56511c06dc13", "next_inst_addr": "0", "branch_taken": true},
{"event": "branch", "inst_addr": "0x56511c06de87", "next_inst_addr": "0", "branch_taken": true},
{"event": "branch", "inst_addr": "0x56511c06dbe9", "next_inst_addr": "0", "branch_taken": true},
{"event": "branch", "inst_addr": "0x56511c06dc1c", "next_inst_addr": "0", "branch_taken": false},
{"event": "branch", "inst_addr": "0x56511c06dc22", "next_inst_addr": "0", "branch_taken": false},
{"event": "branch", "inst_addr": "0x56511c06dc4f", "next_inst_addr": "0", "branch_taken": true},
{"event": "branch", "inst_addr": "0x56511c06de87", "next_inst_addr": "0", "branch_taken": true},
{"event": "branch", "inst_addr": "0x56511c06dbe9", "next_inst_addr": "0", "branch_taken": true},
{"event": "branch", "inst_addr": "0x56511c06dc1c", "next_inst_addr": "0", "branch_taken": false},
{"event": "branch", "inst_addr": "0x56511c06dc22", "next_inst_addr": "0", "branch_taken": false},
{"event": "branch", "inst_addr": "0x56511c06dc4f", "next_inst_addr": "0", "branch_taken": true},
{"event": "branch", "inst_addr": "0x56511c06de87", "next_inst_addr": "0", "branch_taken": true},
{"event": "branch", "inst_addr": "0x56511c06dbe9", "next_inst_addr": "0", "branch_taken": true},
{"event": "branch", "inst_addr": "0x56511c06dc1c", "next_inst_addr": "0", "branch_taken": false},
{"event": "branch", "inst_addr": "0x56511c06dc22", "next_inst_addr": "0", "branch_taken": false},
{"event": "branch", "inst_addr": "0x56511c06dc4f", "next_inst_addr": "0", "branch_taken": true},
{"event": "branch", "inst_addr": "0x56511c06de87", "next_inst_addr": "0", "branch_taken": true},
{"event": "branch", "inst_addr": "0x56511c06dbe9", "next_inst_addr": "0", "branch_taken": false},
{"event": "branch", "inst_addr": "0x56511c06dbef", "next_inst_addr": "0", "branch_taken": false},
{"event": "branch", "inst_addr": "0x56511c06d93e", "next_inst_addr": "0", "branch_taken": true},
{"event": "branch", "inst_addr": "0x56511c06dc13", "next_inst_addr": "0", "branch_taken": true},
{"event": "branch", "inst_addr": "0x56511c06de87", "next_inst_addr": "0", "branch_taken": true},
{"event": "branch", "inst_addr": "0x56511c06dbe9", "next_inst_addr": "0", "branch_taken": true},
{"event": "branch", "inst_addr": "0x56511c06dc1c", "next_inst_addr": "0", "branch_taken": false},
{"event": "branch", "inst_addr": "0x56511c06dc22", "next_inst_addr": "0", "branch_taken": false},
{"event": "branch", "inst_addr": "0x56511c06dc4f", "next_inst_addr": "0", "branch_taken": true},
{"event": "branch", "inst_addr": "0x56511c06de87", "next_inst_addr": "0", "branch_taken": true},
{"event": "branch", "inst_addr": "0x56511c06dbe9", "next_inst_addr": "0", "branch_taken": true},
{"event": "branch", "inst_addr": "0x56511c06dc1c", "next_inst_addr": "0", "branch_taken": false},
{"event": "branch", "inst_addr": "0x56511c06dc22", "next_inst_addr": "0", "branch_taken": false},
{"event": "branch", "inst_addr": "0x56511c06dc4f", "next_inst_addr": "0", "branch_taken": true},
{"event": "branch", "inst_addr": "0x56511c06de87", "next_inst_addr": "0", "branch_taken": true},
{"event": "branch", "inst_addr": "0x56511c06dbe9", "next_inst_addr": "0", "branch_taken": true},
{"event": "branch", "inst_addr": "0x56511c06dc1c", "next_inst_addr": "0", "branch_taken": false},
{"event": "branch", "inst_addr": "0x56511c06dc22", "next_inst_addr": "0", "branch_taken": false},
{"event": "branch", "inst_addr": "0x56511c06dc4f", "next_inst_addr": "0", "branch_taken": true},
{"event": "branch", "inst_addr": "0x56511c06de87", "next_inst_addr": "0", "branch_taken": true},
{"event": "branch", "inst_addr": "0x56511c06dbe9", "next_inst_addr": "0", "branch_taken": false},
{"event": "branch", "inst_addr": "0x56511c06dbef", "next_inst_addr": "0", "branch_taken": false},
{"event": "branch", "inst_addr": "0x56511c06d93e", "next_inst_addr": "0", "branch_taken": true},
{"event": "branch", "inst_addr": "0x56511c06dc13", "next_inst_addr": "0", "branch_taken": true},
{"event": "branch", "inst_addr": "0x56511c06de87", "next_inst_addr": "0", "branch_taken": true},
{"event": "branch", "inst_addr": "0x56511c06dbe9", "next_inst_addr": "0", "branch_taken": true},
{"event": "branch", "inst_addr": "0x56511c06dc1c", "next_inst_addr": "0", "branch_taken": false},
{"event": "branch", "inst_addr": "0x56511c06dc22", "next_inst_addr": "0", "branch_taken": false},
{"event": "branch", "inst_addr": "0x56511c06dc4f", "next_inst_addr": "0", "branch_taken": true},
{"event": "branch", "inst_addr": "0x56511c06de87", "next_inst_addr": "0", "branch_taken": true},
{"event": "branch", "inst_addr": "0x56511c06dbe9", "next_inst_addr": "0", "branch_taken": true},
{"event": "branch", "inst_addr": "0x56511c06dc1c", "next_inst_addr": "0", "branch_taken": false},
{"event": "branch", "inst_addr": "0x56511c06dc22", "next_inst_addr": "0", "branch_taken": false},
{"event": "branch", "inst_addr": "0x56511c06dc4f", "next_inst_addr": "0", "branch_taken": true},
{"event": "branch", "inst_addr": "0x56511c06de87", "next_inst_addr": "0", "branch_taken": true},
{"event": "branch", "inst_addr": "0x56511c06dbe9", "next_inst_addr": "0", "branch_taken": true},
{"event": "branch", "inst_addr": "0x56511c06dc1c", "next_inst_addr": "0", "branch_taken": false},
{"event": "branch", "inst_addr": "0x56511c06dc22", "next_inst_addr": "0", "branch_taken": false},
{"event": "branch", "inst_addr": "0x56511c06dc4f", "next_inst_addr": "0", "branch_taken": true},
{"event": "branch", "inst_addr": "0x56511c06de87", "next_inst_addr": "0", "branch_taken": true},
{"event": "branch", "inst_addr": "0x56511c06dbe9", "next_inst_addr": "0", "branch_taken": false},
{"event": "branch", "inst_addr": "0x56511c06dbef", "next_inst_addr": "0", "branch_taken": false},
{"event": "branch", "inst_addr": "0x56511c06d93e", "next_inst_addr": "0", "branch_taken": true},
{"event": "branch", "inst_addr": "0x56511c06dc13", "next_inst_addr": "0", "branch_taken": true},
{"event": "branch", "inst_addr": "0x56511c06de87", "next_inst_addr": "0", "branch_taken": true},
{"event": "branch", "inst_addr": "0x56511c06dbe9", "next_inst_addr": "0", "branch_taken": true},
{"event": "branch", "inst_addr": "0x56511c06dc1c", "next_inst_addr": "0", "branch_taken": false},
{"event": "branch", "inst_addr": "0x56511c06dc22", "next_inst_addr": "0", "branch_taken": false},
{"event": "branch", "inst_addr": "0x56511c06dc4f", "next_inst_addr": "0", "branch_taken": true},
{"event": "branch", "inst_addr": "0x56511c06de87", "next_inst_addr": "0", "branch_taken": true},
{"event": "branch", "inst_addr": "0x56511c06dbe9", "next_inst_addr": "0", "branch_taken": true},
{"event": "branch", "inst_addr": "0x56511c06dc1c", "next_inst_addr": "0", "branch_taken": false},
{"event": "branch", "inst_addr": "0x56511c06dc22", "next_inst_addr": "0", "branch_taken": false},
{"event": "branch", "inst_addr": "0x56511c06dc4f", "next_inst_addr": "0", "branch_taken": true},
{"event": "branch", "inst_addr": "0x56511c06de87", "next_inst_addr": "0", "branch_taken": true},
{"event": "branch", "inst_addr": "0x56511c06dbe9", "next_inst_addr": "0", "branch_taken": true},
{"event": "branch", "inst_addr": "0x56511c06dc1c", "next_inst_addr": "0", "branch_taken": false},
{"event": "branch", "inst_addr": "0x56511c06dc22", "next_inst_addr": "0", "branch_taken": false},
{"event": "branch", "inst_addr": "0x56511c06dc4f", "next_inst_addr": "0", "branch_taken": true},
{"event": "branch", "inst_addr": "0x56511c06de87", "next_inst_addr": "0", "branch_taken": true},
{"event": "branch", "inst_addr": "0x56511c06dbe9", "next_inst_addr": "0", "branch_taken": true},
{"event": "branch", "inst_addr": "0x56511c06dc1c", "next_inst_addr": "0", "branch_taken": false},
{"event": "branch", "inst_addr": "0x56511c06dc22", "next_inst_addr": "0", "branch_taken": false},
{"event": "branch", "inst_addr": "0x56511c06dc4f", "next_inst_addr": "0", "branch_taken": true},
{"event": "branch", "inst_addr": "0x56511c06de87", "next_inst_addr": "0", "branch_taken": true},
{"event": "branch", "inst_addr": "0x56511c06dbe9", "next_inst_addr": "0", "branch_taken": false},
{"event": "branch", "inst_addr": "0x56511c06dbef", "next_inst_addr": "0", "branch_taken": false},
{"event": "branch", "inst_addr": "0x56511c06d93e", "next_inst_addr": "0", "branch_taken": true},
{"event": "branch", "inst_addr": "0x56511c06dc13", "next_inst_addr": "0", "branch_taken": true},
{"event": "branch", "inst_addr": "0x56511c06de87", "next_inst_addr": "0", "branch_taken": true},
{"event": "branch", "inst_addr": "0x56511c06dbe9", "next_inst_addr": "0", "branch_taken": true},
{"event": "branch", "inst_addr": "0x56511c06dc1c", "next_inst_addr": "0", "branch_taken": false},
{"event": "branch", "inst_addr": "0x56511c06dc22", "next_inst_addr": "0", "branch_taken": false},
{"event": "branch", "inst_addr": "0x56511c06dc4f", "next_inst_addr": "0", "branch_taken": true},
{"event": "branch", "inst_addr": "0x56511c06de87", "next_inst_addr": "0", "branch_taken": true},
{"event": "branch", "inst_addr": "0x56511c06dbe9", "next_inst_addr": "0", "branch_taken": true},
{"event": "branch", "inst_addr": "0x56511c06dc1c", "next_inst_addr": "0", "branch_taken": false},
{"event": "branch", "inst_addr": "0x56511c06dc22", "next_inst_addr": "0", "branch_taken": false},
{"event": "branch", "inst_addr": "0x56511c06dc4f", "next_inst_addr": "0", "branch_taken": true},
{"event": "branch", "inst_addr": "0x56511c06de87", "next_inst_addr": "0", "branch_taken": true},
{"event": "branch", "inst_addr": "0x56511c06dbe9", "next_inst_addr": "0", "branch_taken": true},
{"event": "branch", "inst_addr": "0x56511c06dc1c", "next_inst_addr": "0", "branch_taken": false},
{"event": "branch", "inst_addr": "0x56511c06dc22", "next_inst_addr": "0", "branch_taken": false},
{"event": "branch", "inst_addr": "0x56511c06dc4f", "next_inst_addr": "0", "branch_taken": true},
{"event": "branch", "inst_addr": "0x56511c06de87", "next_inst_addr": "0", "branch_taken": true},
{"event": "branch", "inst_addr": "0x56511c06dbe9", "next_inst_addr": "0", "branch_taken": false},
{"event": "branch", "inst_addr": "0x56511c06dbef", "next_inst_addr": "0", "branch_taken": false},
{"event": "branch", "inst_addr": "0x56511c06d93e", "next_inst_addr": "0", "branch_taken": true},
{"event": "branch", "inst_addr": "0x56511c06dc13", "next_inst_addr": "0", "branch_taken": true},
{"event": "branch", "inst_addr": "0x56511c06de87", "next_inst_addr": "0", "branch_taken": true},
{"event": "branch", "inst_addr": "0x56511c06dbe9", "next_inst_addr": "0", "branch_taken": true},
{"event": "branch", "inst_addr": "0x56511c06dc1c", "next_inst_addr": "0", "branch_taken": false},
{"event": "branch", "inst_addr": "0x56511c06dc22", "next_inst_addr": "0", "branch_taken": true},
{"event": "branch", "inst_addr": "0x56511c06dc58", "next_inst_addr": "0", "branch_taken": true},
{"event": "branch", "inst_addr": "0x56511c06dcaf", "next_inst_addr": "0", "branch_taken": true},
{"event": "branch", "inst_addr": "0x56511c06dd06", "next_inst_addr": "0", "branch_taken": true},
{"event": "branch", "inst_addr": "0x56511c06dd5d", "next_inst_addr": "0", "branch_taken": false},
{"event": "branch", "inst_addr": "0x56511c06d8dc", "next_inst_addr": "0", "branch_taken": true},
{"event": "branch", "inst_addr": "0x56511c06d8dc", "next_inst_addr": "0", "branch_taken": true},
{"event": "branch", "inst_addr": "0x56511c06d93e", "next_inst_addr": "0", "branch_taken": true},
{"event": "branch", "inst_addr": "0x56511c06ddab", "next_inst_addr": "0", "branch_taken": true},
{"event": "branch", "inst_addr": "0x56511c06de87", "next_inst_addr": "0", "branch_taken": true},
{"event": "branch", "inst_addr": "0x56511c06dbe9", "next_inst_addr": "0", "branch_taken": true},
{"event": "branch", "inst_addr": "0x56511c06dc1c", "next_inst_addr": "0", "branch_taken": false},
{"event": "branch", "inst_addr": "0x56511c06dc22", "next_inst_addr": "0", "branch_taken": true},
{"event": "branch", "inst_addr": "0x56511c06dc58", "next_inst_addr": "0", "branch_taken": true},
{"event": "branch", "inst_addr": "0x56511c06dcaf", "next_inst_addr": "0", "branch_taken": true},
{"event": "branch", "inst_addr": "0x56511c06dd06", "next_inst_addr": "0", "branch_taken": true},
{"event": "branch", "inst_addr": "0x56511c06dd5d", "next_inst_addr": "0", "branch_taken": false},
{"event": "branch", "inst_addr": "0x56511c06d8dc", "next_inst_addr": "0", "branch_taken": true},
{"event": "branch", "inst_addr": "0x56511c06d8dc", "next_inst_addr": "0", "branch_taken": true},
{"event": "branch", "inst_addr": "0x56511c06d93e", "next_inst_addr": "0", "branch_taken": true},
{"event": "branch", "inst_addr": "0x56511c06ddab", "next_inst_addr": "0", "branch_taken": true},
{"event": "branch", "inst_addr": "0x56511c06de87", "next_inst_addr": "0", "branch_taken": true},
{"event": "branch", "inst_addr": "0x56511c06dbe9", "next_inst_addr": "0", "branch_taken": true},
{"event": "branch", "inst_addr": "0x56511c06dc1c", "next_inst_addr": "0", "branch_taken": true},
{"event": "branch", "inst_addr": "0x56511c06dc58", "next_inst_addr": "0", "branch_taken": true},
{"event": "branch", "inst_addr": "0x56511c06dcaf", "next_inst_addr": "0", "branch_taken": false},
{"event": "branch", "inst_addr": "0x56511c06d8dc", "next_inst_addr": "0", "branch_taken": true},
{"event": "branch", "inst_addr": "0x56511c06d8dc", "next_inst_addr": "0", "branch_taken": true},
{"event": "branch", "inst_addr": "0x56511c06d93e", "next_inst_addr": "0", "branch_taken": true},
{"event": "branch", "inst_addr": "0x56511c06dcfd", "next_inst_addr": "0", "branch_taken": true},
{"event": "branch", "inst_addr": "0x56511c06de87", "next_inst_addr": "0", "branch_taken": true},
{"event": "branch", "inst_addr": "0x56511c06dbe9", "next_inst_addr": "0", "branch_taken": true},
{"event": "branch", "inst_addr": "0x56511c06dc1c", "next_inst_addr": "0", "branch_taken": false},
{"event": "branch", "inst_addr": "0x56511c06dc22", "next_inst_addr": "0", "branch_taken": true},
{"event": "branch", "inst_addr": "0x56511c06dc58", "next_inst_addr": "0", "branch_taken": true},
{"event": "branch", "inst_addr": "0x56511c06dcaf", "next_inst_addr": "0", "branch_taken": true},
{"event": "branch", "inst_addr": "0x56511c06dd06", "next_inst_addr": "0", "branch_taken": true},
{"event": "branch", "inst_addr": "0x56511c06dd5d", "next_inst_addr": "0", "branch_taken": false},
{"event": "branch", "inst_addr": "0x56511c06d8dc", "next_inst_addr": "0", "branch_taken": true},
{"event": "branch", "inst_addr": "0x56511c06d8dc", "next_inst_addr": "0", "branch_taken": true},
{"event": "branch", "inst_addr": "0x56511c06d93e", "next_inst_addr": "0", "branch_taken": true},
{"event": "branch", "inst_addr": "0x56511c06ddab", "next_inst_addr": "0", "branch_taken": true},
{"event": "branch", "inst_addr": "0x56511c06de87", "next_inst_addr": "0", "branch_taken": true},
{"event": "branch", "inst_addr": "0x56511c06dbe9", "next_inst_addr": "0", "branch_taken": true},
{"event": "branch", "inst_addr": "0x56511c06dc1c", "next_inst_addr": "0", "branch_taken": false},
{"event": "branch", "inst_addr": "0x56511c06dc22", "next_inst_addr": "0", "branch_taken": true},
{"event": "branch", "inst_addr": "0x56511c06dc58", "next_inst_addr": "0", "branch_taken": true},
{"event": "branch", "inst_addr": "0x56511c06dcaf", "next_inst_addr": "0", "branch_taken": true},
{"event": "branch", "inst_addr": "0x56511c06dd06", "next_inst_addr": "0", "branch_taken": true},
{"event": "branch", "inst_addr": "0x56511c06dd5d", "next_inst_addr": "0", "branch_taken": true},
{"event": "branch", "inst_addr": "0x56511c06ddb4", "next_inst_addr": "0", "branch_taken": false},
{"event": "branch", "inst_addr": "0x56511c06d8dc", "next_inst_addr": "0", "branch_taken": true},
{"event": "branch", "inst_addr": "0x56511c06d8dc", "next_inst_addr": "0", "branch_taken": true},
{"event": "branch", "inst_addr": "0x56511c06d93e", "next_inst_addr": "0", "branch_taken": true},
{"event": "branch", "inst_addr": "0x56511c06de02", "next_inst_addr": "0", "branch_taken": true},
{"event": "branch", "inst_addr": "0x56511c06de87", "next_inst_addr": "0", "branch_taken": true},
{"event": "branch", "inst_addr": "0x56511c06dbe9", "next_inst_addr": "0", "branch_taken": true},
{"event": "branch", "inst_addr": "0x56511c06dc1c", "next_inst_addr": "0", "branch_taken": true},
{"event": "branch", "inst_addr": "0x56511c06dc58", "next_inst_addr": "0", "branch_taken": true},
{"event": "branch", "inst_addr": "0x56511c06dcaf", "next_inst_addr": "0", "branch_taken": false},
{"event": "branch", "inst_addr": "0x56511c06d8dc", "next_inst_addr": "0", "branch_taken": true},
{"event": "branch", "inst_addr": "0x56511c06d8dc", "next_inst_addr": "0", "branch_taken": true},
{"event": "branch", "inst_addr": "0x56511c06d93e", "next_inst_addr": "0", "branch_taken": true},
{"event": "branch", "inst_addr": "0x56511c06dcfd", "next_inst_addr": "0", "branch_taken": true},
{"event": "branch", "inst_addr": "0x56511c06de87", "next_inst_addr": "0", "branch_taken": true},
{"event": "branch", "inst_addr": "0x56511c06dbe9", "next_inst_addr": "0", "branch_taken": true},
{"event": "branch", "inst_addr": "0x56511c06dc1c", "next_inst_addr": "0", "branch_taken": false},
{"event": "branch", "inst_addr": "0x56511c06dc22", "next_inst_addr": "0", "branch_taken": false},
{"event": "branch", "inst_addr": "0x56511c06dc4f", "next_inst_addr": "0", "branch_taken": true},
{"event": "branch", "inst_addr": "0x56511c06de87", "next_inst_addr": "0", "branch_taken": true},
{"event": "branch", "inst_addr": "0x56511c06dbe9", "next_inst_addr": "0", "branch_taken": true},
{"event": "branch", "inst_addr": "0x56511c06dc1c", "next_inst_addr": "0", "branch_taken": false},
{"event": "branch", "inst_addr": "0x56511c06dc22", "next_inst_addr": "0", "branch_taken": false},
{"event": "branch", "inst_addr": "0x56511c06dc4f", "next_inst_addr": "0", "branch_taken": true},
{"event": "branch", "inst_addr": "0x56511c06de87", "next_inst_addr": "0", "branch_taken": true},
{"event": "branch", "inst_addr": "0x56511c06dbe9", "next_inst_addr": "0", "branch_taken": true},
{"event": "branch", "inst_addr": "0x56511c06dc1c", "next_inst_addr": "0", "branch_taken": false},
{"event": "branch", "inst_addr": "0x56511c06dc22", "next_inst_addr": "0", "branch_taken": false},
{"event": "branch", "inst_addr": "0x56511c06dc4f", "next_inst_addr": "0", "branch_taken": true},
{"event": "branch", "inst_addr": "0x56511c06de87", "next_inst_addr": "0", "branch_taken": true},
{"event": "branch", "inst_addr": "0x56511c06dbe9", "next_inst_addr": "0", "branch_taken": false},
{"event": "branch", "inst_addr": "0x56511c06dbef", "next_inst_addr": "0", "branch_taken": false},
{"event": "branch", "inst_addr": "0x56511c06d93e", "next_inst_addr": "0", "branch_taken": true},
{"event": "branch", "inst_addr": "0x56511c06dc13", "next_inst_addr": "0", "branch_taken": true},
{"event": "branch", "inst_addr": "0x56511c06de87", "next_inst_addr": "0", "branch_taken": true},
{"event": "branch", "inst_addr": "0x56511c06dbe9", "next_inst_addr": "0", "branch_taken": true},
{"event": "branch", "inst_addr": "0x56511c06dc1c", "next_inst_addr": "0", "branch_taken": false},
{"event": "branch", "inst_addr": "0x56511c06dc22", "next_inst_addr": "0", "branch_taken": false},
{"event": "branch", "inst_addr": "0x56511c06dc4f", "next_inst_addr": "0", "branch_taken": true},
{"event": "branch", "inst_addr": "0x56511c06de87", "next_inst_addr": "0", "branch_taken": true},
{"event": "branch", "inst_addr": "0x56511c06dbe9", "next_inst_addr": "0", "branch_taken": true},
{"event": "branch", "inst_addr": "0x56511c06dc1c", "next_inst_addr": "0", "branch_taken": false},
{"event": "branch", "inst_addr": "0x56511c06dc22", "next_inst_addr": "0", "branch_taken": false},
{"event": "branch", "inst_addr": "0x56511c06dc4f", "next_inst_addr": "0", "branch_taken": true},
{"event": "branch", "inst_addr": "0x56511c06de87", "next_inst_addr": "0", "branch_taken": true},
{"event": "branch", "inst_addr": "0x56511c06dbe9", "next_inst_addr": "0", "branch_taken": true},
{"event": "branch", "inst_addr": "0x56511c06dc1c", "next_inst_addr": "0", "branch_taken": false},
{"event": "branch", "inst_addr": "0x56511c06dc22", "next_inst_addr": "0", "branch_taken": false},
{"event": "branch", "inst_addr": "0x56511c06dc4f", "next_inst_addr": "0", "branch_taken": true},
{"event": "branch", "inst_addr": "0x56511c06de87", "next_inst_addr": "0", "branch_taken": true},
{"event": "branch", "inst_addr": "0x56511c06dbe9", "next_inst_addr": "0", "branch_taken": false},
{"event": "branch", "inst_addr": "0x56511c06dbef", "next_inst_addr": "0", "branch_taken": false},
{"event": "branch", "inst_addr": "0x56511c06d93e", "next_inst_addr": "0", "branch_taken": true},
{"event": "branch", "inst_addr": "0x56511c06dc13", "next_inst_addr": "0", "branch_taken": true},
{"event": "branch", "inst_addr": "0x56511c06de87", "next_inst_addr": "0", "branch_taken": true},
{"event": "branch", "inst_addr": "0x56511c06dbe9", "next_inst_addr": "0", "branch_taken": true},
{"event": "branch", "inst_addr": "0x56511c06dc1c", "next_inst_addr": "0", "branch_taken": false},
{"event": "branch", "inst_addr": "0x56511c06dc22", "next_inst_addr": "0", "branch_taken": false},
{"event": "branch", "inst_addr": "0x56511c06dc4f", "next_inst_addr": "0", "branch_taken": true},
{"event": "branch", "inst_addr": "0x56511c06de87", "next_inst_addr": "0", "branch_taken": true},
{"event": "branch", "inst_addr": "0x56511c06dbe9", "next_inst_addr": "0", "branch_taken": true},
{"event": "branch", "inst_addr": "0x56511c06dc1c", "next_inst_addr": "0", "branch_taken": false},
{"event": "branch", "inst_addr": "0x56511c06dc22", "next_inst_addr": "0", "branch_taken": false},
{"event": "branch", "inst_addr": "0x56511c06dc4f", "next_inst_addr": "0", "branch_taken": true},
{"event": "branch", "inst_addr": "0x56511c06de87", "next_inst_addr": "0", "branch_taken": true},
{"event": "branch", "inst_addr": "0x56511c06dbe9", "next_inst_addr": "0", "branch_taken": true},
{"event": "branch", "inst_addr": "0x56511c06dc1c", "next_inst_addr": "0", "branch_taken": false},
{"event": "branch", "inst_addr": "0x56511c06dc22", "next_inst_addr": "0", "branch_taken": false},
{"event": "branch", "inst_addr": "0x56511c06dc4f", "next_inst_addr": "0", "branch_taken": true},
{"event": "branch", "inst_addr": "0x56511c06de87", "next_inst_addr": "0", "branch_taken": true},
{"event": "branch", "inst_addr": "0x56511c06dbe9", "next_inst_addr": "0", "branch_taken": false},
{"event": "branch", "inst_addr": "0x56511c06dbef", "next_inst_addr": "0", "branch_taken": false},
{"event": "branch", "inst_addr": "0x56511c06d93e", "next_inst_addr": "0", "branch_taken": true},
{"event": "branch", "inst_addr": "0x56511c06dc13", "next_inst_addr": "0", "branch_taken": true},
{"event": "branch", "inst_addr": "0x56511c06de87", "next_inst_addr": "0", "branch_taken": true},
{"event": "branch", "inst_addr": "0x56511c06dbe9", "next_inst_addr": "0", "branch_taken": true},
{"event": "branch", "inst_addr": "0x56511c06dc1c", "next_inst_addr": "0", "branch_taken": false},
{"event": "branch", "inst_addr": "0x56511c06dc22", "next_inst_addr": "0", "branch_taken": true},
{"event": "branch", "inst_addr": "0x56511c06dc58", "next_inst_addr": "0", "branch_taken": true},
{"event": "branch", "inst_addr": "0x56511c06dcaf", "next_inst_addr": "0", "branch_taken": true},
{"event": "branch", "inst_addr": "0x56511c06dd06", "next_inst_addr": "0", "branch_taken": true},
{"event": "branch", "inst_addr": "0x56511c06dd5d", "next_inst_addr": "0", "branch_taken": false},
{"event": "branch", "inst_addr": "0x56511c06d8dc", "next_inst_addr": "0", "branch_taken": true},
{"event": "branch", "inst_addr": "0x56511c06d8dc", "next_inst_addr": "0", "branch_taken": true},
{"event": "branch", "inst_addr": "0x56511c06d93e", "next_inst_addr": "0", "branch_taken": true},
{"event": "branch", "inst_addr": "0x56511c06ddab", "next_inst_addr": "0", "branch_taken": true},
{"event": "branch", "inst_addr": "0x56511c06de87", "next_inst_addr": "0", "branch_taken": true},
{"event": "branch", "inst_addr": "0x56511c06dbe9", "next_inst_addr": "0", "branch_taken": true},
{"event": "branch", "inst_addr": "0x56511c06dc1c", "next_inst_addr": "0", "branch_taken": false},
{"event": "branch", "inst_addr": "0x56511c06dc22", "next_inst_addr": "0", "branch_taken": true},
{"event": "branch", "inst_addr": "0x56511c06dc58", "next_inst_addr": "0", "branch_taken": true},
{"event": "branch", "inst_addr": "0x56511c06dcaf", "next_inst_addr": "0", "branch_taken": true},
{"event": "branch", "inst_addr": "0x56511c06dd06", "next_inst_addr": "0", "branch_taken": true},
{"event": "branch", "inst_addr": "0x56511c06dd5d", "next_inst_addr": "0", "branch_taken": false},
{"event": "branch", "inst_addr": "0x56511c06d8dc", "next_inst_addr": "0", "branch_taken": true},
{"event": "branch", "inst_addr": "0x56511c06d8dc", "next_inst_addr": "0", "branch_taken": true},
{"event": "branch", "inst_addr": "0x56511c06d93e", "next_inst_addr": "0", "branch_taken": true},
{"event": "branch", "inst_addr": "0x56511c06ddab", "next_inst_addr": "0", "branch_taken": true},
{"event": "branch", "inst_addr": "0x56511c06de87", "next_inst_addr": "0", "branch_taken": true},
{"event": "branch", "inst_addr": "0x56511c06dbe9", "next_inst_addr": "0", "branch_taken": true},
{"event": "branch", "inst_addr": "0x56511c06dc1c", "next_inst_addr": "0", "branch_taken": true},
{"event": "branch", "inst_addr": "0x56511c06dc58", "next_inst_addr": "0", "branch_taken": true},
{"event": "branch", "inst_addr": "0x56511c06dcaf", "next_inst_addr": "0", "branch_taken": false},
{"event": "branch", "inst_addr": "0x56511c06d8dc", "next_inst_addr": "0", "branch_taken": true},
{"event": "branch", "inst_addr": "0x56511c06d8dc", "next_inst_addr": "0", "branch_taken": true},
{"event": "branch", "inst_addr": "0x56511c06d93e", "next_inst_addr": "0", "branch_taken": true},
{"event": "branch", "inst_addr": "0x56511c06dcfd", "next_inst_addr": "0", "branch_taken": true},
{"event": "branch", "inst_addr": "0x56511c06de87", "next_inst_addr": "0", "branch_taken": true},
{"event": "branch", "inst_addr": "0x56511c06dbe9", "next_inst_addr": "0", "branch_taken": true},
{"event": "branch", "inst_addr": "0x56511c06dc1c", "next_inst_addr": "0", "branch_taken": false},
{"event": "branch", "inst_addr": "0x56511c06dc22", "next_inst_addr": "0", "branch_taken": false},
{"event": "branch", "inst_addr": "0x56511c06dc4f", "next_inst_addr": "0", "branch_taken": true},
{"event": "branch", "inst_addr": "0x56511c06de87", "next_inst_addr": "0", "branch_taken": true},
{"event": "branch", "inst_addr": "0x56511c06dbe9", "next_inst_addr": "0", "branch_taken": true},
{"event": "branch", "inst_addr": "0x56511c06dc1c", "next_inst_addr": "0", "branch_taken": false},
{"event": "branch", "inst_addr": "0x56511c06dc22", "next_inst_addr": "0", "branch_taken": false},
{"event": "branch", "inst_addr": "0x56511c06dc4f", "next_inst_addr": "0", "branch_taken": true},
{"event": "branch", "inst_addr": "0x56511c06de87", "next_inst_addr": "0", "branch_taken": true},
{"event": "branch", "inst_addr": "0x56511c06dbe9", "next_inst_addr": "0", "branch_taken": true},
{"event": "branch", "inst_addr": "0x56511c06dc1c", "next_inst_addr": "0", "branch_taken": false},
{"event": "branch", "inst_addr": "0x56511c06dc22", "next_inst_addr": "0", "branch_taken": false},
{"event": "branch", "inst_addr": "0x56511c06dc4f", "next_inst_addr": "0", "branch_taken": true},
{"event": "branch", "inst_addr": "0x56511c06de87", "next_inst_addr": "0", "branch_taken": true},
{"event": "branch", "inst_addr": "0x56511c06dbe9", "next_inst_addr": "0", "branch_taken": false},
{"event": "branch", "inst_addr": "0x56511c06dbef", "next_inst_addr": "0", "branch_taken": false},
{"event": "branch", "inst_addr": "0x56511c06d93e", "next_inst_addr": "0", "branch_taken": true},
{"event": "branch", "inst_addr": "0x56511c06dc13", "next_inst_addr": "0", "branch_taken": true},
{"event": "branch", "inst_addr": "0x56511c06de87", "next_inst_addr": "0", "branch_taken": true},
{"event": "branch", "inst_addr": "0x56511c06dbe9", "next_inst_addr": "0", "branch_taken": true},
{"event": "branch", "inst_addr": "0x56511c06dc1c", "next_inst_addr": "0", "branch_taken": false},
{"event": "branch", "inst_addr": "0x56511c06dc22", "next_inst_addr": "0", "branch_taken": false},
{"event": "branch", "inst_addr": "0x56511c06dc4f", "next_inst_addr": "0", "branch_taken": true},
{"event": "branch", "inst_addr": "0x56511c06de87", "next_inst_addr": "0", "branch_taken": true},
{"event": "branch", "inst_addr": "0x56511c06dbe9", "next_inst_addr": "0", "branch_taken": true},
{"event": "branch", "inst_addr": "0x56511c06dc1c", "next_inst_addr": "0", "branch_taken": false},
{"event": "branch", "inst_addr": "0x56511c06dc22", "next_inst_addr": "0", "branch_taken": false},
{"event": "branch", "inst_addr": "0x56511c06dc4f", "next_inst_addr": "0", "branch_taken": true},
{"event": "branch", "inst_addr": "0x56511c06de87", "next_inst_addr": "0", "branch_taken": true},
{"event": "branch", "inst_addr": "0x56511c06dbe9", "next_inst_addr": "0", "branch_taken": true},
{"event": "branch", "inst_addr": "0x56511c06dc1c", "next_inst_addr": "0", "branch_taken": false},
{"event": "branch", "inst_addr": "0x56511c06dc22", "next_inst_addr": "0", "branch_taken": false},
{"event": "branch", "inst_addr": "0x56511c06dc4f", "next_inst_addr": "0", "branch_taken": true},
{"event": "branch", "inst_addr": "0x56511c06de87", "next_inst_addr": "0", "branch_taken": true},
{"event": "branch", "inst_addr": "0x56511c06dbe9", "next_inst_addr": "0", "branch_taken": false},
{"event": "branch", "inst_addr": "0x56511c06dbef", "next_inst_addr": "0", "branch_taken": false},
{"event": "branch", "inst_addr": "0x56511c06d93e", "next_inst_addr": "0", "branch_taken": true},
{"event": "branch", "inst_addr": "0x56511c06dc13", "next_inst_addr": "0", "branch_taken": true},
{"event": "branch", "inst_addr": "0x56511c06de87", "next_inst_addr": "0", "branch_taken": true},
{"event": "branch", "inst_addr": "0x56511c06dbe9", "next_inst_addr": "0", "branch_taken": true},
{"event": "branch", "inst_addr": "0x56511c06dc1c", "next_inst_addr": "0", "branch_taken": false},
{"event": "branch", "inst_addr": "0x56511c06dc22", "next_inst_addr": "0", "branch_taken": false},
{"event": "branch", "inst_addr": "0x56511c06dc4f", "next_inst_addr": "0", "branch_taken": true},
{"event": "branch", "inst_addr": "0x56511c06de87", "next_inst_addr": "0", "branch_taken": true},
{"event": "branch", "inst_addr": "0x56511c06dbe9", "next_inst_addr": "0", "branch_taken": true},
{"event": "branch", "inst_addr": "0x56511c06dc1c", "next_inst_addr": "0", "branch_taken": false},
{"event": "branch", "inst_addr": "0x56511c06dc22", "next_inst_addr": "0", "branch_taken": false},
{"event": "branch", "inst_addr": "0x56511c06dc4f", "next_inst_addr": "0", "branch_taken": true},
{"event": "branch", "inst_addr": "0x56511c06de87", "next_inst_addr": "0", "branch_taken": true},
{"event": "branch", "inst_addr": "0x56511c06dbe9", "next_inst_addr": "0", "branch_taken": true},
{"event": "branch", "inst_addr": "0x56511c06dc1c", "next_inst_addr": "0", "branch_taken": false},
{"event": "branch", "inst_addr": "0x56511c06dc22", "next_inst_addr": "0", "branch_taken": false},
{"event": "branch", "inst_addr": "0x56511c06dc4f", "next_inst_addr": "0", "branch_taken": true},
{"event": "branch", "inst_addr": "0x56511c06de87", "next_inst_addr": "0", "branch_taken": true},
{"event": "branch", "inst_addr": "0x56511c06dbe9", "next_inst_addr": "0", "branch_taken": false},
{"event": "branch", "inst_addr": "0x56511c06dbef", "next_inst_addr": "0", "branch_taken": false},
{"event": "branch", "inst_addr": "0x56511c06d93e", "next_inst_addr": "0", "branch_taken": true},
{"event": "branch", "inst_addr": "0x56511c06dc13", "next_inst_addr": "0", "branch_taken": true},
{"event": "branch", "inst_addr": "0x56511c06de87", "next_inst_addr": "0", "branch_taken": true},
{"event": "branch", "inst_addr": "0x56511c06dbe9", "next_inst_addr": "0", "branch_taken": true},
{"event": "branch", "inst_addr": "0x56511c06dc1c", "next_inst_addr": "0", "branch_taken": false},
{"event": "branch", "inst_addr": "0x56511c06dc22", "next_inst_addr": "0", "branch_taken": false},
{"event": "branch", "inst_addr": "0x56511c06dc4f", "next_inst_addr": "0", "branch_taken": true},
{"event": "branch", "inst_addr": "0x56511c06de87", "next_inst_addr": "0", "branch_taken": true},
{"event": "branch", "inst_addr": "0x56511c06dbe9", "next_inst_addr": "0", "branch_taken": true},
{"event": "branch", "inst_addr": "0x56511c06dc1c", "next_inst_addr": "0", "branch_taken": false},
{"event": "branch", "inst_addr": "0x56511c06dc22", "next_inst_addr": "0", "branch_taken": false},
{"event": "branch", "inst_addr": "0x56511c06dc4f", "next_inst_addr": "0", "branch_taken": true},
{"event": "branch", "inst_addr": "0x56511c06de87", "next_inst_addr": "0", "branch_taken": true},
{"event": "branch", "inst_addr": "0x56511c06dbe9", "next_inst_addr": "0", "branch_taken": true},
{"event": "branch", "inst_addr": "0x56511c06dc1c", "next_inst_addr": "0", "branch_taken": false},
{"event": "branch", "inst_addr": "0x56511c06dc22", "next_inst_addr": "0", "branch_taken": false},
{"event": "branch", "inst_addr": "0x56511c06dc4f", "next_inst_addr": "0", "branch_taken": true},
{"event": "branch", "inst_addr": "0x56511c06de87", "next_inst_addr": "0", "branch_taken": true},
{"event": "branch", "inst_addr": "0x56511c06dbe9", "next_inst_addr": "0", "branch_taken": false},
{"event": "branch", "inst_addr": "0x56511c06dbef", "next_inst_addr": "0", "branch_taken": false},
{"event": "branch", "inst_addr": "0x56511c06d93e", "next_inst_addr": "0", "branch_taken": true},
{"event": "branch", "inst_addr": "0x56511c06dc13", "next_inst_addr": "0", "branch_taken": true},
{"event": "branch", "inst_addr": "0x56511c06de87", "next_inst_addr": "0", "branch_taken": true},
{"event": "branch", "inst_addr": "0x56511c06dbe9", "next_inst_addr": "0", "branch_taken": true},
{"event": "branch", "inst_addr": "0x56511c06dc1c", "next_inst_addr": "0", "branch_taken": false},
{"event": "branch", "inst_addr": "0x56511c06dc22", "next_inst_addr": "0", "branch_taken": false},
{"event": "branch", "inst_addr": "0x56511c06dc4f", "next_inst_addr": "0", "branch_taken": true},
{"event": "branch", "inst_addr": "0x56511c06de87", "next_inst_addr": "0", "branch_taken": true},
{"event": "branch", "inst_addr": "0x56511c06dbe9", "next_inst_addr": "0", "branch_taken": true},
{"event": "branch", "inst_addr": "0x56511c06dc1c", "next_inst_addr": "0", "branch_taken": false},
{"event": "branch", "inst_addr": "0x56511c06dc22", "next_inst_addr": "0", "branch_taken": false},
{"event": "branch", "inst_addr": "0x56511c06dc4f", "next_inst_addr": "0", "branch_taken": true},
{"event": "branch", "inst_addr": "0x56511c06de87", "next_inst_addr": "0", "branch_taken": true},
{"event": "branch", "inst_addr": "0x56511c06dbe9", "next_inst_addr": "0", "branch_taken": true},
{"event": "branch", "inst_addr": "0x56511c06dc1c", "next_inst_addr": "0", "branch_taken": false},
{"event": "branch", "inst_addr": "0x56511c06dc22", "next_inst_addr": "0", "branch_taken": false},
{"event": "branch", "inst_addr": "0x56511c06dc4f", "next_inst_addr": "0", "branch_taken": true},
{"event": "branch", "inst_addr": "0x56511c06de87", "next_inst_addr": "0", "branch_taken": true},
{"event": "branch", "inst_addr": "0x56511c06dbe9", "next_inst_addr": "0", "branch_taken": false},
{"event": "branch", "inst_addr": "0x56511c06dbef", "next_inst_addr": "0", "branch_taken": false},
{"event": "branch", "inst_addr": "0x56511c06d93e", "next_inst_addr": "0", "branch_taken": true},
{"event": "branch", "inst_addr": "0x56511c06dc13", "next_inst_addr": "0", "branch_taken": true},
{"event": "branch", "inst_addr": "0x56511c06de87", "next_inst_addr": "0", "branch_taken": true},
{"event": "branch", "inst_addr": "0x56511c06dbe9", "next_inst_addr": "0", "branch_taken": true},
{"event": "branch", "inst_addr": "0x56511c06dc1c", "next_inst_addr": "0", "branch_taken": true},
{"event": "branch", "inst_addr": "0x56511c06dc58", "next_inst_addr": "0", "branch_taken": true},
{"event": "branch", "inst_addr": "0x56511c06dcaf", "next_inst_addr": "0", "branch_taken": false},
{"event": "branch", "inst_addr": "0x56511c06d8dc", "next_inst_addr": "0", "branch_taken": true},
{"event": "branch", "inst_addr": "0x56511c06d8dc", "next_inst_addr": "0", "branch_taken": true},
{"event": "branch", "inst_addr": "0x56511c06d93e", "next_inst_addr": "0", "branch_taken": true},
{"event": "branch", "inst_addr": "0x56511c06dcfd", "next_inst_addr": "0", "branch_taken": true},
{"event": "branch", "inst_addr": "0x56511c06de87", "next_inst_addr": "0", "branch_taken": true},
{"event": "branch", "inst_addr": "0x56511c06dbe9", "next_inst_addr": "0", "branch_taken": true},
{"event": "branch", "inst_addr": "0x56511c06dc1c", "next_inst_addr": "0", "branch_taken": true},
{"event": "branch", "inst_addr": "0x56511c06dc58", "next_inst_addr": "0", "branch_taken": false},
{"event": "branch", "inst_addr": "0x56511c06d8dc", "next_inst_addr": "0", "branch_taken": true},
{"event": "branch", "inst_addr": "0x56511c06d8dc", "next_inst_addr": "0", "branch_taken": true},
{"event": "branch", "inst_addr": "0x56511c06da0b", "next_inst_addr": "0", "branch_taken": true},
{"event": "branch", "inst_addr": "0x56511c06da1f", "next_inst_addr": "0", "branch_taken": true},
{"event": "branch", "inst_addr": "0x56511c06da1f", "next_inst_addr": "0", "branch_taken": true},
{"event": "branch", "inst_addr": "0x56511c06da1f", "next_inst_addr": "0", "branch_taken": true},
{"event": "branch", "inst_addr": "0x56511c06da1f", "next_inst_addr": "0", "branch_taken": false},
{"event": "branch", "inst_addr": "0x56511c06d93e", "next_inst_addr": "0", "branch_taken": true},
{"event": "branch", "inst_addr": "0x56511c06dca6", "next_inst_addr": "0", "branch_taken": true},
{"event": "branch", "inst_addr": "0x56511c06de87", "next_inst_addr": "0", "branch_taken": true},
{"event": "branch", "inst_addr": "0x56511c06dbe9", "next_inst_addr": "0", "branch_taken": true},
{"event": "branch", "inst_addr": "0x56511c06dc1c", "next_inst_addr": "0", "branch_taken": true},
{"event": "branch", "inst_addr": "0x56511c06dc58", "next_inst_addr": "0", "branch_taken": true},
{"event": "branch", "inst_addr": "0x56511c06dcaf", "next_inst_addr": "0", "branch_taken": false},
{"event": "branch", "inst_addr": "0x56511c06d8dc", "next_inst_addr": "0", "branch_taken": true},
{"event": "branch", "inst_addr": "0x56511c06d8dc", "next_inst_addr": "0", "branch_taken": true},
{"event": "branch", "inst_addr": "0x56511c06d93e", "next_inst_addr": "0", "branch_taken": true},
{"event": "branch", "inst_addr": "0x56511c06dcfd", "next_inst_addr": "0", "branch_taken": true},
{"event": "branch", "inst_addr": "0x56511c06de87", "next_inst_addr": "0", "branch_taken": true},
{"event": "branch", "inst_addr": "0x56511c06dbe9", "next_inst_addr": "0", "branch_taken": true},
{"event": "branch", "inst_addr": "0x56511c06dc1c", "next_inst_addr": "0", "branch_taken": false},
{"event": "branch", "inst_addr": "0x56511c06dc22", "next_inst_addr": "0", "branch_taken": true},
{"event": "branch", "inst_addr": "0x56511c06dc58", "next_inst_addr": "0", "branch_taken": true},
{"event": "branch", "inst_addr": "0x56511c06dcaf", "next_inst_addr": "0", "branch_taken": true},
{"event": "branch", "inst_addr": "0x56511c06dd06", "next_inst_addr": "0", "branch_taken": true},
{"event": "branch", "inst_addr": "0x56511c06dd5d", "next_inst_addr": "0", "branch_taken": true},
{"event": "branch", "inst_addr": "0x56511c06ddb4", "next_inst_addr": "0", "branch_taken": false},
{"event": "branch", "inst_addr": "0x56511c06d8dc", "next_inst_addr": "0", "branch_taken": true},
{"event": "branch", "inst_addr": "0x56511c06d8dc", "next_inst_addr": "0", "branch_taken": true},
{"event": "branch", "inst_addr": "0x56511c06d93e", "next_inst_addr": "0", "branch_taken": true},
{"event": "branch", "inst_addr": "0x56511c06de02", "next_inst_addr": "0", "branch_taken": true},
{"event": "branch", "inst_addr": "0x56511c06de87", "next_inst_addr": "0", "branch_taken": true},
{"event": "branch", "inst_addr": "0x56511c06dbe9", "next_inst_addr": "0", "branch_taken": true},
{"event": "branch", "inst_addr": "0x56511c06dc1c", "next_inst_addr": "0", "branch_taken": true},
{"event": "branch", "inst_addr": "0x56511c06dc58", "next_inst_addr": "0", "branch_taken": false},
{"event": "branch", "inst_addr": "0x56511c06d8dc", "next_inst_addr": "0", "branch_taken": true},
{"event": "branch", "inst_addr": "0x56511c06d8dc", "next_inst_addr": "0", "branch_taken": true},
{"event": "branch", "inst_addr": "0x56511c06da0b", "next_inst_addr": "0", "branch_taken": true},
{"event": "branch", "inst_addr": "0x56511c06da1f", "next_inst_addr": "0", "branch_taken": true},
{"event": "branch", "inst_addr": "0x56511c06da1f", "next_inst_addr": "0", "branch_taken": true},
{"event": "branch", "inst_addr": "0x56511c06da1f", "next_inst_addr": "0", "branch_taken": true},
{"event": "branch", "inst_addr": "0x56511c06da1f", "next_inst_addr": "0", "branch_taken": true},
{"event": "branch", "inst_addr": "0x56511c06da1f", "next_inst_addr": "0", "branch_taken": true},
{"event": "branch", "inst_addr": "0x56511c06da1f", "next_inst_addr": "0", "branch_taken": true},
{"event": "branch", "inst_addr": "0x56511c06da1f", "next_inst_addr": "0", "branch_taken": true},
{"event": "branch", "inst_addr": "0x56511c06da1f", "next_inst_addr": "0", "branch_taken": true},
{"event": "branch", "inst_addr": "0x56511c06da1f", "next_inst_addr": "0", "branch_taken": false},
{"event": "branch", "inst_addr": "0x56511c06d93e", "next_inst_addr": "0", "branch_taken": true},
{"event": "branch", "inst_addr": "0x56511c06dca6", "next_inst_addr": "0", "branch_taken": true},
{"event": "branch", "inst_addr": "0x56511c06de87", "next_inst_addr": "0", "branch_taken": true},
{"event": "branch", "inst_addr": "0x56511c06dbe9", "next_inst_addr": "0", "branch_taken": true},
{"event": "branch", "inst_addr": "0x56511c06dc1c", "next_inst_addr": "0", "branch_taken": false},
{"event": "branch", "inst_addr": "0x56511c06dc22", "next_inst_addr": "0", "branch_taken": false},
{"event": "branch", "inst_addr": "0x56511c06dc4f", "next_inst_addr": "0", "branch_taken": true},
{"event": "branch", "inst_addr": "0x56511c06de87", "next_inst_addr": "0", "branch_taken": true},
{"event": "branch", "inst_addr": "0x56511c06dbe9", "next_inst_addr": "0", "branch_taken": true},
{"event": "branch", "inst_addr": "0x56511c06dc1c", "next_inst_addr": "0", "branch_taken": false},
{"event": "branch", "inst_addr": "0x56511c06dc22", "next_inst_addr": "0", "branch_taken": false},
{"event": "branch", "inst_addr": "0x56511c06dc4f", "next_inst_addr": "0", "branch_taken": true},
{"event": "branch", "inst_addr": "0x56511c06de87", "next_inst_addr": "0", "branch_taken": true},
{"event": "branch", "inst_addr": "0x56511c06dbe9", "next_inst_addr": "0", "branch_taken": true},
{"event": "branch", "inst_addr": "0x56511c06dc1c", "next_inst_addr": "0", "branch_taken": false},
{"event": "branch", "inst_addr": "0x56511c06dc22", "next_inst_addr": "0", "branch_taken": false},
{"event": "branch", "inst_addr": "0x56511c06dc4f", "next_inst_addr": "0", "branch_taken": true},
{"event": "branch", "inst_addr": "0x56511c06de87", "next_inst_addr": "0", "branch_taken": true},
{"event": "branch", "inst_addr": "0x56511c06dbe9", "next_inst_addr": "0", "branch_taken": false},
{"event": "branch", "inst_addr": "0x56511c06dbef", "next_inst_addr": "0", "branch_taken": false},
{"event": "branch", "inst_addr": "0x56511c06d93e", "next_inst_addr": "0", "branch_taken": true},
{"event": "branch", "inst_addr": "0x56511c06dc13", "next_inst_addr": "0", "branch_taken": true},
{"event": "branch", "inst_addr": "0x56511c06de87", "next_inst_addr": "0", "branch_taken": true},
{"event": "branch", "inst_addr": "0x56511c06dbe9", "next_inst_addr": "0", "branch_taken": true},
{"event": "branch", "inst_addr": "0x56511c06dc1c", "next_inst_addr": "0", "branch_taken": false},
{"event": "branch", "inst_addr": "0x56511c06dc22", "next_inst_addr": "0", "branch_taken": false},
{"event": "branch", "inst_addr": "0x56511c06dc4f", "next_inst_addr": "0", "branch_taken": true},
{"event": "branch", "inst_addr": "0x56511c06de87", "next_inst_addr": "0", "branch_taken": true},
{"event": "branch", "inst_addr": "0x56511c06dbe9", "next_inst_addr": "0", "branch_taken": true},
{"event": "branch", "inst_addr": "0x56511c06dc1c", "next_inst_addr": "0", "branch_taken": false},
{"event": "branch", "inst_addr": "0x56511c06dc22", "next_inst_addr": "0", "branch_taken": false},
{"event": "branch", "inst_addr": "0x56511c06dc4f", "next_inst_addr": "0", "branch_taken": true},
{"event": "branch", "inst_addr": "0x56511c06de87", "next_inst_addr": "0", "branch_taken": true},
{"event": "branch", "inst_addr": "0x56511c06dbe9", "next_inst_addr": "0", "branch_taken": true},
{"event": "branch", "inst_addr": "0x56511c06dc1c", "next_inst_addr": "0", "branch_taken": false},
{"event": "branch", "inst_addr": "0x56511c06dc22", "next_inst_addr": "0", "branch_taken": false},
{"event": "branch", "inst_addr": "0x56511c06dc4f", "next_inst_addr": "0", "branch_taken": true},
{"event": "branch", "inst_addr": "0x56511c06de87", "next_inst_addr": "0", "branch_taken": true},
{"event": "branch", "inst_addr": "0x56511c06dbe9", "next_inst_addr": "0", "branch_taken": false},
{"event": "branch", "inst_addr": "0x56511c06dbef", "next_inst_addr": "0", "branch_taken": false},
{"event": "branch", "inst_addr": "0x56511c06d93e", "next_inst_addr": "0", "branch_taken": true},
{"event": "branch", "inst_addr": "0x56511c06dc13", "next_inst_addr": "0", "branch_taken": true},
{"event": "branch", "inst_addr": "0x56511c06de87", "next_inst_addr": "0", "branch_taken": true},
{"event": "branch", "inst_addr": "0x56511c06dbe9", "next_inst_addr": "0", "branch_taken": true},
{"event": "branch", "inst_addr": "0x56511c06dc1c", "next_inst_addr": "0", "branch_taken": false},
{"event": "branch", "inst_addr": "0x56511c06dc22", "next_inst_addr": "0", "branch_taken": false},
{"event": "branch", "inst_addr": "0x56511c06dc4f", "next_inst_addr": "0", "branch_taken": true},
{"event": "branch", "inst_addr": "0x56511c06de87", "next_inst_addr": "0", "branch_taken": true},
{"event": "branch", "inst_addr": "0x56511c06dbe9", "next_inst_addr": "0", "branch_taken": true},
{"event": "branch", "inst_addr": "0x56511c06dc1c", "next_inst_addr": "0", "branch_taken": false},
{"event": "branch", "inst_addr": "0x56511c06dc22", "next_inst_addr": "0", "branch_taken": false},
{"event": "branch", "inst_addr": "0x56511c06dc4f", "next_inst_addr": "0", "branch_taken": true},
{"event": "branch", "inst_addr": "0x56511c06de87", "next_inst_addr": "0", "branch_taken": true},
{"event": "branch", "inst_addr": "0x56511c06dbe9", "next_inst_addr": "0", "branch_taken": true},
{"event": "branch", "inst_addr": "0x56511c06dc1c", "next_inst_addr": "0", "branch_taken": false},
{"event": "branch", "inst_addr": "0x56511c06dc22", "next_inst_addr": "0", "branch_taken": false},
{"event": "branch", "inst_addr": "0x56511c06dc4f", "next_inst_addr": "0", "branch_taken": true},
{"event": "branch", "inst_addr": "0x56511c06de87", "next_inst_addr": "0", "branch_taken": true},
{"event": "branch", "inst_addr": "0x56511c06dbe9", "next_inst_addr": "0", "branch_taken": false},
{"event": "branch", "inst_addr": "0x56511c06dbef", "next_inst_addr": "0", "branch_taken": false},
{"event": "branch", "inst_addr": "0x56511c06d93e", "next_inst_addr": "0", "branch_taken": true},
{"event": "branch", "inst_addr": "0x56511c06dc13", "next_inst_addr": "0", "branch_taken": true},
{"event": "branch", "inst_addr": "0x56511c06de87", "next_inst_addr": "0", "branch_taken": true},
{"event": "branch", "inst_addr": "0x56511c06dbe9", "next_inst_addr": "0", "branch_taken": true},
{"event": "branch", "inst_addr": "0x56511c06dc1c", "next_inst_addr": "0", "branch_taken": false},
{"event": "branch", "inst_addr": "0x56511c06dc22", "next_inst_addr": "0", "branch_taken": true},
{"event": "branch", "inst_addr": "0x56511c06dc58", "next_inst_addr": "0", "branch_taken": true},
{"event": "branch", "inst_addr": "0x56511c06dcaf", "next_inst_addr": "0", "branch_taken": true},
{"event": "branch", "inst_addr": "0x56511c06dd06", "next_inst_addr": "0", "branch_taken": true},
{"event": "branch", "inst_addr": "0x56511c06dd5d", "next_inst_addr": "0", "branch_taken": false},
{"event": "branch", "inst_addr": "0x56511c06d8dc", "next_inst_addr": "0", "branch_taken": true},
{"event": "branch", "inst_addr": "0x56511c06d8dc", "next_inst_addr": "0", "branch_taken": true},
{"event": "branch", "inst_addr": "0x56511c06d93e", "next_inst_addr": "0", "branch_taken": true},
{"event": "branch", "inst_addr": "0x56511c06ddab", "next_inst_addr": "0", "branch_taken": true},
{"event": "branch", "inst_addr": "0x56511c06de87", "next_inst_addr": "0", "branch_taken": true},
{"event": "branch", "inst_addr": "0x56511c06dbe9", "next_inst_addr": "0", "branch_taken": true},
{"event": "branch", "inst_addr": "0x56511c06dc1c", "next_inst_addr": "0", "branch_taken": false},
{"event": "branch", "inst_addr": "0x56511c06dc22", "next_inst_addr": "0", "branch_taken": true},
{"event": "branch", "inst_addr": "0x56511c06dc58", "next_inst_addr": "0", "branch_taken": true},
{"event": "branch", "inst_addr": "0x56511c06dcaf", "next_inst_addr": "0", "branch_taken": true},
{"event": "branch", "inst_addr": "0x56511c06dd06", "next_inst_addr": "0", "branch_taken": true},
{"event": "branch", "inst_addr": "0x56511c06dd5d", "next_inst_addr": "0", "branch_taken": false},
{"event": "branch", "inst_addr": "0x56511c06d8dc", "next_inst_addr": "0", "branch_taken": true},
{"event": "branch", "inst_addr": "0x56511c06d8dc", "next_inst_addr": "0", "branch_taken": true},
{"event": "branch", "inst_addr": "0x56511c06d93e", "next_inst_addr": "0", "branch_taken": true},
{"event": "branch", "inst_addr": "0x56511c06ddab", "next_inst_addr": "0", "branch_taken": true},
{"event": "branch", "inst_addr": "0x56511c06de87", "next_inst_addr": "0", "branch_taken": true},
{"event": "branch", "inst_addr": "0x56511c06dbe9", "next_inst_addr": "0", "branch_taken": true},
{"event": "branch", "inst_addr": "0x56511c06dc1c", "next_inst_addr": "0", "branch_taken": true},
{"event": "branch", "inst_addr": "0x56511c06dc58", "next_inst_addr": "0", "branch_taken": true},
{"event": "branch", "inst_addr": "0x56511c06dcaf", "next_inst_addr": "0", "branch_taken": true},
{"event": "branch", "inst_addr": "0x56511c06dd06", "next_inst_addr": "0", "branch_taken": false},
{"event": "branch", "inst_addr": "0x56511c06d8dc", "next_inst_addr": "0", "branch_taken": true},
{"event": "branch", "inst_addr": "0x56511c06d8dc", "next_inst_addr": "0", "branch_taken": true},
{"event": "branch", "inst_addr": "0x56511c06da5b", "next_inst_addr": "0", "branch_taken": true},
{"event": "branch", "inst_addr": "0x56511c06da81", "next_inst_addr": "0", "branch_taken": true},
{"event": "branch", "inst_addr": "0x56511c06da0b", "next_inst_addr": "0", "branch_taken": true},
{"event": "branch", "inst_addr": "0x56511c06da1f", "next_inst_addr": "0", "branch_taken": true},
{"event": "branch", "inst_addr": "0x56511c06da1f", "next_inst_addr": "0", "branch_taken": true},
{"event": "branch", "inst_addr": "0x56511c06da1f", "next_inst_addr": "0", "branch_taken": true},
{"event": "branch", "inst_addr": "0x56511c06da1f", "next_inst_addr": "0", "branch_taken": true},
{"event": "branch", "inst_addr": "0x56511c06da1f", "next_inst_addr": "0", "branch_taken": true},
{"event": "branch", "inst_addr": "0x56511c06da1f", "next_inst_addr": "0", "branch_taken": true},
{"event": "branch", "inst_addr": "0x56511c06da1f", "next_inst_addr": "0", "branch_taken": false},
{"event": "branch", "inst_addr": "0x56511c06da81", "next_inst_addr": "0", "branch_taken": false},
{"event": "branch", "inst_addr": "0x56511c06d93e", "next_inst_addr": "0", "branch_taken": true},
{"event": "branch", "inst_addr": "0x56511c06dd54", "next_inst_addr": "0", "branch_taken": true},
{"event": "branch", "inst_addr": "0x56511c06de87", "next_inst_addr": "0", "branch_taken": false},
{"event": "branch", "inst_addr": "0x56511c06d8dc", "next_inst_addr": "0", "branch_taken": true},
{"event": "branch", "inst_addr": "0x56511c06d610", "next_inst_addr": "0", "branch_taken": true},
{"event": "branch", "inst_addr": "0x56511c06d727", "next_inst_addr": "0", "branch_taken": false},
{"event": "branch", "inst_addr": "0x56511c06d735", "next_inst_addr": "0", "branch_taken": false},
{"event": "branch", "inst_addr": "0x56511c06d650", "next_inst_addr": "0", "branch_taken": true},
{"event": "branch", "inst_addr": "0x56511c06d6a5", "next_inst_addr": "0", "branch_taken": true},
{"event": "exit", "exit_code": 0}
]
