[
{"event": "image_load", "image_name": "/home/wataru/Documents/CTF/seccon2019/calc/calc", "image_id": 1, "base_addr": "0x5570ff9ad000", "image_size": "0x1377"},
{"event": "image_load", "image_name": "/lib64/ld-linux-x86-64.so.2", "image_id": 2, "base_addr": "0x7f2700d64000", "image_size": "0x26c23"},
{"event": "image_load", "image_name": "[vdso]", "image_id": 3, "base_addr": "0x7fff28fce000", "image_size": "0x100a"},
{"event": "image_load", "image_name": "/lib/x86_64-linux-gnu/libc.so.6", "image_id": 4, "base_addr": "0x7f26ec585000", "image_size": "0x3f0adf"},
{"event": "branch", "inst_addr": "0x5570ff9ad5de", "next_inst_addr": "0", "branch_taken": true},
{"event": "branch", "inst_addr": "0x5570ff9adf44", "next_inst_addr": "0", "branch_taken": false},
{"event": "branch", "inst_addr": "0x5570ff9ad765", "next_inst_addr": "0", "branch_taken": true},
{"event": "branch", "inst_addr": "0x5570ff9ad6f6", "next_inst_addr": "0", "branch_taken": true},
{"event": "branch", "inst_addr": "0x5570ff9adf64", "next_inst_addr": "0", "branch_taken": false},
{"event": "branch", "inst_addr": "0x5570ff9adeae", "next_inst_addr": "0", "branch_taken": true},
{"event": "branch", "inst_addr": "0x5570ff9ad630", "next_inst_addr": "0", "branch_taken": true},
{"event": "branch", "inst_addr": "0x5570ff9ad620", "next_inst_addr": "0", "branch_taken": true},
{"event": "branch", "inst_addr": "0x5570ff9adbd6", "next_inst_addr": "0", "branch_taken": true},
{"event": "branch", "inst_addr": "0x5570ff9ade87", "next_inst_addr": "0", "branch_taken": true},
{"event": "branch", "inst_addr": "0x5570ff9adbe9", "next_inst_addr": "0", "branch_taken": true},
{"event": "branch", "inst_addr": "0x5570ff9adc1c", "next_inst_addr": "0", "branch_taken": false},
{"event": "branch", "inst_addr": "0x5570ff9adc22", "next_inst_addr": "0", "branch_taken": false},
{"event": "branch", "inst_addr": "0x5570ff9adc4f", "next_inst_addr": "0", "branch_taken": true},
{"event": "branch", "inst_addr": "0x5570ff9ade87", "next_inst_addr": "0", "branch_taken": true},
{"event": "branch", "inst_addr": "0x5570ff9adbe9", "next_inst_addr": "0", "branch_taken": true},
{"event": "branch", "inst_addr": "0x5570ff9adc1c", "next_inst_addr": "0", "branch_taken": false},
{"event": "branch", "inst_addr": "0x5570ff9adc22", "next_inst_addr": "0", "branch_taken": false},
{"event": "branch", "inst_addr": "0x5570ff9adc4f", "next_inst_addr": "0", "branch_taken": true},
{"event": "branch", "inst_addr": "0x5570ff9ade87", "next_inst_addr": "0", "branch_taken": true},
{"event": "branch", "inst_addr": "0x5570ff9adbe9", "next_inst_addr": "0", "branch_taken": true},
{"event": "branch", "inst_addr": "0x5570ff9adc1c", "next_inst_addr": "0", "branch_taken": false},
{"event": "branch", "inst_addr": "0x5570ff9adc22", "next_inst_addr": "0", "branch_taken": false},
{"event": "branch", "inst_addr": "0x5570ff9adc4f", "next_inst_addr": "0", "branch_taken": true},
{"event": "branch", "inst_addr": "0x5570ff9ade87", "next_inst_addr": "0", "branch_taken": true},
{"event": "branch", "inst_addr": "0x5570ff9adbe9", "next_inst_addr": "0", "branch_taken": false},
{"event": "branch", "inst_addr": "0x5570ff9adbef", "next_inst_addr": "0", "branch_taken": false},
{"event": "branch", "inst_addr": "0x5570ff9ad93e", "next_inst_addr": "0", "branch_taken": true},
{"event": "branch", "inst_addr": "0x5570ff9adc13", "next_inst_addr": "0", "branch_taken": true},
{"event": "branch", "inst_addr": "0x5570ff9ade87", "next_inst_addr": "0", "branch_taken": true},
{"event": "branch", "inst_addr": "0x5570ff9adbe9", "next_inst_addr": "0", "branch_taken": true},
{"event": "branch", "inst_addr": "0x5570ff9adc1c", "next_inst_addr": "0", "branch_taken": false},
{"event": "branch", "inst_addr": "0x5570ff9adc22", "next_inst_addr": "0", "branch_taken": false},
{"event": "branch", "inst_addr": "0x5570ff9adc4f", "next_inst_addr": "0", "branch_taken": true},
{"event": "branch", "inst_addr": "0x5570ff9ade87", "next_inst_addr": "0", "branch_taken": true},
{"event": "branch", "inst_addr": "0x5570ff9adbe9", "next_inst_addr": "0", "branch_taken": true},
{"event": "branch", "inst_addr": "0x5570ff9adc1c", "next_inst_addr": "0", "branch_taken": false},
{"event": "branch", "inst_addr": "0x5570ff9adc22", "next_inst_addr": "0", "branch_taken": false},
{"event": "branch", "inst_addr": "0x5570ff9adc4f", "next_inst_addr": "0", "branch_taken": true},
{"event": "branch", "inst_addr": "0x5570ff9ade87", "next_inst_addr": "0", "branch_taken": true},
{"event": "branch", "inst_addr": "0x5570ff9adbe9", "next_inst_addr": "0", "branch_taken": true},
{"event": "branch", "inst_addr": "0x5570ff9adc1c", "next_inst_addr": "0", "branch_taken": false},
{"event": "branch", "inst_addr": "0x5570ff9adc22", "next_inst_addr": "0", "branch_taken": false},
{"event": "branch", "inst_addr": "0x5570ff9adc4f", "next_inst_addr": "0", "branch_taken": true},
{"event": "branch", "inst_addr": "0x5570ff9ade87", "next_inst_addr": "0", "branch_taken": true},
{"event": "branch", "inst_addr": "0x5570ff9adbe9", "next_inst_addr": "0", "branch_taken": false},
{"event": "branch", "inst_addr": "0x5570ff9adbef", "next_inst_addr": "0", "branch_taken": false},
{"event": "branch", "inst_addr": "0x5570ff9ad93e", "next_inst_addr": "0", "branch_taken": true},
{"event": "branch", "inst_addr": "0x5570ff9adc13", "next_inst_addr": "0", "branch_taken": true},
{"event": "branch", "inst_addr": "0x5570ff9ade87", "next_inst_addr": "0", "branch_taken": true},
{"event": "branch", "inst_addr": "0x5570ff9adbe9", "next_inst_addr": "0", "branch_taken": true},
{"event": "branch", "inst_addr": "0x5570ff9adc1c", "next_inst_addr": "0", "branch_taken": false},
{"event": "branch", "inst_addr": "0x5570ff9adc22", "next_inst_addr": "0", "branch_taken": false},
{"event": "branch", "inst_addr": "0x5570ff9adc4f", "next_inst_addr": "0", "branch_taken": true},
{"event": "branch", "inst_addr": "0x5570ff9ade87", "next_inst_addr": "0", "branch_taken": true},
{"event": "branch", "inst_addr": "0x5570ff9adbe9", "next_inst_addr": "0", "branch_taken": true},
{"event": "branch", "inst_addr": "0x5570ff9adc1c", "next_inst_addr": "0", "branch_taken": false},
{"event": "branch", "inst_addr": "0x5570ff9adc22", "next_inst_addr": "0", "branch_taken": false},
{"event": "branch", "inst_addr": "0x5570ff9adc4f", "next_inst_addr": "0", "branch_taken": true},
{"event": "branch", "inst_addr": "0x5570ff9ade87", "next_inst_addr": "0", "branch_taken": true},
{"event": "branch", "inst_addr": "0x5570ff9adbe9", "next_inst_addr": "0", "branch_taken": true},
{"event": "branch", "inst_addr": "0x5570ff9adc1c", "next_inst_addr": "0", "branch_taken": false},
{"event": "branch", "inst_addr": "0x5570ff9adc22", "next_inst_addr": "0", "branch_taken": false},
{"event": "branch", "inst_addr": "0x5570ff9adc4f", "next_inst_addr": "0", "branch_taken": true},
{"event": "branch", "inst_addr": "0x5570ff9ade87", "next_inst_addr": "0", "branch_taken": true},
{"event": "branch", "inst_addr": "0x5570ff9adbe9", "next_inst_addr": "0", "branch_taken": false},
{"event": "branch", "inst_addr": "0x5570ff9adbef", "next_inst_addr": "0", "branch_taken": false},
{"event": "branch", "inst_addr": "0x5570ff9ad93e", "next_inst_addr": "0", "branch_taken": true},
{"event": "branch", "inst_addr": "0x5570ff9adc13", "next_inst_addr": "0", "branch_taken": true},
{"event": "branch", "inst_addr": "0x5570ff9ade87", "next_inst_addr": "0", "branch_taken": true},
{"event": "branch", "inst_addr": "0x5570ff9adbe9", "next_inst_addr": "0", "branch_taken": true},
{"event": "branch", "inst_addr": "0x5570ff9adc1c", "next_inst_addr": "0", "branch_taken": false},
{"event": "branch", "inst_addr": "0x5570ff9adc22", "next_inst_addr": "0", "branch_taken": false},
{"event": "branch", "inst_addr": "0x5570ff9adc4f", "next_inst_addr": "0", "branch_taken": true},
{"event": "branch", "inst_addr": "0x5570ff9ade87", "next_inst_addr": "0", "branch_taken": true},
{"event": "branch", "inst_addr": "0x5570ff9adbe9", "next_inst_addr": "0", "branch_taken": true},
{"event": "branch", "inst_addr": "0x5570ff9adc1c", "next_inst_addr": "0", "branch_taken": false},
{"event": "branch", "inst_addr": "0x5570ff9adc22", "next_inst_addr": "0", "branch_taken": false},
{"event": "branch", "inst_addr": "0x5570ff9adc4f", "next_inst_addr": "0", "branch_taken": true},
{"event": "branch", "inst_addr": "0x5570ff9ade87", "next_inst_addr": "0", "branch_taken": true},
{"event": "branch", "inst_addr": "0x5570ff9adbe9", "next_inst_addr": "0", "branch_taken": true},
{"event": "branch", "inst_addr": "0x5570ff9adc1c", "next_inst_addr": "0", "branch_taken": false},
{"event": "branch", "inst_addr": "0x5570ff9adc22", "next_inst_addr": "0", "branch_taken": false},
{"event": "branch", "inst_addr": "0x5570ff9adc4f", "next_inst_addr": "0", "branch_taken": true},
{"event": "branch", "inst_addr": "0x5570ff9ade87", "next_inst_addr": "0", "branch_taken": true},
{"event": "branch", "inst_addr": "0x5570ff9adbe9", "next_inst_addr": "0", "branch_taken": false},
{"event": "branch", "inst_addr": "0x5570ff9adbef", "next_inst_addr": "0", "branch_taken": false},
{"event": "branch", "inst_addr": "0x5570ff9ad93e", "next_inst_addr": "0", "branch_taken": true},
{"event": "branch", "inst_addr": "0x5570ff9adc13", "next_inst_addr": "0", "branch_taken": true},
{"event": "branch", "inst_addr": "0x5570ff9ade87", "next_inst_addr": "0", "branch_taken": true},
{"event": "branch", "inst_addr": "0x5570ff9adbe9", "next_inst_addr": "0", "branch_taken": true},
{"event": "branch", "inst_addr": "0x5570ff9adc1c", "next_inst_addr": "0", "branch_taken": false},
{"event": "branch", "inst_addr": "0x5570ff9adc22", "next_inst_addr": "0", "branch_taken": false},
{"event": "branch", "inst_addr": "0x5570ff9adc4f", "next_inst_addr": "0", "branch_taken": true},
{"event": "branch", "inst_addr": "0x5570ff9ade87", "next_inst_addr": "0", "branch_taken": true},
{"event": "branch", "inst_addr": "0x5570ff9adbe9", "next_inst_addr": "0", "branch_taken": true},
{"event": "branch", "inst_addr": "0x5570ff9adc1c", "next_inst_addr": "0", "branch_taken": false},
{"event": "branch", "inst_addr": "0x5570ff9adc22", "next_inst_addr": "0", "branch_taken": false},
{"event": "branch", "inst_addr": "0x5570ff9adc4f", "next_inst_addr": "0", "branch_taken": true},
{"event": "branch", "inst_addr": "0x5570ff9ade87", "next_inst_addr": "0", "branch_taken": true},
{"event": "branch", "inst_addr": "0x5570ff9adbe9", "next_inst_addr": "0", "branch_taken": true},
{"event": "branch", "inst_addr": "0x5570ff9adc1c", "next_inst_addr": "0", "branch_taken": false},
{"event": "branch", "inst_addr": "0x5570ff9adc22", "next_inst_addr": "0", "branch_taken": false},
{"event": "branch", "inst_addr": "0x5570ff9adc4f", "next_inst_addr": "0", "branch_taken": true},
{"event": "branch", "inst_addr": "0x5570ff9ade87", "next_inst_addr": "0", "branch_taken": true},
{"event": "branch", "inst_addr": "0x5570ff9adbe9", "next_inst_addr": "0", "branch_taken": false},
{"event": "branch", "inst_addr": "0x5570ff9adbef", "next_inst_addr": "0", "branch_taken": false},
{"event": "branch", "inst_addr": "0x5570ff9ad93e", "next_inst_addr": "0", "branch_taken": true},
{"event": "branch", "inst_addr": "0x5570ff9adc13", "next_inst_addr": "0", "branch_taken": true},
{"event": "branch", "inst_addr": "0x5570ff9ade87", "next_inst_addr": "0", "branch_taken": true},
{"event": "branch", "inst_addr": "0x5570ff9adbe9", "next_inst_addr": "0", "branch_taken": true},
{"event": "branch", "inst_addr": "0x5570ff9adc1c", "next_inst_addr": "0", "branch_taken": false},
{"event": "branch", "inst_addr": "0x5570ff9adc22", "next_inst_addr": "0", "branch_taken": false},
{"event": "branch", "inst_addr": "0x5570ff9adc4f", "next_inst_addr": "0", "branch_taken": true},
{"event": "branch", "inst_addr": "0x5570ff9ade87", "next_inst_addr": "0", "branch_taken": true},
{"event": "branch", "inst_addr": "0x5570ff9adbe9", "next_inst_addr": "0", "branch_taken": true},
{"event": "branch", "inst_addr": "0x5570ff9adc1c", "next_inst_addr": "0", "branch_taken": false},
{"event": "branch", "inst_addr": "0x5570ff9adc22", "next_inst_addr": "0", "branch_taken": false},
{"event": "branch", "inst_addr": "0x5570ff9adc4f", "next_inst_addr": "0", "branch_taken": true},
{"event": "branch", "inst_addr": "0x5570ff9ade87", "next_inst_addr": "0", "branch_taken": true},
{"event": "branch", "inst_addr": "0x5570ff9adbe9", "next_inst_addr": "0", "branch_taken": true},
{"event": "branch", "inst_addr": "0x5570ff9adc1c", "next_inst_addr": "0", "branch_taken": false},
{"event": "branch", "inst_addr": "0x5570ff9adc22", "next_inst_addr": "0", "branch_taken": false},
{"event": "branch", "inst_addr": "0x5570ff9adc4f", "next_inst_addr": "0", "branch_taken": true},
{"event": "branch", "inst_addr": "0x5570ff9ade87", "next_inst_addr": "0", "branch_taken": true},
{"event": "branch", "inst_addr": "0x5570ff9adbe9", "next_inst_addr": "0", "branch_taken": true},
{"event": "branch", "inst_addr": "0x5570ff9adc1c", "next_inst_addr": "0", "branch_taken": false},
{"event": "branch", "inst_addr": "0x5570ff9adc22", "next_inst_addr": "0", "branch_taken": false},
{"event": "branch", "inst_addr": "0x5570ff9adc4f", "next_inst_addr": "0", "branch_taken": true},
{"event": "branch", "inst_addr": "0x5570ff9ade87", "next_inst_addr": "0", "branch_taken": true},
{"event": "branch", "inst_addr": "0x5570ff9adbe9", "next_inst_addr": "0", "branch_taken": false},
{"event": "branch", "inst_addr": "0x5570ff9adbef", "next_inst_addr": "0", "branch_taken": false},
{"event": "branch", "inst_addr": "0x5570ff9ad93e", "next_inst_addr": "0", "branch_taken": true},
{"event": "branch", "inst_addr": "0x5570ff9adc13", "next_inst_addr": "0", "branch_taken": true},
{"event": "branch", "inst_addr": "0x5570ff9ade87", "next_inst_addr": "0", "branch_taken": true},
{"event": "branch", "inst_addr": "0x5570ff9adbe9", "next_inst_addr": "0", "branch_taken": true},
{"event": "branch", "inst_addr": "0x5570ff9adc1c", "next_inst_addr": "0", "branch_taken": false},
{"event": "branch", "inst_addr": "0x5570ff9adc22", "next_inst_addr": "0", "branch_taken": false},
{"event": "branch", "inst_addr": "0x5570ff9adc4f", "next_inst_addr": "0", "branch_taken": true},
{"event": "branch", "inst_addr": "0x5570ff9ade87", "next_inst_addr": "0", "branch_taken": true},
{"event": "branch", "inst_addr": "0x5570ff9adbe9", "next_inst_addr": "0", "branch_taken": true},
{"event": "branch", "inst_addr": "0x5570ff9adc1c", "next_inst_addr": "0", "branch_taken": false},
{"event": "branch", "inst_addr": "0x5570ff9adc22", "next_inst_addr": "0", "branch_taken": false},
{"event": "branch", "inst_addr": "0x5570ff9adc4f", "next_inst_addr": "0", "branch_taken": true},
{"event": "branch", "inst_addr": "0x5570ff9ade87", "next_inst_addr": "0", "branch_taken": true},
{"event": "branch", "inst_addr": "0x5570ff9adbe9", "next_inst_addr": "0", "branch_taken": true},
{"event": "branch", "inst_addr": "0x5570ff9adc1c", "next_inst_addr": "0", "branch_taken": false},
{"event": "branch", "inst_addr": "0x5570ff9adc22", "next_inst_addr": "0", "branch_taken": false},
{"event": "branch", "inst_addr": "0x5570ff9adc4f", "next_inst_addr": "0", "branch_taken": true},
{"event": "branch", "inst_addr": "0x5570ff9ade87", "next_inst_addr": "0", "branch_taken": true},
{"event": "branch", "inst_addr": "0x5570ff9adbe9", "next_inst_addr": "0", "branch_taken": false},
{"event": "branch", "inst_addr": "0x5570ff9adbef", "next_inst_addr": "0", "branch_taken": false},
{"event": "branch", "inst_addr": "0x5570ff9ad93e", "next_inst_addr": "0", "branch_taken": true},
{"event": "branch", "inst_addr": "0x5570ff9adc13", "next_inst_addr": "0", "branch_taken": true},
{"event": "branch", "inst_addr": "0x5570ff9ade87", "next_inst_addr": "0", "branch_taken": true},
{"event": "branch", "inst_addr": "0x5570ff9adbe9", "next_inst_addr": "0", "branch_taken": true},
{"event": "branch", "inst_addr": "0x5570ff9adc1c", "next_inst_addr": "0", "branch_taken": true},
{"event": "branch", "inst_addr": "0x5570ff9adc58", "next_inst_addr": "0", "branch_taken": true},
{"event": "branch", "inst_addr": "0x5570ff9adcaf", "next_inst_addr": "0", "branch_taken": false},
{"event": "branch", "inst_addr": "0x5570ff9ad8dc", "next_inst_addr": "0", "branch_taken": true},
{"event": "branch", "inst_addr": "0x5570ff9ad8dc", "next_inst_addr": "0", "branch_taken": true},
{"event": "branch", "inst_addr": "0x5570ff9ad93e", "next_inst_addr": "0", "branch_taken": true},
{"event": "branch", "inst_addr": "0x5570ff9adcfd", "next_inst_addr": "0", "branch_taken": true},
{"event": "branch", "inst_addr": "0x5570ff9ade87", "next_inst_addr": "0", "branch_taken": true},
{"event": "branch", "inst_addr": "0x5570ff9adbe9", "next_inst_addr": "0", "branch_taken": true},
{"event": "branch", "inst_addr": "0x5570ff9adc1c", "next_inst_addr": "0", "branch_taken": true},
{"event": "branch", "inst_addr": "0x5570ff9adc58", "next_inst_addr": "0", "branch_taken": true},
{"event": "branch", "inst_addr": "0x5570ff9adcaf", "next_inst_addr": "0", "branch_taken": false},
{"event": "branch", "inst_addr": "0x5570ff9ad8dc", "next_inst_addr": "0", "branch_taken": true},
{"event": "branch", "inst_addr": "0x5570ff9ad8dc", "next_inst_addr": "0", "branch_taken": true},
{"event": "branch", "inst_addr": "0x5570ff9ad93e", "next_inst_addr": "0", "branch_taken": true},
{"event": "branch", "inst_addr": "0x5570ff9adcfd", "next_inst_addr": "0", "branch_taken": true},
{"event": "branch", "inst_addr": "0x5570ff9ade87", "next_inst_addr": "0", "branch_taken": true},
{"event": "branch", "inst_addr": "0x5570ff9adbe9", "next_inst_addr": "0", "branch_taken": true},
{"event": "branch", "inst_addr": "0x5570ff9adc1c", "next_inst_addr": "0", "branch_taken": false},
{"event": "branch", "inst_addr": "0x5570ff9adc22", "next_inst_addr": "0", "branch_taken": false},
{"event": "branch", "inst_addr": "0x5570ff9adc4f", "next_inst_addr": "0", "branch_taken": true},
{"event": "branch", "inst_addr": "0x5570ff9ade87", "next_inst_addr": "0", "branch_taken": true},
{"event": "branch", "inst_addr": "0x5570ff9adbe9", "next_inst_addr": "0", "branch_taken": true},
{"event": "branch", "inst_addr": "0x5570ff9adc1c", "next_inst_addr": "0", "branch_taken": false},
{"event": "branch", "inst_addr": "0x5570ff9adc22", "next_inst_addr": "0", "branch_taken": false},
{"event": "branch", "inst_addr": "0x5570ff9adc4f", "next_inst_addr": "0", "branch_taken": true},
{"event": "branch", "inst_addr": "0x5570ff9ade87", "next_inst_addr": "0", "branch_taken": true},
{"event": "branch", "inst_addr": "0x5570ff9adbe9", "next_inst_addr": "0", "branch_taken": true},
{"event": "branch", "inst_addr": "0x5570ff9adc1c", "next_inst_addr": "0", "branch_taken": false},
{"event": "branch", "inst_addr": "0x5570ff9adc22", "next_inst_addr": "0", "branch_taken": false},
{"event": "branch", "inst_addr": "0x5570ff9adc4f", "next_inst_addr": "0", "branch_taken": true},
{"event": "branch", "inst_addr": "0x5570ff9ade87", "next_inst_addr": "0", "branch_taken": true},
{"event": "branch", "inst_addr": "0x5570ff9adbe9", "next_inst_addr": "0", "branch_taken": false},
{"event": "branch", "inst_addr": "0x5570ff9adbef", "next_inst_addr": "0", "branch_taken": false},
{"event": "branch", "inst_addr": "0x5570ff9ad93e", "next_inst_addr": "0", "branch_taken": true},
{"event": "branch", "inst_addr": "0x5570ff9adc13", "next_inst_addr": "0", "branch_taken": true},
{"event": "branch", "inst_addr": "0x5570ff9ade87", "next_inst_addr": "0", "branch_taken": true},
{"event": "branch", "inst_addr": "0x5570ff9adbe9", "next_inst_addr": "0", "branch_taken": true},
{"event": "branch", "inst_addr": "0x5570ff9adc1c", "next_inst_addr": "0", "branch_taken": false},
{"event": "branch", "inst_addr": "0x5570ff9adc22", "next_inst_addr": "0", "branch_taken": false},
{"event": "branch", "inst_addr": "0x5570ff9adc4f", "next_inst_addr": "0", "branch_taken": true},
{"event": "branch", "inst_addr": "0x5570ff9ade87", "next_inst_addr": "0", "branch_taken": true},
{"event": "branch", "inst_addr": "0x5570ff9adbe9", "next_inst_addr": "0", "branch_taken": true},
{"event": "branch", "inst_addr": "0x5570ff9adc1c", "next_inst_addr": "0", "branch_taken": false},
{"event": "branch", "inst_addr": "0x5570ff9adc22", "next_inst_addr": "0", "branch_taken": false},
{"event": "branch", "inst_addr": "0x5570ff9adc4f", "next_inst_addr": "0", "branch_taken": true},
{"event": "branch", "inst_addr": "0x5570ff9ade87", "next_inst_addr": "0", "branch_taken": true},
{"event": "branch", "inst_addr": "0x5570ff9adbe9", "next_inst_addr": "0", "branch_taken": true},
{"event": "branch", "inst_addr": "0x5570ff9adc1c", "next_inst_addr": "0", "branch_taken": false},
{"event": "branch", "inst_addr": "0x5570ff9adc22", "next_inst_addr": "0", "branch_taken": false},
{"event": "branch", "inst_addr": "0x5570ff9adc4f", "next_inst_addr": "0", "branch_taken": true},
{"event": "branch", "inst_addr": "0x5570ff9ade87", "next_inst_addr": "0", "branch_taken": true},
{"event": "branch", "inst_addr": "0x5570ff9adbe9", "next_inst_addr": "0", "branch_taken": false},
{"event": "branch", "inst_addr": "0x5570ff9adbef", "next_inst_addr": "0", "branch_taken": false},
{"event": "branch", "inst_addr": "0x5570ff9ad93e", "next_inst_addr": "0", "branch_taken": true},
{"event": "branch", "inst_addr": "0x5570ff9adc13", "next_inst_addr": "0", "branch_taken": true},
{"event": "branch", "inst_addr": "0x5570ff9ade87", "next_inst_addr": "0", "branch_taken": true},
{"event": "branch", "inst_addr": "0x5570ff9adbe9", "next_inst_addr": "0", "branch_taken": true},
{"event": "branch", "inst_addr": "0x5570ff9adc1c", "next_inst_addr": "0", "branch_taken": false},
{"event": "branch", "inst_addr": "0x5570ff9adc22", "next_inst_addr": "0", "branch_taken": false},
{"event": "branch", "inst_addr": "0x5570ff9adc4f", "next_inst_addr": "0", "branch_taken": true},
{"event": "branch", "inst_addr": "0x5570ff9ade87", "next_inst_addr": "0", "branch_taken": true},
{"event": "branch", "inst_addr": "0x5570ff9adbe9", "next_inst_addr": "0", "branch_taken": true},
{"event": "branch", "inst_addr": "0x5570ff9adc1c", "next_inst_addr": "0", "branch_taken": false},
{"event": "branch", "inst_addr": "0x5570ff9adc22", "next_inst_addr": "0", "branch_taken": false},
{"event": "branch", "inst_addr": "0x5570ff9adc4f", "next_inst_addr": "0", "branch_taken": true},
{"event": "branch", "inst_addr": "0x5570ff9ade87", "next_inst_addr": "0", "branch_taken": true},
{"event": "branch", "inst_addr": "0x5570ff9adbe9", "next_inst_addr": "0", "branch_taken": true},
{"event": "branch", "inst_addr": "0x5570ff9adc1c", "next_inst_addr": "0", "branch_taken": false},
{"event": "branch", "inst_addr": "0x5570ff9adc22", "next_inst_addr": "0", "branch_taken": false},
{"event": "branch", "inst_addr": "0x5570ff9adc4f", "next_inst_addr": "0", "branch_taken": true},
{"event": "branch", "inst_addr": "0x5570ff9ade87", "next_inst_addr": "0", "branch_taken": true},
{"event": "branch", "inst_addr": "0x5570ff9adbe9", "next_inst_addr": "0", "branch_taken": false},
{"event": "branch", "inst_addr": "0x5570ff9adbef", "next_inst_addr": "0", "branch_taken": false},
{"event": "branch", "inst_addr": "0x5570ff9ad93e", "next_inst_addr": "0", "branch_taken": true},
{"event": "branch", "inst_addr": "0x5570ff9adc13", "next_inst_addr": "0", "branch_taken": true},
{"event": "branch", "inst_addr": "0x5570ff9ade87", "next_inst_addr": "0", "branch_taken": true},
{"event": "branch", "inst_addr": "0x5570ff9adbe9", "next_inst_addr": "0", "branch_taken": true},
{"event": "branch", "inst_addr": "0x5570ff9adc1c", "next_inst_addr": "0", "branch_taken": true},
{"event": "branch", "inst_addr": "0x5570ff9adc58", "next_inst_addr": "0", "branch_taken": true},
{"event": "branch", "inst_addr": "0x5570ff9adcaf", "next_inst_addr": "0", "branch_taken": false},
{"event": "branch", "inst_addr": "0x5570ff9ad8dc", "next_inst_addr": "0", "branch_taken": true},
{"event": "branch", "inst_addr": "0x5570ff9ad8dc", "next_inst_addr": "0", "branch_taken": true},
{"event": "branch", "inst_addr": "0x5570ff9ad93e", "next_inst_addr": "0", "branch_taken": true},
{"event": "branch", "inst_addr": "0x5570ff9adcfd", "next_inst_addr": "0", "branch_taken": true},
{"event": "branch", "inst_addr": "0x5570ff9ade87", "next_inst_addr": "0", "branch_taken": true},
{"event": "branch", "inst_addr": "0x5570ff9adbe9", "next_inst_addr": "0", "branch_taken": true},
{"event": "branch", "inst_addr": "0x5570ff9adc1c", "next_inst_addr": "0", "branch_taken": false},
{"event": "branch", "inst_addr": "0x5570ff9adc22", "next_inst_addr": "0", "branch_taken": false},
{"event": "branch", "inst_addr": "0x5570ff9adc4f", "next_inst_addr": "0", "branch_taken": true},
{"event": "branch", "inst_addr": "0x5570ff9ade87", "next_inst_addr": "0", "branch_taken": true},
{"event": "branch", "inst_addr": "0x5570ff9adbe9", "next_inst_addr": "0", "branch_taken": true},
{"event": "branch", "inst_addr": "0x5570ff9adc1c", "next_inst_addr": "0", "branch_taken": false},
{"event": "branch", "inst_addr": "0x5570ff9adc22", "next_inst_addr": "0", "branch_taken": false},
{"event": "branch", "inst_addr": "0x5570ff9adc4f", "next_inst_addr": "0", "branch_taken": true},
{"event": "branch", "inst_addr": "0x5570ff9ade87", "next_inst_addr": "0", "branch_taken": true},
{"event": "branch", "inst_addr": "0x5570ff9adbe9", "next_inst_addr": "0", "branch_taken": true},
{"event": "branch", "inst_addr": "0x5570ff9adc1c", "next_inst_addr": "0", "branch_taken": false},
{"event": "branch", "inst_addr": "0x5570ff9adc22", "next_inst_addr": "0", "branch_taken": false},
{"event": "branch", "inst_addr": "0x5570ff9adc4f", "next_inst_addr": "0", "branch_taken": true},
{"event": "branch", "inst_addr": "0x5570ff9ade87", "next_inst_addr": "0", "branch_taken": true},
{"event": "branch", "inst_addr": "0x5570ff9adbe9", "next_inst_addr": "0", "branch_taken": false},
{"event": "branch", "inst_addr": "0x5570ff9adbef", "next_inst_addr": "0", "branch_taken": false},
{"event": "branch", "inst_addr": "0x5570ff9ad93e", "next_inst_addr": "0", "branch_taken": true},
{"event": "branch", "inst_addr": "0x5570ff9adc13", "next_inst_addr": "0", "branch_taken": true},
{"event": "branch", "inst_addr": "0x5570ff9ade87", "next_inst_addr": "0", "branch_taken": true},
{"event": "branch", "inst_addr": "0x5570ff9adbe9", "next_inst_addr": "0", "branch_taken": true},
{"event": "branch", "inst_addr": "0x5570ff9adc1c", "next_inst_addr": "0", "branch_taken": false},
{"event": "branch", "inst_addr": "0x5570ff9adc22", "next_inst_addr": "0", "branch_taken": false},
{"event": "branch", "inst_addr": "0x5570ff9adc4f", "next_inst_addr": "0", "branch_taken": true},
{"event": "branch", "inst_addr": "0x5570ff9ade87", "next_inst_addr": "0", "branch_taken": true},
{"event": "branch", "inst_addr": "0x5570ff9adbe9", "next_inst_addr": "0", "branch_taken": true},
{"event": "branch", "inst_addr": "0x5570ff9adc1c", "next_inst_addr": "0", "branch_taken": false},
{"event": "branch", "inst_addr": "0x5570ff9adc22", "next_inst_addr": "0", "branch_taken": false},
{"event": "branch", "inst_addr": "0x5570ff9adc4f", "next_inst_addr": "0", "branch_taken": true},
{"event": "branch", "inst_addr": "0x5570ff9ade87", "next_inst_addr": "0", "branch_taken": true},
{"event": "branch", "inst_addr": "0x5570ff9adbe9", "next_inst_addr": "0", "branch_taken": true},
{"event": "branch", "inst_addr": "0x5570ff9adc1c", "next_inst_addr": "0", "branch_taken": false},
{"event": "branch", "inst_addr": "0x5570ff9adc22", "next_inst_addr": "0", "branch_taken": false},
{"event": "branch", "inst_addr": "0x5570ff9adc4f", "next_inst_addr": "0", "branch_taken": true},
{"event": "branch", "inst_addr": "0x5570ff9ade87", "next_inst_addr": "0", "branch_taken": true},
{"event": "branch", "inst_addr": "0x5570ff9adbe9", "next_inst_addr": "0", "branch_taken": false},
{"event": "branch", "inst_addr": "0x5570ff9adbef", "next_inst_addr": "0", "branch_taken": false},
{"event": "branch", "inst_addr": "0x5570ff9ad93e", "next_inst_addr": "0", "branch_taken": true},
{"event": "branch", "inst_addr": "0x5570ff9adc13", "next_inst_addr": "0", "branch_taken": true},
{"event": "branch", "inst_addr": "0x5570ff9ade87", "next_inst_addr": "0", "branch_taken": true},
{"event": "branch", "inst_addr": "0x5570ff9adbe9", "next_inst_addr": "0", "branch_taken": true},
{"event": "branch", "inst_addr": "0x5570ff9adc1c", "next_inst_addr": "0", "branch_taken": false},
{"event": "branch", "inst_addr": "0x5570ff9adc22", "next_inst_addr": "0", "branch_taken": false},
{"event": "branch", "inst_addr": "0x5570ff9adc4f", "next_inst_addr": "0", "branch_taken": true},
{"event": "branch", "inst_addr": "0x5570ff9ade87", "next_inst_addr": "0", "branch_taken": true},
{"event": "branch", "inst_addr": "0x5570ff9adbe9", "next_inst_addr": "0", "branch_taken": true},
{"event": "branch", "inst_addr": "0x5570ff9adc1c", "next_inst_addr": "0", "branch_taken": false},
{"event": "branch", "inst_addr": "0x5570ff9adc22", "next_inst_addr": "0", "branch_taken": false},
{"event": "branch", "inst_addr": "0x5570ff9adc4f", "next_inst_addr": "0", "branch_taken": true},
{"event": "branch", "inst_addr": "0x5570ff9ade87", "next_inst_addr": "0", "branch_taken": true},
{"event": "branch", "inst_addr": "0x5570ff9adbe9", "next_inst_addr": "0", "branch_taken": true},
{"event": "branch", "inst_addr": "0x5570ff9adc1c", "next_inst_addr": "0", "branch_taken": false},
{"event": "branch", "inst_addr": "0x5570ff9adc22", "next_inst_addr": "0", "branch_taken": false},
{"event": "branch", "inst_addr": "0x5570ff9adc4f", "next_inst_addr": "0", "branch_taken": true},
{"event": "branch", "inst_addr": "0x5570ff9ade87", "next_inst_addr": "0", "branch_taken": true},
{"event": "branch", "inst_addr": "0x5570ff9adbe9", "next_inst_addr": "0", "branch_taken": false},
{"event": "branch", "inst_addr": "0x5570ff9adbef", "next_inst_addr": "0", "branch_taken": false},
{"event": "branch", "inst_addr": "0x5570ff9ad93e", "next_inst_addr": "0", "branch_taken": true},
{"event": "branch", "inst_addr": "0x5570ff9adc13", "next_inst_addr": "0", "branch_taken": true},
{"event": "branch", "inst_addr": "0x5570ff9ade87", "next_inst_addr": "0", "branch_taken": true},
{"event": "branch", "inst_addr": "0x5570ff9adbe9", "next_inst_addr": "0", "branch_taken": true},
{"event": "branch", "inst_addr": "0x5570ff9adc1c", "next_inst_addr": "0", "branch_taken": false},
{"event": "branch", "inst_addr": "0x5570ff9adc22", "next_inst_addr": "0", "branch_taken": false},
{"event": "branch", "inst_addr": "0x5570ff9adc4f", "next_inst_addr": "0", "branch_taken": true},
{"event": "branch", "inst_addr": "0x5570ff9ade87", "next_inst_addr": "0", "branch_taken": true},
{"event": "branch", "inst_addr": "0x5570ff9adbe9", "next_inst_addr": "0", "branch_taken": true},
{"event": "branch", "inst_addr": "0x5570ff9adc1c", "next_inst_addr": "0", "branch_taken": false},
{"event": "branch", "inst_addr": "0x5570ff9adc22", "next_inst_addr": "0", "branch_taken": false},
{"event": "branch", "inst_addr": "0x5570ff9adc4f", "next_inst_addr": "0", "branch_taken": true},
{"event": "branch", "inst_addr": "0x5570ff9ade87", "next_inst_addr": "0", "branch_taken": true},
{"event": "branch", "inst_addr": "0x5570ff9adbe9", "next_inst_addr": "0", "branch_taken": true},
{"event": "branch", "inst_addr": "0x5570ff9adc1c", "next_inst_addr": "0", "branch_taken": false},
{"event": "branch", "inst_addr": "0x5570ff9adc22", "next_inst_addr": "0", "branch_taken": false},
{"event": "branch", "inst_addr": "0x5570ff9adc4f", "next_inst_addr": "0", "branch_taken": true},
{"event": "branch", "inst_addr": "0x5570ff9ade87", "next_inst_addr": "0", "branch_taken": true},
{"event": "branch", "inst_addr": "0x5570ff9adbe9", "next_inst_addr": "0", "branch_taken": false},
{"event": "branch", "inst_addr": "0x5570ff9adbef", "next_inst_addr": "0", "branch_taken": false},
{"event": "branch", "inst_addr": "0x5570ff9ad93e", "next_inst_addr": "0", "branch_taken": true},
{"event": "branch", "inst_addr": "0x5570ff9adc13", "next_inst_addr": "0", "branch_taken": true},
{"event": "branch", "inst_addr": "0x5570ff9ade87", "next_inst_addr": "0", "branch_taken": true},
{"event": "branch", "inst_addr": "0x5570ff9adbe9", "next_inst_addr": "0", "branch_taken": true},
{"event": "branch", "inst_addr": "0x5570ff9adc1c", "next_inst_addr": "0", "branch_taken": false},
{"event": "branch", "inst_addr": "0x5570ff9adc22", "next_inst_addr": "0", "branch_taken": false},
{"event": "branch", "inst_addr": "0x5570ff9adc4f", "next_inst_addr": "0", "branch_taken": true},
{"event": "branch", "inst_addr": "0x5570ff9ade87", "next_inst_addr": "0", "branch_taken": true},
{"event": "branch", "inst_addr": "0x5570ff9adbe9", "next_inst_addr": "0", "branch_taken": true},
{"event": "branch", "inst_addr": "0x5570ff9adc1c", "next_inst_addr": "0", "branch_taken": false},
{"event": "branch", "inst_addr": "0x5570ff9adc22", "next_inst_addr": "0", "branch_taken": false},
{"event": "branch", "inst_addr": "0x5570ff9adc4f", "next_inst_addr": "0", "branch_taken": true},
{"event": "branch", "inst_addr": "0x5570ff9ade87", "next_inst_addr": "0", "branch_taken": true},
{"event": "branch", "inst_addr": "0x5570ff9adbe9", "next_inst_addr": "0", "branch_taken": true},
{"event": "branch", "inst_addr": "0x5570ff9adc1c", "next_inst_addr": "0", "branch_taken": false},
{"event": "branch", "inst_addr": "0x5570ff9adc22", "next_inst_addr": "0", "branch_taken": false},
{"event": "branch", "inst_addr": "0x5570ff9adc4f", "next_inst_addr": "0", "branch_taken": true},
{"event": "branch", "inst_addr": "0x5570ff9ade87", "next_inst_addr": "0", "branch_taken": true},
{"event": "branch", "inst_addr": "0x5570ff9adbe9", "next_inst_addr": "0", "branch_taken": false},
{"event": "branch", "inst_addr": "0x5570ff9adbef", "next_inst_addr": "0", "branch_taken": false},
{"event": "branch", "inst_addr": "0x5570ff9ad93e", "next_inst_addr": "0", "branch_taken": true},
{"event": "branch", "inst_addr": "0x5570ff9adc13", "next_inst_addr": "0", "branch_taken": true},
{"event": "branch", "inst_addr": "0x5570ff9ade87", "next_inst_addr": "0", "branch_taken": true},
{"event": "branch", "inst_addr": "0x5570ff9adbe9", "next_inst_addr": "0", "branch_taken": true},
{"event": "branch", "inst_addr": "0x5570ff9adc1c", "next_inst_addr": "0", "branch_taken": true},
{"event": "branch", "inst_addr": "0x5570ff9adc58", "next_inst_addr": "0", "branch_taken": true},
{"event": "branch", "inst_addr": "0x5570ff9adcaf", "next_inst_addr": "0", "branch_taken": false},
{"event": "branch", "inst_addr": "0x5570ff9ad8dc", "next_inst_addr": "0", "branch_taken": true},
{"event": "branch", "inst_addr": "0x5570ff9ad8dc", "next_inst_addr": "0", "branch_taken": true},
{"event": "branch", "inst_addr": "0x5570ff9ad93e", "next_inst_addr": "0", "branch_taken": true},
{"event": "branch", "inst_addr": "0x5570ff9adcfd", "next_inst_addr": "0", "branch_taken": true},
{"event": "branch", "inst_addr": "0x5570ff9ade87", "next_inst_addr": "0", "branch_taken": true},
{"event": "branch", "inst_addr": "0x5570ff9adbe9", "next_inst_addr": "0", "branch_taken": true},
{"event": "branch", "inst_addr": "0x5570ff9adc1c", "next_inst_addr": "0", "branch_taken": true},
{"event": "branch", "inst_addr": "0x5570ff9adc58", "next_inst_addr": "0", "branch_taken": false},
{"event": "branch", "inst_addr": "0x5570ff9ad8dc", "next_inst_addr": "0", "branch_taken": true},
{"event": "branch", "inst_addr": "0x5570ff9ad8dc", "next_inst_addr": "0", "branch_taken": true},
{"event": "branch", "inst_addr": "0x5570ff9ada0b", "next_inst_addr": "0", "branch_taken": true},
{"event": "branch", "inst_addr": "0x5570ff9ada1f", "next_inst_addr": "0", "branch_taken": false},
{"event": "branch", "inst_addr": "0x5570ff9ad93e", "next_inst_addr": "0", "branch_taken": true},
{"event": "branch", "inst_addr": "0x5570ff9adca6", "next_inst_addr": "0", "branch_taken": true},
{"event": "branch", "inst_addr": "0x5570ff9ade87", "next_inst_addr": "0", "branch_taken": true},
{"event": "branch", "inst_addr": "0x5570ff9adbe9", "next_inst_addr": "0", "branch_taken": true},
{"event": "branch", "inst_addr": "0x5570ff9adc1c", "next_inst_addr": "0", "branch_taken": true},
{"event": "branch", "inst_addr": "0x5570ff9adc58", "next_inst_addr": "0", "branch_taken": true},
{"event": "branch", "inst_addr": "0x5570ff9adcaf", "next_inst_addr": "0", "branch_taken": false},
{"event": "branch", "inst_addr": "0x5570ff9ad8dc", "next_inst_addr": "0", "branch_taken": true},
{"event": "branch", "inst_addr": "0x5570ff9ad8dc", "next_inst_addr": "0", "branch_taken": true},
{"event": "branch", "inst_addr": "0x5570ff9ad93e", "next_inst_addr": "0", "branch_taken": true},
{"event": "branch", "inst_addr": "0x5570ff9adcfd", "next_inst_addr": "0", "branch_taken": true},
{"event": "branch", "inst_addr": "0x5570ff9ade87", "next_inst_addr": "0", "branch_taken": true},
{"event": "branch", "inst_addr": "0x5570ff9adbe9", "next_inst_addr": "0", "branch_taken": true},
{"event": "branch", "inst_addr": "0x5570ff9adc1c", "next_inst_addr": "0", "branch_taken": true},
{"event": "branch", "inst_addr": "0x5570ff9adc58", "next_inst_addr": "0", "branch_taken": false},
{"event": "branch", "inst_addr": "0x5570ff9ad8dc", "next_inst_addr": "0", "branch_taken": true},
{"event": "branch", "inst_addr": "0x5570ff9ad8dc", "next_inst_addr": "0", "branch_taken": true},
{"event": "branch", "inst_addr": "0x5570ff9ada0b", "next_inst_addr": "0", "branch_taken": true},
{"event": "branch", "inst_addr": "0x5570ff9ada1f", "next_inst_addr": "0", "branch_taken": false},
{"event": "branch", "inst_addr": "0x5570ff9ad93e", "next_inst_addr": "0", "branch_taken": true},
{"event": "branch", "inst_addr": "0x5570ff9adca6", "next_inst_addr": "0", "branch_taken": true},
{"event": "branch", "inst_addr": "0x5570ff9ade87", "next_inst_addr": "0", "branch_taken": true},
{"event": "branch", "inst_addr": "0x5570ff9adbe9", "next_inst_addr": "0", "branch_taken": true},
{"event": "branch", "inst_addr": "0x5570ff9adc1c", "next_inst_addr": "0", "branch_taken": false},
{"event": "branch", "inst_addr": "0x5570ff9adc22", "next_inst_addr": "0", "branch_taken": false},
{"event": "branch", "inst_addr": "0x5570ff9adc4f", "next_inst_addr": "0", "branch_taken": true},
{"event": "branch", "inst_addr": "0x5570ff9ade87", "next_inst_addr": "0", "branch_taken": true},
{"event": "branch", "inst_addr": "0x5570ff9adbe9", "next_inst_addr": "0", "branch_taken": true},
{"event": "branch", "inst_addr": "0x5570ff9adc1c", "next_inst_addr": "0", "branch_taken": false},
{"event": "branch", "inst_addr": "0x5570ff9adc22", "next_inst_addr": "0", "branch_taken": false},
{"event": "branch", "inst_addr": "0x5570ff9adc4f", "next_inst_addr": "0", "branch_taken": true},
{"event": "branch", "inst_addr": "0x5570ff9ade87", "next_inst_addr": "0", "branch_taken": true},
{"event": "branch", "inst_addr": "0x5570ff9adbe9", "next_inst_addr": "0", "branch_taken": true},
{"event": "branch", "inst_addr": "0x5570ff9adc1c", "next_inst_addr": "0", "branch_taken": false},
{"event": "branch", "inst_addr": "0x5570ff9adc22", "next_inst_addr": "0", "branch_taken": false},
{"event": "branch", "inst_addr": "0x5570ff9adc4f", "next_inst_addr": "0", "branch_taken": true},
{"event": "branch", "inst_addr": "0x5570ff9ade87", "next_inst_addr": "0", "branch_taken": true},
{"event": "branch", "inst_addr": "0x5570ff9adbe9", "next_inst_addr": "0", "branch_taken": false},
{"event": "branch", "inst_addr": "0x5570ff9adbef", "next_inst_addr": "0", "branch_taken": false},
{"event": "branch", "inst_addr": "0x5570ff9ad93e", "next_inst_addr": "0", "branch_taken": true},
{"event": "branch", "inst_addr": "0x5570ff9adc13", "next_inst_addr": "0", "branch_taken": true},
{"event": "branch", "inst_addr": "0x5570ff9ade87", "next_inst_addr": "0", "branch_taken": true},
{"event": "branch", "inst_addr": "0x5570ff9adbe9", "next_inst_addr": "0", "branch_taken": true},
{"event": "branch", "inst_addr": "0x5570ff9adc1c", "next_inst_addr": "0", "branch_taken": false},
{"event": "branch", "inst_addr": "0x5570ff9adc22", "next_inst_addr": "0", "branch_taken": false},
{"event": "branch", "inst_addr": "0x5570ff9adc4f", "next_inst_addr": "0", "branch_taken": true},
{"event": "branch", "inst_addr": "0x5570ff9ade87", "next_inst_addr": "0", "branch_taken": true},
{"event": "branch", "inst_addr": "0x5570ff9adbe9", "next_inst_addr": "0", "branch_taken": true},
{"event": "branch", "inst_addr": "0x5570ff9adc1c", "next_inst_addr": "0", "branch_taken": false},
{"event": "branch", "inst_addr": "0x5570ff9adc22", "next_inst_addr": "0", "branch_taken": false},
{"event": "branch", "inst_addr": "0x5570ff9adc4f", "next_inst_addr": "0", "branch_taken": true},
{"event": "branch", "inst_addr": "0x5570ff9ade87", "next_inst_addr": "0", "branch_taken": true},
{"event": "branch", "inst_addr": "0x5570ff9adbe9", "next_inst_addr": "0", "branch_taken": true},
{"event": "branch", "inst_addr": "0x5570ff9adc1c", "next_inst_addr": "0", "branch_taken": false},
{"event": "branch", "inst_addr": "0x5570ff9adc22", "next_inst_addr": "0", "branch_taken": false},
{"event": "branch", "inst_addr": "0x5570ff9adc4f", "next_inst_addr": "0", "branch_taken": true},
{"event": "branch", "inst_addr": "0x5570ff9ade87", "next_inst_addr": "0", "branch_taken": true},
{"event": "branch", "inst_addr": "0x5570ff9adbe9", "next_inst_addr": "0", "branch_taken": false},
{"event": "branch", "inst_addr": "0x5570ff9adbef", "next_inst_addr": "0", "branch_taken": false},
{"event": "branch", "inst_addr": "0x5570ff9ad93e", "next_inst_addr": "0", "branch_taken": true},
{"event": "branch", "inst_addr": "0x5570ff9adc13", "next_inst_addr": "0", "branch_taken": true},
{"event": "branch", "inst_addr": "0x5570ff9ade87", "next_inst_addr": "0", "branch_taken": true},
{"event": "branch", "inst_addr": "0x5570ff9adbe9", "next_inst_addr": "0", "branch_taken": true},
{"event": "branch", "inst_addr": "0x5570ff9adc1c", "next_inst_addr": "0", "branch_taken": false},
{"event": "branch", "inst_addr": "0x5570ff9adc22", "next_inst_addr": "0", "branch_taken": false},
{"event": "branch", "inst_addr": "0x5570ff9adc4f", "next_inst_addr": "0", "branch_taken": true},
{"event": "branch", "inst_addr": "0x5570ff9ade87", "next_inst_addr": "0", "branch_taken": true},
{"event": "branch", "inst_addr": "0x5570ff9adbe9", "next_inst_addr": "0", "branch_taken": true},
{"event": "branch", "inst_addr": "0x5570ff9adc1c", "next_inst_addr": "0", "branch_taken": false},
{"event": "branch", "inst_addr": "0x5570ff9adc22", "next_inst_addr": "0", "branch_taken": false},
{"event": "branch", "inst_addr": "0x5570ff9adc4f", "next_inst_addr": "0", "branch_taken": true},
{"event": "branch", "inst_addr": "0x5570ff9ade87", "next_inst_addr": "0", "branch_taken": true},
{"event": "branch", "inst_addr": "0x5570ff9adbe9", "next_inst_addr": "0", "branch_taken": true},
{"event": "branch", "inst_addr": "0x5570ff9adc1c", "next_inst_addr": "0", "branch_taken": false},
{"event": "branch", "inst_addr": "0x5570ff9adc22", "next_inst_addr": "0", "branch_taken": false},
{"event": "branch", "inst_addr": "0x5570ff9adc4f", "next_inst_addr": "0", "branch_taken": true},
{"event": "branch", "inst_addr": "0x5570ff9ade87", "next_inst_addr": "0", "branch_taken": true},
{"event": "branch", "inst_addr": "0x5570ff9adbe9", "next_inst_addr": "0", "branch_taken": false},
{"event": "branch", "inst_addr": "0x5570ff9adbef", "next_inst_addr": "0", "branch_taken": false},
{"event": "branch", "inst_addr": "0x5570ff9ad93e", "next_inst_addr": "0", "branch_taken": true},
{"event": "branch", "inst_addr": "0x5570ff9adc13", "next_inst_addr": "0", "branch_taken": true},
{"event": "branch", "inst_addr": "0x5570ff9ade87", "next_inst_addr": "0", "branch_taken": true},
{"event": "branch", "inst_addr": "0x5570ff9adbe9", "next_inst_addr": "0", "branch_taken": true},
{"event": "branch", "inst_addr": "0x5570ff9adc1c", "next_inst_addr": "0", "branch_taken": true},
{"event": "branch", "inst_addr": "0x5570ff9adc58", "next_inst_addr": "0", "branch_taken": true},
{"event": "branch", "inst_addr": "0x5570ff9adcaf", "next_inst_addr": "0", "branch_taken": true},
{"event": "branch", "inst_addr": "0x5570ff9add06", "next_inst_addr": "0", "branch_taken": false},
{"event": "branch", "inst_addr": "0x5570ff9ad8dc", "next_inst_addr": "0", "branch_taken": true},
{"event": "branch", "inst_addr": "0x5570ff9ad8dc", "next_inst_addr": "0", "branch_taken": true},
{"event": "branch", "inst_addr": "0x5570ff9ada5b", "next_inst_addr": "0", "branch_taken": true},
{"event": "branch", "inst_addr": "0x5570ff9ada81", "next_inst_addr": "0", "branch_taken": true},
{"event": "branch", "inst_addr": "0x5570ff9ada0b", "next_inst_addr": "0", "branch_taken": true},
{"event": "branch", "inst_addr": "0x5570ff9ada1f", "next_inst_addr": "0", "branch_taken": true},
{"event": "branch", "inst_addr": "0x5570ff9ada1f", "next_inst_addr": "0", "branch_taken": false},
{"event": "branch", "inst_addr": "0x5570ff9ada81", "next_inst_addr": "0", "branch_taken": true},
{"event": "branch", "inst_addr": "0x5570ff9ada0b", "next_inst_addr": "0", "branch_taken": true},
{"event": "branch", "inst_addr": "0x5570ff9ada1f", "next_inst_addr": "0", "branch_taken": true},
{"event": "branch", "inst_addr": "0x5570ff9ada1f", "next_inst_addr": "0", "branch_taken": false},
{"event": "branch", "inst_addr": "0x5570ff9ada81", "next_inst_addr": "0", "branch_taken": true},
{"event": "branch", "inst_addr": "0x5570ff9ada0b", "next_inst_addr": "0", "branch_taken": true},
{"event": "branch", "inst_addr": "0x5570ff9ada1f", "next_inst_addr": "0", "branch_taken": true},
{"event": "branch", "inst_addr": "0x5570ff9ada1f", "next_inst_addr": "0", "branch_taken": false},
{"event": "branch", "inst_addr": "0x5570ff9ada81", "next_inst_addr": "0", "branch_taken": true},
{"event": "branch", "inst_addr": "0x5570ff9ada0b", "next_inst_addr": "0", "branch_taken": true},
{"event": "branch", "inst_addr": "0x5570ff9ada1f", "next_inst_addr": "0", "branch_taken": true},
{"event": "branch", "inst_addr": "0x5570ff9ada1f", "next_inst_addr": "0", "branch_taken": false},
{"event": "branch", "inst_addr": "0x5570ff9ada81", "next_inst_addr": "0", "branch_taken": true},
{"event": "branch", "inst_addr": "0x5570ff9ada0b", "next_inst_addr": "0", "branch_taken": true},
{"event": "branch", "inst_addr": "0x5570ff9ada1f", "next_inst_addr": "0", "branch_taken": true},
{"event": "branch", "inst_addr": "0x5570ff9ada1f", "next_inst_addr": "0", "branch_taken": false},
{"event": "branch", "inst_addr": "0x5570ff9ada81", "next_inst_addr": "0", "branch_taken": true},
{"event": "branch", "inst_addr": "0x5570ff9ada0b", "next_inst_addr": "0", "branch_taken": true},
{"event": "branch", "inst_addr": "0x5570ff9ada1f", "next_inst_addr": "0", "branch_taken": true},
{"event": "branch", "inst_addr": "0x5570ff9ada1f", "next_inst_addr": "0", "branch_taken": false},
{"event": "branch", "inst_addr": "0x5570ff9ada81", "next_inst_addr": "0", "branch_taken": true},
{"event": "branch", "inst_addr": "0x5570ff9ada0b", "next_inst_addr": "0", "branch_taken": true},
{"event": "branch", "inst_addr": "0x5570ff9ada1f", "next_inst_addr": "0", "branch_taken": true},
{"event": "branch", "inst_addr": "0x5570ff9ada1f", "next_inst_addr": "0", "branch_taken": false},
{"event": "branch", "inst_addr": "0x5570ff9ada81", "next_inst_addr": "0", "branch_taken": true},
{"event": "branch", "inst_addr": "0x5570ff9ada0b", "next_inst_addr": "0", "branch_taken": true},
{"event": "branch", "inst_addr": "0x5570ff9ada1f", "next_inst_addr": "0", "branch_taken": true},
{"event": "branch", "inst_addr": "0x5570ff9ada1f", "next_inst_addr": "0", "branch_taken": false},
{"event": "branch", "inst_addr": "0x5570ff9ada81", "next_inst_addr": "0", "branch_taken": true},
{"event": "branch", "inst_addr": "0x5570ff9ada0b", "next_inst_addr": "0", "branch_taken": true},
{"event": "branch", "inst_addr": "0x5570ff9ada1f", "next_inst_addr": "0", "branch_taken": true},
{"event": "branch", "inst_addr": "0x5570ff9ada1f", "next_inst_addr": "0", "branch_taken": false},
{"event": "branch", "inst_addr": "0x5570ff9ada81", "next_inst_addr": "0", "branch_taken": true},
{"event": "branch", "inst_addr": "0x5570ff9ada0b", "next_inst_addr": "0", "branch_taken": true},
{"event": "branch", "inst_addr": "0x5570ff9ada1f", "next_inst_addr": "0", "branch_taken": true},
{"event": "branch", "inst_addr": "0x5570ff9ada1f", "next_inst_addr": "0", "branch_taken": false},
{"event": "branch", "inst_addr": "0x5570ff9ada81", "next_inst_addr": "0", "branch_taken": true},
{"event": "branch", "inst_addr": "0x5570ff9ada0b", "next_inst_addr": "0", "branch_taken": true},
{"event": "branch", "inst_addr": "0x5570ff9ada1f", "next_inst_addr": "0", "branch_taken": true},
{"event": "branch", "inst_addr": "0x5570ff9ada1f", "next_inst_addr": "0", "branch_taken": false},
{"event": "branch", "inst_addr": "0x5570ff9ada81", "next_inst_addr": "0", "branch_taken": true},
{"event": "branch", "inst_addr": "0x5570ff9ada0b", "next_inst_addr": "0", "branch_taken": true},
{"event": "branch", "inst_addr": "0x5570ff9ada1f", "next_inst_addr": "0", "branch_taken": true},
{"event": "branch", "inst_addr": "0x5570ff9ada1f", "next_inst_addr": "0", "branch_taken": false},
{"event": "branch", "inst_addr": "0x5570ff9ada81", "next_inst_addr": "0", "branch_taken": true},
{"event": "branch", "inst_addr": "0x5570ff9ada0b", "next_inst_addr": "0", "branch_taken": true},
{"event": "branch", "inst_addr": "0x5570ff9ada1f", "next_inst_addr": "0", "branch_taken": true},
{"event": "branch", "inst_addr": "0x5570ff9ada1f", "next_inst_addr": "0", "branch_taken": false},
{"event": "branch", "inst_addr": "0x5570ff9ada81", "next_inst_addr": "0", "branch_taken": true},
{"event": "branch", "inst_addr": "0x5570ff9ada0b", "next_inst_addr": "0", "branch_taken": true},
{"event": "branch", "inst_addr": "0x5570ff9ada1f", "next_inst_addr": "0", "branch_taken": true},
{"event": "branch", "inst_addr": "0x5570ff9ada1f", "next_inst_addr": "0", "branch_taken": false},
{"event": "branch", "inst_addr": "0x5570ff9ada81", "next_inst_addr": "0", "branch_taken": true},
{"event": "branch", "inst_addr": "0x5570ff9ada0b", "next_inst_addr": "0", "branch_taken": true},
{"event": "branch", "inst_addr": "0x5570ff9ada1f", "next_inst_addr": "0", "branch_taken": true},
{"event": "branch", "inst_addr": "0x5570ff9ada1f", "next_inst_addr": "0", "branch_taken": false},
{"event": "branch", "inst_addr": "0x5570ff9ada81", "next_inst_addr": "0", "branch_taken": true},
{"event": "branch", "inst_addr": "0x5570ff9ada0b", "next_inst_addr": "0", "branch_taken": true},
{"event": "branch", "inst_addr": "0x5570ff9ada1f", "next_inst_addr": "0", "branch_taken": true},
{"event": "branch", "inst_addr": "0x5570ff9ada1f", "next_inst_addr": "0", "branch_taken": false},
{"event": "branch", "inst_addr": "0x5570ff9ada81", "next_inst_addr": "0", "branch_taken": true},
{"event": "branch", "inst_addr": "0x5570ff9ada0b", "next_inst_addr": "0", "branch_taken": true},
{"event": "branch", "inst_addr": "0x5570ff9ada1f", "next_inst_addr": "0", "branch_taken": true},
{"event": "branch", "inst_addr": "0x5570ff9ada1f", "next_inst_addr": "0", "branch_taken": false},
{"event": "branch", "inst_addr": "0x5570ff9ada81", "next_inst_addr": "0", "branch_taken": true},
{"event": "branch", "inst_addr": "0x5570ff9ada0b", "next_inst_addr": "0", "branch_taken": true},
{"event": "branch", "inst_addr": "0x5570ff9ada1f", "next_inst_addr": "0", "branch_taken": true},
{"event": "branch", "inst_addr": "0x5570ff9ada1f", "next_inst_addr": "0", "branch_taken": false},
{"event": "branch", "inst_addr": "0x5570ff9ada81", "next_inst_addr": "0", "branch_taken": true},
{"event": "branch", "inst_addr": "0x5570ff9ada0b", "next_inst_addr": "0", "branch_taken": true},
{"event": "branch", "inst_addr": "0x5570ff9ada1f", "next_inst_addr": "0", "branch_taken": true},
{"event": "branch", "inst_addr": "0x5570ff9ada1f", "next_inst_addr": "0", "branch_taken": false},
{"event": "branch", "inst_addr": "0x5570ff9ada81", "next_inst_addr": "0", "branch_taken": true},
{"event": "branch", "inst_addr": "0x5570ff9ada0b", "next_inst_addr": "0", "branch_taken": true},
{"event": "branch", "inst_addr": "0x5570ff9ada1f", "next_inst_addr": "0", "branch_taken": true},
{"event": "branch", "inst_addr": "0x5570ff9ada1f", "next_inst_addr": "0", "branch_taken": false},
{"event": "branch", "inst_addr": "0x5570ff9ada81", "next_inst_addr": "0", "branch_taken": true},
{"event": "branch", "inst_addr": "0x5570ff9ada0b", "next_inst_addr": "0", "branch_taken": true},
{"event": "branch", "inst_addr": "0x5570ff9ada1f", "next_inst_addr": "0", "branch_taken": true},
{"event": "branch", "inst_addr": "0x5570ff9ada1f", "next_inst_addr": "0", "branch_taken": false},
{"event": "branch", "inst_addr": "0x5570ff9ada81", "next_inst_addr": "0", "branch_taken": true},
{"event": "branch", "inst_addr": "0x5570ff9ada0b", "next_inst_addr": "0", "branch_taken": true},
{"event": "branch", "inst_addr": "0x5570ff9ada1f", "next_inst_addr": "0", "branch_taken": true},
{"event": "branch", "inst_addr": "0x5570ff9ada1f", "next_inst_addr": "0", "branch_taken": false},
{"event": "branch", "inst_addr": "0x5570ff9ada81", "next_inst_addr": "0", "branch_taken": true},
{"event": "branch", "inst_addr": "0x5570ff9ada0b", "next_inst_addr": "0", "branch_taken": true},
{"event": "branch", "inst_addr": "0x5570ff9ada1f", "next_inst_addr": "0", "branch_taken": true},
{"event": "branch", "inst_addr": "0x5570ff9ada1f", "next_inst_addr": "0", "branch_taken": false},
{"event": "branch", "inst_addr": "0x5570ff9ada81", "next_inst_addr": "0", "branch_taken": true},
{"event": "branch", "inst_addr": "0x5570ff9ada0b", "next_inst_addr": "0", "branch_taken": true},
{"event": "branch", "inst_addr": "0x5570ff9ada1f", "next_inst_addr": "0", "branch_taken": true},
{"event": "branch", "inst_addr": "0x5570ff9ada1f", "next_inst_addr": "0", "branch_taken": false},
{"event": "branch", "inst_addr": "0x5570ff9ada81", "next_inst_addr": "0", "branch_taken": true},
{"event": "branch", "inst_addr": "0x5570ff9ada0b", "next_inst_addr": "0", "branch_taken": true},
{"event": "branch", "inst_addr": "0x5570ff9ada1f", "next_inst_addr": "0", "branch_taken": true},
{"event": "branch", "inst_addr": "0x5570ff9ada1f", "next_inst_addr": "0", "branch_taken": false},
{"event": "branch", "inst_addr": "0x5570ff9ada81", "next_inst_addr": "0", "branch_taken": true},
{"event": "branch", "inst_addr": "0x5570ff9ada0b", "next_inst_addr": "0", "branch_taken": true},
{"event": "branch", "inst_addr": "0x5570ff9ada1f", "next_inst_addr": "0", "branch_taken": true},
{"event": "branch", "inst_addr": "0x5570ff9ada1f", "next_inst_addr": "0", "branch_taken": false},
{"event": "branch", "inst_addr": "0x5570ff9ada81", "next_inst_addr": "0", "branch_taken": true},
{"event": "branch", "inst_addr": "0x5570ff9ada0b", "next_inst_addr": "0", "branch_taken": true},
{"event": "branch", "inst_addr": "0x5570ff9ada1f", "next_inst_addr": "0", "branch_taken": true},
{"event": "branch", "inst_addr": "0x5570ff9ada1f", "next_inst_addr": "0", "branch_taken": false},
{"event": "branch", "inst_addr": "0x5570ff9ada81", "next_inst_addr": "0", "branch_taken": true},
{"event": "branch", "inst_addr": "0x5570ff9ada0b", "next_inst_addr": "0", "branch_taken": true},
{"event": "branch", "inst_addr": "0x5570ff9ada1f", "next_inst_addr": "0", "branch_taken": true},
{"event": "branch", "inst_addr": "0x5570ff9ada1f", "next_inst_addr": "0", "branch_taken": false},
{"event": "branch", "inst_addr": "0x5570ff9ada81", "next_inst_addr": "0", "branch_taken": true},
{"event": "branch", "inst_addr": "0x5570ff9ada0b", "next_inst_addr": "0", "branch_taken": true},
{"event": "branch", "inst_addr": "0x5570ff9ada1f", "next_inst_addr": "0", "branch_taken": true},
{"event": "branch", "inst_addr": "0x5570ff9ada1f", "next_inst_addr": "0", "branch_taken": false},
{"event": "branch", "inst_addr": "0x5570ff9ada81", "next_inst_addr": "0", "branch_taken": true},
{"event": "branch", "inst_addr": "0x5570ff9ada0b", "next_inst_addr": "0", "branch_taken": true},
{"event": "branch", "inst_addr": "0x5570ff9ada1f", "next_inst_addr": "0", "branch_taken": true},
{"event": "branch", "inst_addr": "0x5570ff9ada1f", "next_inst_addr": "0", "branch_taken": false},
{"event": "branch", "inst_addr": "0x5570ff9ada81", "next_inst_addr": "0", "branch_taken": true},
{"event": "branch", "inst_addr": "0x5570ff9ada0b", "next_inst_addr": "0", "branch_taken": true},
{"event": "branch", "inst_addr": "0x5570ff9ada1f", "next_inst_addr": "0", "branch_taken": true},
{"event": "branch", "inst_addr": "0x5570ff9ada1f", "next_inst_addr": "0", "branch_taken": false},
{"event": "branch", "inst_addr": "0x5570ff9ada81", "next_inst_addr": "0", "branch_taken": true},
{"event": "branch", "inst_addr": "0x5570ff9ada0b", "next_inst_addr": "0", "branch_taken": true},
{"event": "branch", "inst_addr": "0x5570ff9ada1f", "next_inst_addr": "0", "branch_taken": true},
{"event": "branch", "inst_addr": "0x5570ff9ada1f", "next_inst_addr": "0", "branch_taken": false},
{"event": "branch", "inst_addr": "0x5570ff9ada81", "next_inst_addr": "0", "branch_taken": true},
{"event": "branch", "inst_addr": "0x5570ff9ada0b", "next_inst_addr": "0", "branch_taken": true},
{"event": "branch", "inst_addr": "0x5570ff9ada1f", "next_inst_addr": "0", "branch_taken": true},
{"event": "branch", "inst_addr": "0x5570ff9ada1f", "next_inst_addr": "0", "branch_taken": false},
{"event": "branch", "inst_addr": "0x5570ff9ada81", "next_inst_addr": "0", "branch_taken": true},
{"event": "branch", "inst_addr": "0x5570ff9ada0b", "next_inst_addr": "0", "branch_taken": true},
{"event": "branch", "inst_addr": "0x5570ff9ada1f", "next_inst_addr": "0", "branch_taken": true},
{"event": "branch", "inst_addr": "0x5570ff9ada1f", "next_inst_addr": "0", "branch_taken": false},
{"event": "branch", "inst_addr": "0x5570ff9ada81", "next_inst_addr": "0", "branch_taken": true},
{"event": "branch", "inst_addr": "0x5570ff9ada0b", "next_inst_addr": "0", "branch_taken": true},
{"event": "branch", "inst_addr": "0x5570ff9ada1f", "next_inst_addr": "0", "branch_taken": true},
{"event": "branch", "inst_addr": "0x5570ff9ada1f", "next_inst_addr": "0", "branch_taken": false},
{"event": "branch", "inst_addr": "0x5570ff9ada81", "next_inst_addr": "0", "branch_taken": true},
{"event": "branch", "inst_addr": "0x5570ff9ada0b", "next_inst_addr": "0", "branch_taken": true},
{"event": "branch", "inst_addr": "0x5570ff9ada1f", "next_inst_addr": "0", "branch_taken": true},
{"event": "branch", "inst_addr": "0x5570ff9ada1f", "next_inst_addr": "0", "branch_taken": false},
{"event": "branch", "inst_addr": "0x5570ff9ada81", "next_inst_addr": "0", "branch_taken": true},
{"event": "branch", "inst_addr": "0x5570ff9ada0b", "next_inst_addr": "0", "branch_taken": true},
{"event": "branch", "inst_addr": "0x5570ff9ada1f", "next_inst_addr": "0", "branch_taken": true},
{"event": "branch", "inst_addr": "0x5570ff9ada1f", "next_inst_addr": "0", "branch_taken": false},
{"event": "branch", "inst_addr": "0x5570ff9ada81", "next_inst_addr": "0", "branch_taken": true},
{"event": "branch", "inst_addr": "0x5570ff9ada0b", "next_inst_addr": "0", "branch_taken": true},
{"event": "branch", "inst_addr": "0x5570ff9ada1f", "next_inst_addr": "0", "branch_taken": true},
{"event": "branch", "inst_addr": "0x5570ff9ada1f", "next_inst_addr": "0", "branch_taken": false},
{"event": "branch", "inst_addr": "0x5570ff9ada81", "next_inst_addr": "0", "branch_taken": true},
{"event": "branch", "inst_addr": "0x5570ff9ada0b", "next_inst_addr": "0", "branch_taken": true},
{"event": "branch", "inst_addr": "0x5570ff9ada1f", "next_inst_addr": "0", "branch_taken": true},
{"event": "branch", "inst_addr": "0x5570ff9ada1f", "next_inst_addr": "0", "branch_taken": false},
{"event": "branch", "inst_addr": "0x5570ff9ada81", "next_inst_addr": "0", "branch_taken": true},
{"event": "branch", "inst_addr": "0x5570ff9ada0b", "next_inst_addr": "0", "branch_taken": true},
{"event": "branch", "inst_addr": "0x5570ff9ada1f", "next_inst_addr": "0", "branch_taken": true},
{"event": "branch", "inst_addr": "0x5570ff9ada1f", "next_inst_addr": "0", "branch_taken": false},
{"event": "branch", "inst_addr": "0x5570ff9ada81", "next_inst_addr": "0", "branch_taken": true},
{"event": "branch", "inst_addr": "0x5570ff9ada0b", "next_inst_addr": "0", "branch_taken": true},
{"event": "branch", "inst_addr": "0x5570ff9ada1f", "next_inst_addr": "0", "branch_taken": true},
{"event": "branch", "inst_addr": "0x5570ff9ada1f", "next_inst_addr": "0", "branch_taken": false},
{"event": "branch", "inst_addr": "0x5570ff9ada81", "next_inst_addr": "0", "branch_taken": true},
{"event": "branch", "inst_addr": "0x5570ff9ada0b", "next_inst_addr": "0", "branch_taken": true},
{"event": "branch", "inst_addr": "0x5570ff9ada1f", "next_inst_addr": "0", "branch_taken": true},
{"event": "branch", "inst_addr": "0x5570ff9ada1f", "next_inst_addr": "0", "branch_taken": false},
{"event": "branch", "inst_addr": "0x5570ff9ada81", "next_inst_addr": "0", "branch_taken": true},
{"event": "branch", "inst_addr": "0x5570ff9ada0b", "next_inst_addr": "0", "branch_taken": true},
{"event": "branch", "inst_addr": "0x5570ff9ada1f", "next_inst_addr": "0", "branch_taken": true},
{"event": "branch", "inst_addr": "0x5570ff9ada1f", "next_inst_addr": "0", "branch_taken": false},
{"event": "branch", "inst_addr": "0x5570ff9ada81", "next_inst_addr": "0", "branch_taken": true},
{"event": "branch", "inst_addr": "0x5570ff9ada0b", "next_inst_addr": "0", "branch_taken": true},
{"event": "branch", "inst_addr": "0x5570ff9ada1f", "next_inst_addr": "0", "branch_taken": true},
{"event": "branch", "inst_addr": "0x5570ff9ada1f", "next_inst_addr": "0", "branch_taken": false},
{"event": "branch", "inst_addr": "0x5570ff9ada81", "next_inst_addr": "0", "branch_taken": true},
{"event": "branch", "inst_addr": "0x5570ff9ada0b", "next_inst_addr": "0", "branch_taken": true},
{"event": "branch", "inst_addr": "0x5570ff9ada1f", "next_inst_addr": "0", "branch_taken": true},
{"event": "branch", "inst_addr": "0x5570ff9ada1f", "next_inst_addr": "0", "branch_taken": false},
{"event": "branch", "inst_addr": "0x5570ff9ada81", "next_inst_addr": "0", "branch_taken": true},
{"event": "branch", "inst_addr": "0x5570ff9ada0b", "next_inst_addr": "0", "branch_taken": true},
{"event": "branch", "inst_addr": "0x5570ff9ada1f", "next_inst_addr": "0", "branch_taken": true},
{"event": "branch", "inst_addr": "0x5570ff9ada1f", "next_inst_addr": "0", "branch_taken": false},
{"event": "branch", "inst_addr": "0x5570ff9ada81", "next_inst_addr": "0", "branch_taken": true},
{"event": "branch", "inst_addr": "0x5570ff9ada0b", "next_inst_addr": "0", "branch_taken": true},
{"event": "branch", "inst_addr": "0x5570ff9ada1f", "next_inst_addr": "0", "branch_taken": true},
{"event": "branch", "inst_addr": "0x5570ff9ada1f", "next_inst_addr": "0", "branch_taken": false},
{"event": "branch", "inst_addr": "0x5570ff9ada81", "next_inst_addr": "0", "branch_taken": true},
{"event": "branch", "inst_addr": "0x5570ff9ada0b", "next_inst_addr": "0", "branch_taken": true},
{"event": "branch", "inst_addr": "0x5570ff9ada1f", "next_inst_addr": "0", "branch_taken": true},
{"event": "branch", "inst_addr": "0x5570ff9ada1f", "next_inst_addr": "0", "branch_taken": false},
{"event": "branch", "inst_addr": "0x5570ff9ada81", "next_inst_addr": "0", "branch_taken": true},
{"event": "branch", "inst_addr": "0x5570ff9ada0b", "next_inst_addr": "0", "branch_taken": true},
{"event": "branch", "inst_addr": "0x5570ff9ada1f", "next_inst_addr": "0", "branch_taken": true},
{"event": "branch", "inst_addr": "0x5570ff9ada1f", "next_inst_addr": "0", "branch_taken": false},
{"event": "branch", "inst_addr": "0x5570ff9ada81", "next_inst_addr": "0", "branch_taken": true},
{"event": "branch", "inst_addr": "0x5570ff9ada0b", "next_inst_addr": "0", "branch_taken": true},
{"event": "branch", "inst_addr": "0x5570ff9ada1f", "next_inst_addr": "0", "branch_taken": true},
{"event": "branch", "inst_addr": "0x5570ff9ada1f", "next_inst_addr": "0", "branch_taken": false},
{"event": "branch", "inst_addr": "0x5570ff9ada81", "next_inst_addr": "0", "branch_taken": true},
{"event": "branch", "inst_addr": "0x5570ff9ada0b", "next_inst_addr": "0", "branch_taken": true},
{"event": "branch", "inst_addr": "0x5570ff9ada1f", "next_inst_addr": "0", "branch_taken": true},
{"event": "branch", "inst_addr": "0x5570ff9ada1f", "next_inst_addr": "0", "branch_taken": false},
{"event": "branch", "inst_addr": "0x5570ff9ada81", "next_inst_addr": "0", "branch_taken": true},
{"event": "branch", "inst_addr": "0x5570ff9ada0b", "next_inst_addr": "0", "branch_taken": true},
{"event": "branch", "inst_addr": "0x5570ff9ada1f", "next_inst_addr": "0", "branch_taken": true},
{"event": "branch", "inst_addr": "0x5570ff9ada1f", "next_inst_addr": "0", "branch_taken": false},
{"event": "branch", "inst_addr": "0x5570ff9ada81", "next_inst_addr": "0", "branch_taken": true},
{"event": "branch", "inst_addr": "0x5570ff9ada0b", "next_inst_addr": "0", "branch_taken": true},
{"event": "branch", "inst_addr": "0x5570ff9ada1f", "next_inst_addr": "0", "branch_taken": true},
{"event": "branch", "inst_addr": "0x5570ff9ada1f", "next_inst_addr": "0", "branch_taken": false},
{"event": "branch", "inst_addr": "0x5570ff9ada81", "next_inst_addr": "0", "branch_taken": true},
{"event": "branch", "inst_addr": "0x5570ff9ada0b", "next_inst_addr": "0", "branch_taken": true},
{"event": "branch", "inst_addr": "0x5570ff9ada1f", "next_inst_addr": "0", "branch_taken": true},
{"event": "branch", "inst_addr": "0x5570ff9ada1f", "next_inst_addr": "0", "branch_taken": false},
{"event": "branch", "inst_addr": "0x5570ff9ada81", "next_inst_addr": "0", "branch_taken": true},
{"event": "branch", "inst_addr": "0x5570ff9ada0b", "next_inst_addr": "0", "branch_taken": true},
{"event": "branch", "inst_addr": "0x5570ff9ada1f", "next_inst_addr": "0", "branch_taken": true},
{"event": "branch", "inst_addr": "0x5570ff9ada1f", "next_inst_addr": "0", "branch_taken": false},
{"event": "branch", "inst_addr": "0x5570ff9ada81", "next_inst_addr": "0", "branch_taken": true},
{"event": "branch", "inst_addr": "0x5570ff9ada0b", "next_inst_addr": "0", "branch_taken": true},
{"event": "branch", "inst_addr": "0x5570ff9ada1f", "next_inst_addr": "0", "branch_taken": true},
{"event": "branch", "inst_addr": "0x5570ff9ada1f", "next_inst_addr": "0", "branch_taken": false},
{"event": "branch", "inst_addr": "0x5570ff9ada81", "next_inst_addr": "0", "branch_taken": true},
{"event": "branch", "inst_addr": "0x5570ff9ada0b", "next_inst_addr": "0", "branch_taken": true},
{"event": "branch", "inst_addr": "0x5570ff9ada1f", "next_inst_addr": "0", "branch_taken": true},
{"event": "branch", "inst_addr": "0x5570ff9ada1f", "next_inst_addr": "0", "branch_taken": false},
{"event": "branch", "inst_addr": "0x5570ff9ada81", "next_inst_addr": "0", "branch_taken": true},
{"event": "branch", "inst_addr": "0x5570ff9ada0b", "next_inst_addr": "0", "branch_taken": true},
{"event": "branch", "inst_addr": "0x5570ff9ada1f", "next_inst_addr": "0", "branch_taken": true},
{"event": "branch", "inst_addr": "0x5570ff9ada1f", "next_inst_addr": "0", "branch_taken": false},
{"event": "branch", "inst_addr": "0x5570ff9ada81", "next_inst_addr": "0", "branch_taken": true},
{"event": "branch", "inst_addr": "0x5570ff9ada0b", "next_inst_addr": "0", "branch_taken": true},
{"event": "branch", "inst_addr": "0x5570ff9ada1f", "next_inst_addr": "0", "branch_taken": true},
{"event": "branch", "inst_addr": "0x5570ff9ada1f", "next_inst_addr": "0", "branch_taken": false},
{"event": "branch", "inst_addr": "0x5570ff9ada81", "next_inst_addr": "0", "branch_taken": true},
{"event": "branch", "inst_addr": "0x5570ff9ada0b", "next_inst_addr": "0", "branch_taken": true},
{"event": "branch", "inst_addr": "0x5570ff9ada1f", "next_inst_addr": "0", "branch_taken": true},
{"event": "branch", "inst_addr": "0x5570ff9ada1f", "next_inst_addr": "0", "branch_taken": false},
{"event": "branch", "inst_addr": "0x5570ff9ada81", "next_inst_addr": "0", "branch_taken": true},
{"event": "branch", "inst_addr": "0x5570ff9ada0b", "next_inst_addr": "0", "branch_taken": true},
{"event": "branch", "inst_addr": "0x5570ff9ada1f", "next_inst_addr": "0", "branch_taken": true},
{"event": "branch", "inst_addr": "0x5570ff9ada1f", "next_inst_addr": "0", "branch_taken": false},
{"event": "branch", "inst_addr": "0x5570ff9ada81", "next_inst_addr": "0", "branch_taken": true},
{"event": "branch", "inst_addr": "0x5570ff9ada0b", "next_inst_addr": "0", "branch_taken": true},
{"event": "branch", "inst_addr": "0x5570ff9ada1f", "next_inst_addr": "0", "branch_taken": true},
{"event": "branch", "inst_addr": "0x5570ff9ada1f", "next_inst_addr": "0", "branch_taken": false},
{"event": "branch", "inst_addr": "0x5570ff9ada81", "next_inst_addr": "0", "branch_taken": true},
{"event": "branch", "inst_addr": "0x5570ff9ada0b", "next_inst_addr": "0", "branch_taken": true},
{"event": "branch", "inst_addr": "0x5570ff9ada1f", "next_inst_addr": "0", "branch_taken": true},
{"event": "branch", "inst_addr": "0x5570ff9ada1f", "next_inst_addr": "0", "branch_taken": false},
{"event": "branch", "inst_addr": "0x5570ff9ada81", "next_inst_addr": "0", "branch_taken": true},
{"event": "branch", "inst_addr": "0x5570ff9ada0b", "next_inst_addr": "0", "branch_taken": true},
{"event": "branch", "inst_addr": "0x5570ff9ada1f", "next_inst_addr": "0", "branch_taken": true},
{"event": "branch", "inst_addr": "0x5570ff9ada1f", "next_inst_addr": "0", "branch_taken": false},
{"event": "branch", "inst_addr": "0x5570ff9ada81", "next_inst_addr": "0", "branch_taken": true},
{"event": "branch", "inst_addr": "0x5570ff9ada0b", "next_inst_addr": "0", "branch_taken": true},
{"event": "branch", "inst_addr": "0x5570ff9ada1f", "next_inst_addr": "0", "branch_taken": true},
{"event": "branch", "inst_addr": "0x5570ff9ada1f", "next_inst_addr": "0", "branch_taken": false},
{"event": "branch", "inst_addr": "0x5570ff9ada81", "next_inst_addr": "0", "branch_taken": true},
{"event": "branch", "inst_addr": "0x5570ff9ada0b", "next_inst_addr": "0", "branch_taken": true},
{"event": "branch", "inst_addr": "0x5570ff9ada1f", "next_inst_addr": "0", "branch_taken": true},
{"event": "branch", "inst_addr": "0x5570ff9ada1f", "next_inst_addr": "0", "branch_taken": false},
{"event": "branch", "inst_addr": "0x5570ff9ada81", "next_inst_addr": "0", "branch_taken": true},
{"event": "branch", "inst_addr": "0x5570ff9ada0b", "next_inst_addr": "0", "branch_taken": true},
{"event": "branch", "inst_addr": "0x5570ff9ada1f", "next_inst_addr": "0", "branch_taken": true},
{"event": "branch", "inst_addr": "0x5570ff9ada1f", "next_inst_addr": "0", "branch_taken": false},
{"event": "branch", "inst_addr": "0x5570ff9ada81", "next_inst_addr": "0", "branch_taken": true},
{"event": "branch", "inst_addr": "0x5570ff9ada0b", "next_inst_addr": "0", "branch_taken": true},
{"event": "branch", "inst_addr": "0x5570ff9ada1f", "next_inst_addr": "0", "branch_taken": true},
{"event": "branch", "inst_addr": "0x5570ff9ada1f", "next_inst_addr": "0", "branch_taken": false},
{"event": "branch", "inst_addr": "0x5570ff9ada81", "next_inst_addr": "0", "branch_taken": true},
{"event": "branch", "inst_addr": "0x5570ff9ada0b", "next_inst_addr": "0", "branch_taken": true},
{"event": "branch", "inst_addr": "0x5570ff9ada1f", "next_inst_addr": "0", "branch_taken": true},
{"event": "branch", "inst_addr": "0x5570ff9ada1f", "next_inst_addr": "0", "branch_taken": false},
{"event": "branch", "inst_addr": "0x5570ff9ada81", "next_inst_addr": "0", "branch_taken": true},
{"event": "branch", "inst_addr": "0x5570ff9ada0b", "next_inst_addr": "0", "branch_taken": true},
{"event": "branch", "inst_addr": "0x5570ff9ada1f", "next_inst_addr": "0", "branch_taken": true},
{"event": "branch", "inst_addr": "0x5570ff9ada1f", "next_inst_addr": "0", "branch_taken": false},
{"event": "branch", "inst_addr": "0x5570ff9ada81", "next_inst_addr": "0", "branch_taken": true},
{"event": "branch", "inst_addr": "0x5570ff9ada0b", "next_inst_addr": "0", "branch_taken": true},
{"event": "branch", "inst_addr": "0x5570ff9ada1f", "next_inst_addr": "0", "branch_taken": true},
{"event": "branch", "inst_addr": "0x5570ff9ada1f", "next_inst_addr": "0", "branch_taken": false},
{"event": "branch", "inst_addr": "0x5570ff9ada81", "next_inst_addr": "0", "branch_taken": true},
{"event": "branch", "inst_addr": "0x5570ff9ada0b", "next_inst_addr": "0", "branch_taken": true},
{"event": "branch", "inst_addr": "0x5570ff9ada1f", "next_inst_addr": "0", "branch_taken": true},
{"event": "branch", "inst_addr": "0x5570ff9ada1f", "next_inst_addr": "0", "branch_taken": false},
{"event": "branch", "inst_addr": "0x5570ff9ada81", "next_inst_addr": "0", "branch_taken": true},
{"event": "branch", "inst_addr": "0x5570ff9ada0b", "next_inst_addr": "0", "branch_taken": true},
{"event": "branch", "inst_addr": "0x5570ff9ada1f", "next_inst_addr": "0", "branch_taken": true},
{"event": "branch", "inst_addr": "0x5570ff9ada1f", "next_inst_addr": "0", "branch_taken": false},
{"event": "branch", "inst_addr": "0x5570ff9ada81", "next_inst_addr": "0", "branch_taken": true},
{"event": "branch", "inst_addr": "0x5570ff9ada0b", "next_inst_addr": "0", "branch_taken": true},
{"event": "branch", "inst_addr": "0x5570ff9ada1f", "next_inst_addr": "0", "branch_taken": true},
{"event": "branch", "inst_addr": "0x5570ff9ada1f", "next_inst_addr": "0", "branch_taken": false},
{"event": "branch", "inst_addr": "0x5570ff9ada81", "next_inst_addr": "0", "branch_taken": true},
{"event": "branch", "inst_addr": "0x5570ff9ada0b", "next_inst_addr": "0", "branch_taken": true},
{"event": "branch", "inst_addr": "0x5570ff9ada1f", "next_inst_addr": "0", "branch_taken": true},
{"event": "branch", "inst_addr": "0x5570ff9ada1f", "next_inst_addr": "0", "branch_taken": false},
{"event": "branch", "inst_addr": "0x5570ff9ada81", "next_inst_addr": "0", "branch_taken": true},
{"event": "branch", "inst_addr": "0x5570ff9ada0b", "next_inst_addr": "0", "branch_taken": true},
{"event": "branch", "inst_addr": "0x5570ff9ada1f", "next_inst_addr": "0", "branch_taken": true},
{"event": "branch", "inst_addr": "0x5570ff9ada1f", "next_inst_addr": "0", "branch_taken": false},
{"event": "branch", "inst_addr": "0x5570ff9ada81", "next_inst_addr": "0", "branch_taken": true},
{"event": "branch", "inst_addr": "0x5570ff9ada0b", "next_inst_addr": "0", "branch_taken": true},
{"event": "branch", "inst_addr": "0x5570ff9ada1f", "next_inst_addr": "0", "branch_taken": true},
{"event": "branch", "inst_addr": "0x5570ff9ada1f", "next_inst_addr": "0", "branch_taken": false},
{"event": "branch", "inst_addr": "0x5570ff9ada81", "next_inst_addr": "0", "branch_taken": true},
{"event": "branch", "inst_addr": "0x5570ff9ada0b", "next_inst_addr": "0", "branch_taken": true},
{"event": "branch", "inst_addr": "0x5570ff9ada1f", "next_inst_addr": "0", "branch_taken": true},
{"event": "branch", "inst_addr": "0x5570ff9ada1f", "next_inst_addr": "0", "branch_taken": false},
{"event": "branch", "inst_addr": "0x5570ff9ada81", "next_inst_addr": "0", "branch_taken": true},
{"event": "branch", "inst_addr": "0x5570ff9ada0b", "next_inst_addr": "0", "branch_taken": true},
{"event": "branch", "inst_addr": "0x5570ff9ada1f", "next_inst_addr": "0", "branch_taken": true},
{"event": "branch", "inst_addr": "0x5570ff9ada1f", "next_inst_addr": "0", "branch_taken": false},
{"event": "branch", "inst_addr": "0x5570ff9ada81", "next_inst_addr": "0", "branch_taken": true},
{"event": "branch", "inst_addr": "0x5570ff9ada0b", "next_inst_addr": "0", "branch_taken": true},
{"event": "branch", "inst_addr": "0x5570ff9ada1f", "next_inst_addr": "0", "branch_taken": true},
{"event": "branch", "inst_addr": "0x5570ff9ada1f", "next_inst_addr": "0", "branch_taken": false},
{"event": "branch", "inst_addr": "0x5570ff9ada81", "next_inst_addr": "0", "branch_taken": true},
{"event": "branch", "inst_addr": "0x5570ff9ada0b", "next_inst_addr": "0", "branch_taken": true},
{"event": "branch", "inst_addr": "0x5570ff9ada1f", "next_inst_addr": "0", "branch_taken": true},
{"event": "branch", "inst_addr": "0x5570ff9ada1f", "next_inst_addr": "0", "branch_taken": false},
{"event": "branch", "inst_addr": "0x5570ff9ada81", "next_inst_addr": "0", "branch_taken": true},
{"event": "branch", "inst_addr": "0x5570ff9ada0b", "next_inst_addr": "0", "branch_taken": true},
{"event": "branch", "inst_addr": "0x5570ff9ada1f", "next_inst_addr": "0", "branch_taken": true},
{"event": "branch", "inst_addr": "0x5570ff9ada1f", "next_inst_addr": "0", "branch_taken": false},
{"event": "branch", "inst_addr": "0x5570ff9ada81", "next_inst_addr": "0", "branch_taken": true},
{"event": "branch", "inst_addr": "0x5570ff9ada0b", "next_inst_addr": "0", "branch_taken": true},
{"event": "branch", "inst_addr": "0x5570ff9ada1f", "next_inst_addr": "0", "branch_taken": true},
{"event": "branch", "inst_addr": "0x5570ff9ada1f", "next_inst_addr": "0", "branch_taken": false},
{"event": "branch", "inst_addr": "0x5570ff9ada81", "next_inst_addr": "0", "branch_taken": true},
{"event": "branch", "inst_addr": "0x5570ff9ada0b", "next_inst_addr": "0", "branch_taken": true},
{"event": "branch", "inst_addr": "0x5570ff9ada1f", "next_inst_addr": "0", "branch_taken": true},
{"event": "branch", "inst_addr": "0x5570ff9ada1f", "next_inst_addr": "0", "branch_taken": false},
{"event": "branch", "inst_addr": "0x5570ff9ada81", "next_inst_addr": "0", "branch_taken": true},
{"event": "branch", "inst_addr": "0x5570ff9ada0b", "next_inst_addr": "0", "branch_taken": true},
{"event": "branch", "inst_addr": "0x5570ff9ada1f", "next_inst_addr": "0", "branch_taken": true},
{"event": "branch", "inst_addr": "0x5570ff9ada1f", "next_inst_addr": "0", "branch_taken": false},
{"event": "branch", "inst_addr": "0x5570ff9ada81", "next_inst_addr": "0", "branch_taken": true},
{"event": "branch", "inst_addr": "0x5570ff9ada0b", "next_inst_addr": "0", "branch_taken": true},
{"event": "branch", "inst_addr": "0x5570ff9ada1f", "next_inst_addr": "0", "branch_taken": true},
{"event": "branch", "inst_addr": "0x5570ff9ada1f", "next_inst_addr": "0", "branch_taken": false},
{"event": "branch", "inst_addr": "0x5570ff9ada81", "next_inst_addr": "0", "branch_taken": true},
{"event": "branch", "inst_addr": "0x5570ff9ada0b", "next_inst_addr": "0", "branch_taken": true},
{"event": "branch", "inst_addr": "0x5570ff9ada1f", "next_inst_addr": "0", "branch_taken": true},
{"event": "branch", "inst_addr": "0x5570ff9ada1f", "next_inst_addr": "0", "branch_taken": false},
{"event": "branch", "inst_addr": "0x5570ff9ada81", "next_inst_addr": "0", "branch_taken": true},
{"event": "branch", "inst_addr": "0x5570ff9ada0b", "next_inst_addr": "0", "branch_taken": true},
{"event": "branch", "inst_addr": "0x5570ff9ada1f", "next_inst_addr": "0", "branch_taken": true},
{"event": "branch", "inst_addr": "0x5570ff9ada1f", "next_inst_addr": "0", "branch_taken": false},
{"event": "branch", "inst_addr": "0x5570ff9ada81", "next_inst_addr": "0", "branch_taken": true},
{"event": "branch", "inst_addr": "0x5570ff9ada0b", "next_inst_addr": "0", "branch_taken": true},
{"event": "branch", "inst_addr": "0x5570ff9ada1f", "next_inst_addr": "0", "branch_taken": true},
{"event": "branch", "inst_addr": "0x5570ff9ada1f", "next_inst_addr": "0", "branch_taken": false},
{"event": "branch", "inst_addr": "0x5570ff9ada81", "next_inst_addr": "0", "branch_taken": true},
{"event": "branch", "inst_addr": "0x5570ff9ada0b", "next_inst_addr": "0", "branch_taken": true},
{"event": "branch", "inst_addr": "0x5570ff9ada1f", "next_inst_addr": "0", "branch_taken": true},
{"event": "branch", "inst_addr": "0x5570ff9ada1f", "next_inst_addr": "0", "branch_taken": false},
{"event": "branch", "inst_addr": "0x5570ff9ada81", "next_inst_addr": "0", "branch_taken": true},
{"event": "branch", "inst_addr": "0x5570ff9ada0b", "next_inst_addr": "0", "branch_taken": true},
{"event": "branch", "inst_addr": "0x5570ff9ada1f", "next_inst_addr": "0", "branch_taken": true},
{"event": "branch", "inst_addr": "0x5570ff9ada1f", "next_inst_addr": "0", "branch_taken": false},
{"event": "branch", "inst_addr": "0x5570ff9ada81", "next_inst_addr": "0", "branch_taken": true},
{"event": "branch", "inst_addr": "0x5570ff9ada0b", "next_inst_addr": "0", "branch_taken": true},
{"event": "branch", "inst_addr": "0x5570ff9ada1f", "next_inst_addr": "0", "branch_taken": true},
{"event": "branch", "inst_addr": "0x5570ff9ada1f", "next_inst_addr": "0", "branch_taken": false},
{"event": "branch", "inst_addr": "0x5570ff9ada81", "next_inst_addr": "0", "branch_taken": true},
{"event": "branch", "inst_addr": "0x5570ff9ada0b", "next_inst_addr": "0", "branch_taken": true},
{"event": "branch", "inst_addr": "0x5570ff9ada1f", "next_inst_addr": "0", "branch_taken": true},
{"event": "branch", "inst_addr": "0x5570ff9ada1f", "next_inst_addr": "0", "branch_taken": false},
{"event": "branch", "inst_addr": "0x5570ff9ada81", "next_inst_addr": "0", "branch_taken": true},
{"event": "branch", "inst_addr": "0x5570ff9ada0b", "next_inst_addr": "0", "branch_taken": true},
{"event": "branch", "inst_addr": "0x5570ff9ada1f", "next_inst_addr": "0", "branch_taken": true},
{"event": "branch", "inst_addr": "0x5570ff9ada1f", "next_inst_addr": "0", "branch_taken": false},
{"event": "branch", "inst_addr": "0x5570ff9ada81", "next_inst_addr": "0", "branch_taken": true},
{"event": "branch", "inst_addr": "0x5570ff9ada0b", "next_inst_addr": "0", "branch_taken": true},
{"event": "branch", "inst_addr": "0x5570ff9ada1f", "next_inst_addr": "0", "branch_taken": true},
{"event": "branch", "inst_addr": "0x5570ff9ada1f", "next_inst_addr": "0", "branch_taken": false},
{"event": "branch", "inst_addr": "0x5570ff9ada81", "next_inst_addr": "0", "branch_taken": true},
{"event": "branch", "inst_addr": "0x5570ff9ada0b", "next_inst_addr": "0", "branch_taken": true},
{"event": "branch", "inst_addr": "0x5570ff9ada1f", "next_inst_addr": "0", "branch_taken": true},
{"event": "branch", "inst_addr": "0x5570ff9ada1f", "next_inst_addr": "0", "branch_taken": false},
{"event": "branch", "inst_addr": "0x5570ff9ada81", "next_inst_addr": "0", "branch_taken": true},
{"event": "branch", "inst_addr": "0x5570ff9ada0b", "next_inst_addr": "0", "branch_taken": true},
{"event": "branch", "inst_addr": "0x5570ff9ada1f", "next_inst_addr": "0", "branch_taken": true},
{"event": "branch", "inst_addr": "0x5570ff9ada1f", "next_inst_addr": "0", "branch_taken": false},
{"event": "branch", "inst_addr": "0x5570ff9ada81", "next_inst_addr": "0", "branch_taken": true},
{"event": "branch", "inst_addr": "0x5570ff9ada0b", "next_inst_addr": "0", "branch_taken": true},
{"event": "branch", "inst_addr": "0x5570ff9ada1f", "next_inst_addr": "0", "branch_taken": true},
{"event": "branch", "inst_addr": "0x5570ff9ada1f", "next_inst_addr": "0", "branch_taken": false},
{"event": "branch", "inst_addr": "0x5570ff9ada81", "next_inst_addr": "0", "branch_taken": true},
{"event": "branch", "inst_addr": "0x5570ff9ada0b", "next_inst_addr": "0", "branch_taken": true},
{"event": "branch", "inst_addr": "0x5570ff9ada1f", "next_inst_addr": "0", "branch_taken": true},
{"event": "branch", "inst_addr": "0x5570ff9ada1f", "next_inst_addr": "0", "branch_taken": false},
{"event": "branch", "inst_addr": "0x5570ff9ada81", "next_inst_addr": "0", "branch_taken": true},
{"event": "branch", "inst_addr": "0x5570ff9ada0b", "next_inst_addr": "0", "branch_taken": true},
{"event": "branch", "inst_addr": "0x5570ff9ada1f", "next_inst_addr": "0", "branch_taken": true},
{"event": "branch", "inst_addr": "0x5570ff9ada1f", "next_inst_addr": "0", "branch_taken": false},
{"event": "branch", "inst_addr": "0x5570ff9ada81", "next_inst_addr": "0", "branch_taken": true},
{"event": "branch", "inst_addr": "0x5570ff9ada0b", "next_inst_addr": "0", "branch_taken": true},
{"event": "branch", "inst_addr": "0x5570ff9ada1f", "next_inst_addr": "0", "branch_taken": true},
{"event": "branch", "inst_addr": "0x5570ff9ada1f", "next_inst_addr": "0", "branch_taken": false},
{"event": "branch", "inst_addr": "0x5570ff9ada81", "next_inst_addr": "0", "branch_taken": true},
{"event": "branch", "inst_addr": "0x5570ff9ada0b", "next_inst_addr": "0", "branch_taken": true},
{"event": "branch", "inst_addr": "0x5570ff9ada1f", "next_inst_addr": "0", "branch_taken": true},
{"event": "branch", "inst_addr": "0x5570ff9ada1f", "next_inst_addr": "0", "branch_taken": false},
{"event": "branch", "inst_addr": "0x5570ff9ada81", "next_inst_addr": "0", "branch_taken": true},
{"event": "branch", "inst_addr": "0x5570ff9ada0b", "next_inst_addr": "0", "branch_taken": true},
{"event": "branch", "inst_addr": "0x5570ff9ada1f", "next_inst_addr": "0", "branch_taken": true},
{"event": "branch", "inst_addr": "0x5570ff9ada1f", "next_inst_addr": "0", "branch_taken": false},
{"event": "branch", "inst_addr": "0x5570ff9ada81", "next_inst_addr": "0", "branch_taken": true},
{"event": "branch", "inst_addr": "0x5570ff9ada0b", "next_inst_addr": "0", "branch_taken": true},
{"event": "branch", "inst_addr": "0x5570ff9ada1f", "next_inst_addr": "0", "branch_taken": true},
{"event": "branch", "inst_addr": "0x5570ff9ada1f", "next_inst_addr": "0", "branch_taken": false},
{"event": "branch", "inst_addr": "0x5570ff9ada81", "next_inst_addr": "0", "branch_taken": true},
{"event": "branch", "inst_addr": "0x5570ff9ada0b", "next_inst_addr": "0", "branch_taken": true},
{"event": "branch", "inst_addr": "0x5570ff9ada1f", "next_inst_addr": "0", "branch_taken": true},
{"event": "branch", "inst_addr": "0x5570ff9ada1f", "next_inst_addr": "0", "branch_taken": false},
{"event": "branch", "inst_addr": "0x5570ff9ada81", "next_inst_addr": "0", "branch_taken": true},
{"event": "branch", "inst_addr": "0x5570ff9ada0b", "next_inst_addr": "0", "branch_taken": true},
{"event": "branch", "inst_addr": "0x5570ff9ada1f", "next_inst_addr": "0", "branch_taken": true},
{"event": "branch", "inst_addr": "0x5570ff9ada1f", "next_inst_addr": "0", "branch_taken": false},
{"event": "branch", "inst_addr": "0x5570ff9ada81", "next_inst_addr": "0", "branch_taken": true},
{"event": "branch", "inst_addr": "0x5570ff9ada0b", "next_inst_addr": "0", "branch_taken": true},
{"event": "branch", "inst_addr": "0x5570ff9ada1f", "next_inst_addr": "0", "branch_taken": true},
{"event": "branch", "inst_addr": "0x5570ff9ada1f", "next_inst_addr": "0", "branch_taken": false},
{"event": "branch", "inst_addr": "0x5570ff9ada81", "next_inst_addr": "0", "branch_taken": true},
{"event": "branch", "inst_addr": "0x5570ff9ada0b", "next_inst_addr": "0", "branch_taken": true},
{"event": "branch", "inst_addr": "0x5570ff9ada1f", "next_inst_addr": "0", "branch_taken": true},
{"event": "branch", "inst_addr": "0x5570ff9ada1f", "next_inst_addr": "0", "branch_taken": false},
{"event": "branch", "inst_addr": "0x5570ff9ada81", "next_inst_addr": "0", "branch_taken": true},
{"event": "branch", "inst_addr": "0x5570ff9ada0b", "next_inst_addr": "0", "branch_taken": true},
{"event": "branch", "inst_addr": "0x5570ff9ada1f", "next_inst_addr": "0", "branch_taken": true},
{"event": "branch", "inst_addr": "0x5570ff9ada1f", "next_inst_addr": "0", "branch_taken": false},
{"event": "branch", "inst_addr": "0x5570ff9ada81", "next_inst_addr": "0", "branch_taken": true},
{"event": "branch", "inst_addr": "0x5570ff9ada0b", "next_inst_addr": "0", "branch_taken": true},
{"event": "branch", "inst_addr": "0x5570ff9ada1f", "next_inst_addr": "0", "branch_taken": true},
{"event": "branch", "inst_addr": "0x5570ff9ada1f", "next_inst_addr": "0", "branch_taken": false},
{"event": "branch", "inst_addr": "0x5570ff9ada81", "next_inst_addr": "0", "branch_taken": true},
{"event": "branch", "inst_addr": "0x5570ff9ada0b", "next_inst_addr": "0", "branch_taken": true},
{"event": "branch", "inst_addr": "0x5570ff9ada1f", "next_inst_addr": "0", "branch_taken": true},
{"event": "branch", "inst_addr": "0x5570ff9ada1f", "next_inst_addr": "0", "branch_taken": false},
{"event": "branch", "inst_addr": "0x5570ff9ada81", "next_inst_addr": "0", "branch_taken": false},
{"event": "branch", "inst_addr": "0x5570ff9ad93e", "next_inst_addr": "0", "branch_taken": true},
{"event": "branch", "inst_addr": "0x5570ff9add54", "next_inst_addr": "0", "branch_taken": true},
{"event": "branch", "inst_addr": "0x5570ff9ade87", "next_inst_addr": "0", "branch_taken": false},
{"event": "branch", "inst_addr": "0x5570ff9ad8dc", "next_inst_addr": "0", "branch_taken": true},
{"event": "branch", "inst_addr": "0x5570ff9ad610", "next_inst_addr": "0", "branch_taken": true},
{"event": "branch", "inst_addr": "0x5570ff9ad727", "next_inst_addr": "0", "branch_taken": false},
{"event": "branch", "inst_addr": "0x5570ff9ad735", "next_inst_addr": "0", "branch_taken": false},
{"event": "branch", "inst_addr": "0x5570ff9ad650", "next_inst_addr": "0", "branch_taken": true},
{"event": "branch", "inst_addr": "0x5570ff9ad6a5", "next_inst_addr": "0", "branch_taken": true},
{"event": "exit", "exit_code": 0}
]
