[
{"event": "image_load", "image_name": "/home/tomori/follow-me/build/sample/calc", "image_id": 1, "base_addr": "0x55f6b4d44000", "image_size": "0x1377"},
{"event": "image_load", "image_name": "/lib64/ld-linux-x86-64.so.2", "image_id": 2, "base_addr": "0x7f13ae220000", "image_size": "0x26c23"},
{"event": "image_load", "image_name": "[vdso]", "image_id": 3, "base_addr": "0x7ffc2b775000", "image_size": "0x100a"},
{"event": "image_load", "image_name": "/lib/x86_64-linux-gnu/libc.so.6", "image_id": 4, "base_addr": "0x7f1399a39000", "image_size": "0x3f0adf"},
{"event": "branch", "inst_addr": "0x55f6b4d445de", "next_inst_addr": "0", "branch_taken": true},
{"event": "branch", "inst_addr": "0x55f6b4d44f44", "next_inst_addr": "0", "branch_taken": false},
{"event": "branch", "inst_addr": "0x55f6b4d44765", "next_inst_addr": "0", "branch_taken": true},
{"event": "branch", "inst_addr": "0x55f6b4d446f6", "next_inst_addr": "0", "branch_taken": true},
{"event": "branch", "inst_addr": "0x55f6b4d44f64", "next_inst_addr": "0", "branch_taken": false},
{"event": "branch", "inst_addr": "0x55f6b4d44eae", "next_inst_addr": "0", "branch_taken": true},
{"event": "branch", "inst_addr": "0x55f6b4d44630", "next_inst_addr": "0", "branch_taken": true},
{"event": "branch", "inst_addr": "0x55f6b4d44620", "next_inst_addr": "0", "branch_taken": true},
{"event": "branch", "inst_addr": "0x55f6b4d44bd6", "next_inst_addr": "0", "branch_taken": true},
{"event": "branch", "inst_addr": "0x55f6b4d44e87", "next_inst_addr": "0", "branch_taken": true},
{"event": "branch", "inst_addr": "0x55f6b4d44be9", "next_inst_addr": "0", "branch_taken": true},
{"event": "branch", "inst_addr": "0x55f6b4d44c1c", "next_inst_addr": "0", "branch_taken": false},
{"event": "branch", "inst_addr": "0x55f6b4d44c22", "next_inst_addr": "0", "branch_taken": false},
{"event": "branch", "inst_addr": "0x55f6b4d44c4f", "next_inst_addr": "0", "branch_taken": true},
{"event": "branch", "inst_addr": "0x55f6b4d44e87", "next_inst_addr": "0", "branch_taken": true},
{"event": "branch", "inst_addr": "0x55f6b4d44be9", "next_inst_addr": "0", "branch_taken": true},
{"event": "branch", "inst_addr": "0x55f6b4d44c1c", "next_inst_addr": "0", "branch_taken": false},
{"event": "branch", "inst_addr": "0x55f6b4d44c22", "next_inst_addr": "0", "branch_taken": false},
{"event": "branch", "inst_addr": "0x55f6b4d44c4f", "next_inst_addr": "0", "branch_taken": true},
{"event": "branch", "inst_addr": "0x55f6b4d44e87", "next_inst_addr": "0", "branch_taken": true},
{"event": "branch", "inst_addr": "0x55f6b4d44be9", "next_inst_addr": "0", "branch_taken": true},
{"event": "branch", "inst_addr": "0x55f6b4d44c1c", "next_inst_addr": "0", "branch_taken": false},
{"event": "branch", "inst_addr": "0x55f6b4d44c22", "next_inst_addr": "0", "branch_taken": false},
{"event": "branch", "inst_addr": "0x55f6b4d44c4f", "next_inst_addr": "0", "branch_taken": true},
{"event": "branch", "inst_addr": "0x55f6b4d44e87", "next_inst_addr": "0", "branch_taken": true},
{"event": "branch", "inst_addr": "0x55f6b4d44be9", "next_inst_addr": "0", "branch_taken": false},
{"event": "branch", "inst_addr": "0x55f6b4d44bef", "next_inst_addr": "0", "branch_taken": false},
{"event": "branch", "inst_addr": "0x55f6b4d4493e", "next_inst_addr": "0", "branch_taken": true},
{"event": "branch", "inst_addr": "0x55f6b4d44c13", "next_inst_addr": "0", "branch_taken": true},
{"event": "branch", "inst_addr": "0x55f6b4d44e87", "next_inst_addr": "0", "branch_taken": true},
{"event": "branch", "inst_addr": "0x55f6b4d44be9", "next_inst_addr": "0", "branch_taken": true},
{"event": "branch", "inst_addr": "0x55f6b4d44c1c", "next_inst_addr": "0", "branch_taken": false},
{"event": "branch", "inst_addr": "0x55f6b4d44c22", "next_inst_addr": "0", "branch_taken": false},
{"event": "branch", "inst_addr": "0x55f6b4d44c4f", "next_inst_addr": "0", "branch_taken": true},
{"event": "branch", "inst_addr": "0x55f6b4d44e87", "next_inst_addr": "0", "branch_taken": true},
{"event": "branch", "inst_addr": "0x55f6b4d44be9", "next_inst_addr": "0", "branch_taken": true},
{"event": "branch", "inst_addr": "0x55f6b4d44c1c", "next_inst_addr": "0", "branch_taken": false},
{"event": "branch", "inst_addr": "0x55f6b4d44c22", "next_inst_addr": "0", "branch_taken": false},
{"event": "branch", "inst_addr": "0x55f6b4d44c4f", "next_inst_addr": "0", "branch_taken": true},
{"event": "branch", "inst_addr": "0x55f6b4d44e87", "next_inst_addr": "0", "branch_taken": true},
{"event": "branch", "inst_addr": "0x55f6b4d44be9", "next_inst_addr": "0", "branch_taken": true},
{"event": "branch", "inst_addr": "0x55f6b4d44c1c", "next_inst_addr": "0", "branch_taken": false},
{"event": "branch", "inst_addr": "0x55f6b4d44c22", "next_inst_addr": "0", "branch_taken": false},
{"event": "branch", "inst_addr": "0x55f6b4d44c4f", "next_inst_addr": "0", "branch_taken": true},
{"event": "branch", "inst_addr": "0x55f6b4d44e87", "next_inst_addr": "0", "branch_taken": true},
{"event": "branch", "inst_addr": "0x55f6b4d44be9", "next_inst_addr": "0", "branch_taken": false},
{"event": "branch", "inst_addr": "0x55f6b4d44bef", "next_inst_addr": "0", "branch_taken": false},
{"event": "branch", "inst_addr": "0x55f6b4d4493e", "next_inst_addr": "0", "branch_taken": true},
{"event": "branch", "inst_addr": "0x55f6b4d44c13", "next_inst_addr": "0", "branch_taken": true},
{"event": "branch", "inst_addr": "0x55f6b4d44e87", "next_inst_addr": "0", "branch_taken": true},
{"event": "branch", "inst_addr": "0x55f6b4d44be9", "next_inst_addr": "0", "branch_taken": true},
{"event": "branch", "inst_addr": "0x55f6b4d44c1c", "next_inst_addr": "0", "branch_taken": false},
{"event": "branch", "inst_addr": "0x55f6b4d44c22", "next_inst_addr": "0", "branch_taken": false},
{"event": "branch", "inst_addr": "0x55f6b4d44c4f", "next_inst_addr": "0", "branch_taken": true},
{"event": "branch", "inst_addr": "0x55f6b4d44e87", "next_inst_addr": "0", "branch_taken": true},
{"event": "branch", "inst_addr": "0x55f6b4d44be9", "next_inst_addr": "0", "branch_taken": true},
{"event": "branch", "inst_addr": "0x55f6b4d44c1c", "next_inst_addr": "0", "branch_taken": false},
{"event": "branch", "inst_addr": "0x55f6b4d44c22", "next_inst_addr": "0", "branch_taken": false},
{"event": "branch", "inst_addr": "0x55f6b4d44c4f", "next_inst_addr": "0", "branch_taken": true},
{"event": "branch", "inst_addr": "0x55f6b4d44e87", "next_inst_addr": "0", "branch_taken": true},
{"event": "branch", "inst_addr": "0x55f6b4d44be9", "next_inst_addr": "0", "branch_taken": true},
{"event": "branch", "inst_addr": "0x55f6b4d44c1c", "next_inst_addr": "0", "branch_taken": false},
{"event": "branch", "inst_addr": "0x55f6b4d44c22", "next_inst_addr": "0", "branch_taken": false},
{"event": "branch", "inst_addr": "0x55f6b4d44c4f", "next_inst_addr": "0", "branch_taken": true},
{"event": "branch", "inst_addr": "0x55f6b4d44e87", "next_inst_addr": "0", "branch_taken": true},
{"event": "branch", "inst_addr": "0x55f6b4d44be9", "next_inst_addr": "0", "branch_taken": false},
{"event": "branch", "inst_addr": "0x55f6b4d44bef", "next_inst_addr": "0", "branch_taken": false},
{"event": "branch", "inst_addr": "0x55f6b4d4493e", "next_inst_addr": "0", "branch_taken": true},
{"event": "branch", "inst_addr": "0x55f6b4d44c13", "next_inst_addr": "0", "branch_taken": true},
{"event": "branch", "inst_addr": "0x55f6b4d44e87", "next_inst_addr": "0", "branch_taken": true},
{"event": "branch", "inst_addr": "0x55f6b4d44be9", "next_inst_addr": "0", "branch_taken": true},
{"event": "branch", "inst_addr": "0x55f6b4d44c1c", "next_inst_addr": "0", "branch_taken": false},
{"event": "branch", "inst_addr": "0x55f6b4d44c22", "next_inst_addr": "0", "branch_taken": false},
{"event": "branch", "inst_addr": "0x55f6b4d44c4f", "next_inst_addr": "0", "branch_taken": true},
{"event": "branch", "inst_addr": "0x55f6b4d44e87", "next_inst_addr": "0", "branch_taken": true},
{"event": "branch", "inst_addr": "0x55f6b4d44be9", "next_inst_addr": "0", "branch_taken": true},
{"event": "branch", "inst_addr": "0x55f6b4d44c1c", "next_inst_addr": "0", "branch_taken": false},
{"event": "branch", "inst_addr": "0x55f6b4d44c22", "next_inst_addr": "0", "branch_taken": false},
{"event": "branch", "inst_addr": "0x55f6b4d44c4f", "next_inst_addr": "0", "branch_taken": true},
{"event": "branch", "inst_addr": "0x55f6b4d44e87", "next_inst_addr": "0", "branch_taken": true},
{"event": "branch", "inst_addr": "0x55f6b4d44be9", "next_inst_addr": "0", "branch_taken": true},
{"event": "branch", "inst_addr": "0x55f6b4d44c1c", "next_inst_addr": "0", "branch_taken": false},
{"event": "branch", "inst_addr": "0x55f6b4d44c22", "next_inst_addr": "0", "branch_taken": false},
{"event": "branch", "inst_addr": "0x55f6b4d44c4f", "next_inst_addr": "0", "branch_taken": true},
{"event": "branch", "inst_addr": "0x55f6b4d44e87", "next_inst_addr": "0", "branch_taken": true},
{"event": "branch", "inst_addr": "0x55f6b4d44be9", "next_inst_addr": "0", "branch_taken": false},
{"event": "branch", "inst_addr": "0x55f6b4d44bef", "next_inst_addr": "0", "branch_taken": false},
{"event": "branch", "inst_addr": "0x55f6b4d4493e", "next_inst_addr": "0", "branch_taken": true},
{"event": "branch", "inst_addr": "0x55f6b4d44c13", "next_inst_addr": "0", "branch_taken": true},
{"event": "branch", "inst_addr": "0x55f6b4d44e87", "next_inst_addr": "0", "branch_taken": true},
{"event": "branch", "inst_addr": "0x55f6b4d44be9", "next_inst_addr": "0", "branch_taken": true},
{"event": "branch", "inst_addr": "0x55f6b4d44c1c", "next_inst_addr": "0", "branch_taken": false},
{"event": "branch", "inst_addr": "0x55f6b4d44c22", "next_inst_addr": "0", "branch_taken": false},
{"event": "branch", "inst_addr": "0x55f6b4d44c4f", "next_inst_addr": "0", "branch_taken": true},
{"event": "branch", "inst_addr": "0x55f6b4d44e87", "next_inst_addr": "0", "branch_taken": true},
{"event": "branch", "inst_addr": "0x55f6b4d44be9", "next_inst_addr": "0", "branch_taken": true},
{"event": "branch", "inst_addr": "0x55f6b4d44c1c", "next_inst_addr": "0", "branch_taken": false},
{"event": "branch", "inst_addr": "0x55f6b4d44c22", "next_inst_addr": "0", "branch_taken": false},
{"event": "branch", "inst_addr": "0x55f6b4d44c4f", "next_inst_addr": "0", "branch_taken": true},
{"event": "branch", "inst_addr": "0x55f6b4d44e87", "next_inst_addr": "0", "branch_taken": true},
{"event": "branch", "inst_addr": "0x55f6b4d44be9", "next_inst_addr": "0", "branch_taken": true},
{"event": "branch", "inst_addr": "0x55f6b4d44c1c", "next_inst_addr": "0", "branch_taken": false},
{"event": "branch", "inst_addr": "0x55f6b4d44c22", "next_inst_addr": "0", "branch_taken": false},
{"event": "branch", "inst_addr": "0x55f6b4d44c4f", "next_inst_addr": "0", "branch_taken": true},
{"event": "branch", "inst_addr": "0x55f6b4d44e87", "next_inst_addr": "0", "branch_taken": true},
{"event": "branch", "inst_addr": "0x55f6b4d44be9", "next_inst_addr": "0", "branch_taken": false},
{"event": "branch", "inst_addr": "0x55f6b4d44bef", "next_inst_addr": "0", "branch_taken": false},
{"event": "branch", "inst_addr": "0x55f6b4d4493e", "next_inst_addr": "0", "branch_taken": true},
{"event": "branch", "inst_addr": "0x55f6b4d44c13", "next_inst_addr": "0", "branch_taken": true},
{"event": "branch", "inst_addr": "0x55f6b4d44e87", "next_inst_addr": "0", "branch_taken": true},
{"event": "branch", "inst_addr": "0x55f6b4d44be9", "next_inst_addr": "0", "branch_taken": true},
{"event": "branch", "inst_addr": "0x55f6b4d44c1c", "next_inst_addr": "0", "branch_taken": false},
{"event": "branch", "inst_addr": "0x55f6b4d44c22", "next_inst_addr": "0", "branch_taken": false},
{"event": "branch", "inst_addr": "0x55f6b4d44c4f", "next_inst_addr": "0", "branch_taken": true},
{"event": "branch", "inst_addr": "0x55f6b4d44e87", "next_inst_addr": "0", "branch_taken": true},
{"event": "branch", "inst_addr": "0x55f6b4d44be9", "next_inst_addr": "0", "branch_taken": true},
{"event": "branch", "inst_addr": "0x55f6b4d44c1c", "next_inst_addr": "0", "branch_taken": false},
{"event": "branch", "inst_addr": "0x55f6b4d44c22", "next_inst_addr": "0", "branch_taken": false},
{"event": "branch", "inst_addr": "0x55f6b4d44c4f", "next_inst_addr": "0", "branch_taken": true},
{"event": "branch", "inst_addr": "0x55f6b4d44e87", "next_inst_addr": "0", "branch_taken": true},
{"event": "branch", "inst_addr": "0x55f6b4d44be9", "next_inst_addr": "0", "branch_taken": true},
{"event": "branch", "inst_addr": "0x55f6b4d44c1c", "next_inst_addr": "0", "branch_taken": false},
{"event": "branch", "inst_addr": "0x55f6b4d44c22", "next_inst_addr": "0", "branch_taken": false},
{"event": "branch", "inst_addr": "0x55f6b4d44c4f", "next_inst_addr": "0", "branch_taken": true},
{"event": "branch", "inst_addr": "0x55f6b4d44e87", "next_inst_addr": "0", "branch_taken": true},
{"event": "branch", "inst_addr": "0x55f6b4d44be9", "next_inst_addr": "0", "branch_taken": true},
{"event": "branch", "inst_addr": "0x55f6b4d44c1c", "next_inst_addr": "0", "branch_taken": false},
{"event": "branch", "inst_addr": "0x55f6b4d44c22", "next_inst_addr": "0", "branch_taken": false},
{"event": "branch", "inst_addr": "0x55f6b4d44c4f", "next_inst_addr": "0", "branch_taken": true},
{"event": "branch", "inst_addr": "0x55f6b4d44e87", "next_inst_addr": "0", "branch_taken": true},
{"event": "branch", "inst_addr": "0x55f6b4d44be9", "next_inst_addr": "0", "branch_taken": false},
{"event": "branch", "inst_addr": "0x55f6b4d44bef", "next_inst_addr": "0", "branch_taken": false},
{"event": "branch", "inst_addr": "0x55f6b4d4493e", "next_inst_addr": "0", "branch_taken": true},
{"event": "branch", "inst_addr": "0x55f6b4d44c13", "next_inst_addr": "0", "branch_taken": true},
{"event": "branch", "inst_addr": "0x55f6b4d44e87", "next_inst_addr": "0", "branch_taken": true},
{"event": "branch", "inst_addr": "0x55f6b4d44be9", "next_inst_addr": "0", "branch_taken": true},
{"event": "branch", "inst_addr": "0x55f6b4d44c1c", "next_inst_addr": "0", "branch_taken": false},
{"event": "branch", "inst_addr": "0x55f6b4d44c22", "next_inst_addr": "0", "branch_taken": false},
{"event": "branch", "inst_addr": "0x55f6b4d44c4f", "next_inst_addr": "0", "branch_taken": true},
{"event": "branch", "inst_addr": "0x55f6b4d44e87", "next_inst_addr": "0", "branch_taken": true},
{"event": "branch", "inst_addr": "0x55f6b4d44be9", "next_inst_addr": "0", "branch_taken": true},
{"event": "branch", "inst_addr": "0x55f6b4d44c1c", "next_inst_addr": "0", "branch_taken": false},
{"event": "branch", "inst_addr": "0x55f6b4d44c22", "next_inst_addr": "0", "branch_taken": false},
{"event": "branch", "inst_addr": "0x55f6b4d44c4f", "next_inst_addr": "0", "branch_taken": true},
{"event": "branch", "inst_addr": "0x55f6b4d44e87", "next_inst_addr": "0", "branch_taken": true},
{"event": "branch", "inst_addr": "0x55f6b4d44be9", "next_inst_addr": "0", "branch_taken": true},
{"event": "branch", "inst_addr": "0x55f6b4d44c1c", "next_inst_addr": "0", "branch_taken": false},
{"event": "branch", "inst_addr": "0x55f6b4d44c22", "next_inst_addr": "0", "branch_taken": false},
{"event": "branch", "inst_addr": "0x55f6b4d44c4f", "next_inst_addr": "0", "branch_taken": true},
{"event": "branch", "inst_addr": "0x55f6b4d44e87", "next_inst_addr": "0", "branch_taken": true},
{"event": "branch", "inst_addr": "0x55f6b4d44be9", "next_inst_addr": "0", "branch_taken": false},
{"event": "branch", "inst_addr": "0x55f6b4d44bef", "next_inst_addr": "0", "branch_taken": false},
{"event": "branch", "inst_addr": "0x55f6b4d4493e", "next_inst_addr": "0", "branch_taken": true},
{"event": "branch", "inst_addr": "0x55f6b4d44c13", "next_inst_addr": "0", "branch_taken": true},
{"event": "branch", "inst_addr": "0x55f6b4d44e87", "next_inst_addr": "0", "branch_taken": true},
{"event": "branch", "inst_addr": "0x55f6b4d44be9", "next_inst_addr": "0", "branch_taken": true},
{"event": "branch", "inst_addr": "0x55f6b4d44c1c", "next_inst_addr": "0", "branch_taken": false},
{"event": "branch", "inst_addr": "0x55f6b4d44c22", "next_inst_addr": "0", "branch_taken": true},
{"event": "branch", "inst_addr": "0x55f6b4d44c58", "next_inst_addr": "0", "branch_taken": true},
{"event": "branch", "inst_addr": "0x55f6b4d44caf", "next_inst_addr": "0", "branch_taken": true},
{"event": "branch", "inst_addr": "0x55f6b4d44d06", "next_inst_addr": "0", "branch_taken": true},
{"event": "branch", "inst_addr": "0x55f6b4d44d5d", "next_inst_addr": "0", "branch_taken": false},
{"event": "branch", "inst_addr": "0x55f6b4d448dc", "next_inst_addr": "0", "branch_taken": true},
{"event": "branch", "inst_addr": "0x55f6b4d448dc", "next_inst_addr": "0", "branch_taken": true},
{"event": "branch", "inst_addr": "0x55f6b4d4493e", "next_inst_addr": "0", "branch_taken": true},
{"event": "branch", "inst_addr": "0x55f6b4d44dab", "next_inst_addr": "0", "branch_taken": true},
{"event": "branch", "inst_addr": "0x55f6b4d44e87", "next_inst_addr": "0", "branch_taken": true},
{"event": "branch", "inst_addr": "0x55f6b4d44be9", "next_inst_addr": "0", "branch_taken": true},
{"event": "branch", "inst_addr": "0x55f6b4d44c1c", "next_inst_addr": "0", "branch_taken": false},
{"event": "branch", "inst_addr": "0x55f6b4d44c22", "next_inst_addr": "0", "branch_taken": true},
{"event": "branch", "inst_addr": "0x55f6b4d44c58", "next_inst_addr": "0", "branch_taken": true},
{"event": "branch", "inst_addr": "0x55f6b4d44caf", "next_inst_addr": "0", "branch_taken": true},
{"event": "branch", "inst_addr": "0x55f6b4d44d06", "next_inst_addr": "0", "branch_taken": true},
{"event": "branch", "inst_addr": "0x55f6b4d44d5d", "next_inst_addr": "0", "branch_taken": false},
{"event": "branch", "inst_addr": "0x55f6b4d448dc", "next_inst_addr": "0", "branch_taken": true},
{"event": "branch", "inst_addr": "0x55f6b4d448dc", "next_inst_addr": "0", "branch_taken": true},
{"event": "branch", "inst_addr": "0x55f6b4d4493e", "next_inst_addr": "0", "branch_taken": true},
{"event": "branch", "inst_addr": "0x55f6b4d44dab", "next_inst_addr": "0", "branch_taken": true},
{"event": "branch", "inst_addr": "0x55f6b4d44e87", "next_inst_addr": "0", "branch_taken": true},
{"event": "branch", "inst_addr": "0x55f6b4d44be9", "next_inst_addr": "0", "branch_taken": true},
{"event": "branch", "inst_addr": "0x55f6b4d44c1c", "next_inst_addr": "0", "branch_taken": true},
{"event": "branch", "inst_addr": "0x55f6b4d44c58", "next_inst_addr": "0", "branch_taken": true},
{"event": "branch", "inst_addr": "0x55f6b4d44caf", "next_inst_addr": "0", "branch_taken": false},
{"event": "branch", "inst_addr": "0x55f6b4d448dc", "next_inst_addr": "0", "branch_taken": true},
{"event": "branch", "inst_addr": "0x55f6b4d448dc", "next_inst_addr": "0", "branch_taken": true},
{"event": "branch", "inst_addr": "0x55f6b4d4493e", "next_inst_addr": "0", "branch_taken": true},
{"event": "branch", "inst_addr": "0x55f6b4d44cfd", "next_inst_addr": "0", "branch_taken": true},
{"event": "branch", "inst_addr": "0x55f6b4d44e87", "next_inst_addr": "0", "branch_taken": true},
{"event": "branch", "inst_addr": "0x55f6b4d44be9", "next_inst_addr": "0", "branch_taken": true},
{"event": "branch", "inst_addr": "0x55f6b4d44c1c", "next_inst_addr": "0", "branch_taken": false},
{"event": "branch", "inst_addr": "0x55f6b4d44c22", "next_inst_addr": "0", "branch_taken": true},
{"event": "branch", "inst_addr": "0x55f6b4d44c58", "next_inst_addr": "0", "branch_taken": true},
{"event": "branch", "inst_addr": "0x55f6b4d44caf", "next_inst_addr": "0", "branch_taken": true},
{"event": "branch", "inst_addr": "0x55f6b4d44d06", "next_inst_addr": "0", "branch_taken": true},
{"event": "branch", "inst_addr": "0x55f6b4d44d5d", "next_inst_addr": "0", "branch_taken": false},
{"event": "branch", "inst_addr": "0x55f6b4d448dc", "next_inst_addr": "0", "branch_taken": true},
{"event": "branch", "inst_addr": "0x55f6b4d448dc", "next_inst_addr": "0", "branch_taken": true},
{"event": "branch", "inst_addr": "0x55f6b4d4493e", "next_inst_addr": "0", "branch_taken": true},
{"event": "branch", "inst_addr": "0x55f6b4d44dab", "next_inst_addr": "0", "branch_taken": true},
{"event": "branch", "inst_addr": "0x55f6b4d44e87", "next_inst_addr": "0", "branch_taken": true},
{"event": "branch", "inst_addr": "0x55f6b4d44be9", "next_inst_addr": "0", "branch_taken": true},
{"event": "branch", "inst_addr": "0x55f6b4d44c1c", "next_inst_addr": "0", "branch_taken": false},
{"event": "branch", "inst_addr": "0x55f6b4d44c22", "next_inst_addr": "0", "branch_taken": true},
{"event": "branch", "inst_addr": "0x55f6b4d44c58", "next_inst_addr": "0", "branch_taken": true},
{"event": "branch", "inst_addr": "0x55f6b4d44caf", "next_inst_addr": "0", "branch_taken": true},
{"event": "branch", "inst_addr": "0x55f6b4d44d06", "next_inst_addr": "0", "branch_taken": true},
{"event": "branch", "inst_addr": "0x55f6b4d44d5d", "next_inst_addr": "0", "branch_taken": true},
{"event": "branch", "inst_addr": "0x55f6b4d44db4", "next_inst_addr": "0", "branch_taken": false},
{"event": "branch", "inst_addr": "0x55f6b4d448dc", "next_inst_addr": "0", "branch_taken": true},
{"event": "branch", "inst_addr": "0x55f6b4d448dc", "next_inst_addr": "0", "branch_taken": true},
{"event": "branch", "inst_addr": "0x55f6b4d4493e", "next_inst_addr": "0", "branch_taken": true},
{"event": "branch", "inst_addr": "0x55f6b4d44e02", "next_inst_addr": "0", "branch_taken": true},
{"event": "branch", "inst_addr": "0x55f6b4d44e87", "next_inst_addr": "0", "branch_taken": true},
{"event": "branch", "inst_addr": "0x55f6b4d44be9", "next_inst_addr": "0", "branch_taken": true},
{"event": "branch", "inst_addr": "0x55f6b4d44c1c", "next_inst_addr": "0", "branch_taken": true},
{"event": "branch", "inst_addr": "0x55f6b4d44c58", "next_inst_addr": "0", "branch_taken": true},
{"event": "branch", "inst_addr": "0x55f6b4d44caf", "next_inst_addr": "0", "branch_taken": false},
{"event": "branch", "inst_addr": "0x55f6b4d448dc", "next_inst_addr": "0", "branch_taken": true},
{"event": "branch", "inst_addr": "0x55f6b4d448dc", "next_inst_addr": "0", "branch_taken": true},
{"event": "branch", "inst_addr": "0x55f6b4d4493e", "next_inst_addr": "0", "branch_taken": true},
{"event": "branch", "inst_addr": "0x55f6b4d44cfd", "next_inst_addr": "0", "branch_taken": true},
{"event": "branch", "inst_addr": "0x55f6b4d44e87", "next_inst_addr": "0", "branch_taken": true},
{"event": "branch", "inst_addr": "0x55f6b4d44be9", "next_inst_addr": "0", "branch_taken": true},
{"event": "branch", "inst_addr": "0x55f6b4d44c1c", "next_inst_addr": "0", "branch_taken": false},
{"event": "branch", "inst_addr": "0x55f6b4d44c22", "next_inst_addr": "0", "branch_taken": false},
{"event": "branch", "inst_addr": "0x55f6b4d44c4f", "next_inst_addr": "0", "branch_taken": true},
{"event": "branch", "inst_addr": "0x55f6b4d44e87", "next_inst_addr": "0", "branch_taken": true},
{"event": "branch", "inst_addr": "0x55f6b4d44be9", "next_inst_addr": "0", "branch_taken": true},
{"event": "branch", "inst_addr": "0x55f6b4d44c1c", "next_inst_addr": "0", "branch_taken": false},
{"event": "branch", "inst_addr": "0x55f6b4d44c22", "next_inst_addr": "0", "branch_taken": false},
{"event": "branch", "inst_addr": "0x55f6b4d44c4f", "next_inst_addr": "0", "branch_taken": true},
{"event": "branch", "inst_addr": "0x55f6b4d44e87", "next_inst_addr": "0", "branch_taken": true},
{"event": "branch", "inst_addr": "0x55f6b4d44be9", "next_inst_addr": "0", "branch_taken": true},
{"event": "branch", "inst_addr": "0x55f6b4d44c1c", "next_inst_addr": "0", "branch_taken": false},
{"event": "branch", "inst_addr": "0x55f6b4d44c22", "next_inst_addr": "0", "branch_taken": false},
{"event": "branch", "inst_addr": "0x55f6b4d44c4f", "next_inst_addr": "0", "branch_taken": true},
{"event": "branch", "inst_addr": "0x55f6b4d44e87", "next_inst_addr": "0", "branch_taken": true},
{"event": "branch", "inst_addr": "0x55f6b4d44be9", "next_inst_addr": "0", "branch_taken": false},
{"event": "branch", "inst_addr": "0x55f6b4d44bef", "next_inst_addr": "0", "branch_taken": false},
{"event": "branch", "inst_addr": "0x55f6b4d4493e", "next_inst_addr": "0", "branch_taken": true},
{"event": "branch", "inst_addr": "0x55f6b4d44c13", "next_inst_addr": "0", "branch_taken": true},
{"event": "branch", "inst_addr": "0x55f6b4d44e87", "next_inst_addr": "0", "branch_taken": true},
{"event": "branch", "inst_addr": "0x55f6b4d44be9", "next_inst_addr": "0", "branch_taken": true},
{"event": "branch", "inst_addr": "0x55f6b4d44c1c", "next_inst_addr": "0", "branch_taken": false},
{"event": "branch", "inst_addr": "0x55f6b4d44c22", "next_inst_addr": "0", "branch_taken": false},
{"event": "branch", "inst_addr": "0x55f6b4d44c4f", "next_inst_addr": "0", "branch_taken": true},
{"event": "branch", "inst_addr": "0x55f6b4d44e87", "next_inst_addr": "0", "branch_taken": true},
{"event": "branch", "inst_addr": "0x55f6b4d44be9", "next_inst_addr": "0", "branch_taken": true},
{"event": "branch", "inst_addr": "0x55f6b4d44c1c", "next_inst_addr": "0", "branch_taken": false},
{"event": "branch", "inst_addr": "0x55f6b4d44c22", "next_inst_addr": "0", "branch_taken": false},
{"event": "branch", "inst_addr": "0x55f6b4d44c4f", "next_inst_addr": "0", "branch_taken": true},
{"event": "branch", "inst_addr": "0x55f6b4d44e87", "next_inst_addr": "0", "branch_taken": true},
{"event": "branch", "inst_addr": "0x55f6b4d44be9", "next_inst_addr": "0", "branch_taken": true},
{"event": "branch", "inst_addr": "0x55f6b4d44c1c", "next_inst_addr": "0", "branch_taken": false},
{"event": "branch", "inst_addr": "0x55f6b4d44c22", "next_inst_addr": "0", "branch_taken": false},
{"event": "branch", "inst_addr": "0x55f6b4d44c4f", "next_inst_addr": "0", "branch_taken": true},
{"event": "branch", "inst_addr": "0x55f6b4d44e87", "next_inst_addr": "0", "branch_taken": true},
{"event": "branch", "inst_addr": "0x55f6b4d44be9", "next_inst_addr": "0", "branch_taken": false},
{"event": "branch", "inst_addr": "0x55f6b4d44bef", "next_inst_addr": "0", "branch_taken": false},
{"event": "branch", "inst_addr": "0x55f6b4d4493e", "next_inst_addr": "0", "branch_taken": true},
{"event": "branch", "inst_addr": "0x55f6b4d44c13", "next_inst_addr": "0", "branch_taken": true},
{"event": "branch", "inst_addr": "0x55f6b4d44e87", "next_inst_addr": "0", "branch_taken": true},
{"event": "branch", "inst_addr": "0x55f6b4d44be9", "next_inst_addr": "0", "branch_taken": true},
{"event": "branch", "inst_addr": "0x55f6b4d44c1c", "next_inst_addr": "0", "branch_taken": false},
{"event": "branch", "inst_addr": "0x55f6b4d44c22", "next_inst_addr": "0", "branch_taken": false},
{"event": "branch", "inst_addr": "0x55f6b4d44c4f", "next_inst_addr": "0", "branch_taken": true},
{"event": "branch", "inst_addr": "0x55f6b4d44e87", "next_inst_addr": "0", "branch_taken": true},
{"event": "branch", "inst_addr": "0x55f6b4d44be9", "next_inst_addr": "0", "branch_taken": true},
{"event": "branch", "inst_addr": "0x55f6b4d44c1c", "next_inst_addr": "0", "branch_taken": false},
{"event": "branch", "inst_addr": "0x55f6b4d44c22", "next_inst_addr": "0", "branch_taken": false},
{"event": "branch", "inst_addr": "0x55f6b4d44c4f", "next_inst_addr": "0", "branch_taken": true},
{"event": "branch", "inst_addr": "0x55f6b4d44e87", "next_inst_addr": "0", "branch_taken": true},
{"event": "branch", "inst_addr": "0x55f6b4d44be9", "next_inst_addr": "0", "branch_taken": true},
{"event": "branch", "inst_addr": "0x55f6b4d44c1c", "next_inst_addr": "0", "branch_taken": false},
{"event": "branch", "inst_addr": "0x55f6b4d44c22", "next_inst_addr": "0", "branch_taken": false},
{"event": "branch", "inst_addr": "0x55f6b4d44c4f", "next_inst_addr": "0", "branch_taken": true},
{"event": "branch", "inst_addr": "0x55f6b4d44e87", "next_inst_addr": "0", "branch_taken": true},
{"event": "branch", "inst_addr": "0x55f6b4d44be9", "next_inst_addr": "0", "branch_taken": false},
{"event": "branch", "inst_addr": "0x55f6b4d44bef", "next_inst_addr": "0", "branch_taken": false},
{"event": "branch", "inst_addr": "0x55f6b4d4493e", "next_inst_addr": "0", "branch_taken": true},
{"event": "branch", "inst_addr": "0x55f6b4d44c13", "next_inst_addr": "0", "branch_taken": true},
{"event": "branch", "inst_addr": "0x55f6b4d44e87", "next_inst_addr": "0", "branch_taken": true},
{"event": "branch", "inst_addr": "0x55f6b4d44be9", "next_inst_addr": "0", "branch_taken": true},
{"event": "branch", "inst_addr": "0x55f6b4d44c1c", "next_inst_addr": "0", "branch_taken": false},
{"event": "branch", "inst_addr": "0x55f6b4d44c22", "next_inst_addr": "0", "branch_taken": true},
{"event": "branch", "inst_addr": "0x55f6b4d44c58", "next_inst_addr": "0", "branch_taken": true},
{"event": "branch", "inst_addr": "0x55f6b4d44caf", "next_inst_addr": "0", "branch_taken": true},
{"event": "branch", "inst_addr": "0x55f6b4d44d06", "next_inst_addr": "0", "branch_taken": true},
{"event": "branch", "inst_addr": "0x55f6b4d44d5d", "next_inst_addr": "0", "branch_taken": false},
{"event": "branch", "inst_addr": "0x55f6b4d448dc", "next_inst_addr": "0", "branch_taken": true},
{"event": "branch", "inst_addr": "0x55f6b4d448dc", "next_inst_addr": "0", "branch_taken": true},
{"event": "branch", "inst_addr": "0x55f6b4d4493e", "next_inst_addr": "0", "branch_taken": true},
{"event": "branch", "inst_addr": "0x55f6b4d44dab", "next_inst_addr": "0", "branch_taken": true},
{"event": "branch", "inst_addr": "0x55f6b4d44e87", "next_inst_addr": "0", "branch_taken": true},
{"event": "branch", "inst_addr": "0x55f6b4d44be9", "next_inst_addr": "0", "branch_taken": true},
{"event": "branch", "inst_addr": "0x55f6b4d44c1c", "next_inst_addr": "0", "branch_taken": false},
{"event": "branch", "inst_addr": "0x55f6b4d44c22", "next_inst_addr": "0", "branch_taken": true},
{"event": "branch", "inst_addr": "0x55f6b4d44c58", "next_inst_addr": "0", "branch_taken": true},
{"event": "branch", "inst_addr": "0x55f6b4d44caf", "next_inst_addr": "0", "branch_taken": true},
{"event": "branch", "inst_addr": "0x55f6b4d44d06", "next_inst_addr": "0", "branch_taken": true},
{"event": "branch", "inst_addr": "0x55f6b4d44d5d", "next_inst_addr": "0", "branch_taken": false},
{"event": "branch", "inst_addr": "0x55f6b4d448dc", "next_inst_addr": "0", "branch_taken": true},
{"event": "branch", "inst_addr": "0x55f6b4d448dc", "next_inst_addr": "0", "branch_taken": true},
{"event": "branch", "inst_addr": "0x55f6b4d4493e", "next_inst_addr": "0", "branch_taken": true},
{"event": "branch", "inst_addr": "0x55f6b4d44dab", "next_inst_addr": "0", "branch_taken": true},
{"event": "branch", "inst_addr": "0x55f6b4d44e87", "next_inst_addr": "0", "branch_taken": true},
{"event": "branch", "inst_addr": "0x55f6b4d44be9", "next_inst_addr": "0", "branch_taken": true},
{"event": "branch", "inst_addr": "0x55f6b4d44c1c", "next_inst_addr": "0", "branch_taken": true},
{"event": "branch", "inst_addr": "0x55f6b4d44c58", "next_inst_addr": "0", "branch_taken": true},
{"event": "branch", "inst_addr": "0x55f6b4d44caf", "next_inst_addr": "0", "branch_taken": false},
{"event": "branch", "inst_addr": "0x55f6b4d448dc", "next_inst_addr": "0", "branch_taken": true},
{"event": "branch", "inst_addr": "0x55f6b4d448dc", "next_inst_addr": "0", "branch_taken": true},
{"event": "branch", "inst_addr": "0x55f6b4d4493e", "next_inst_addr": "0", "branch_taken": true},
{"event": "branch", "inst_addr": "0x55f6b4d44cfd", "next_inst_addr": "0", "branch_taken": true},
{"event": "branch", "inst_addr": "0x55f6b4d44e87", "next_inst_addr": "0", "branch_taken": true},
{"event": "branch", "inst_addr": "0x55f6b4d44be9", "next_inst_addr": "0", "branch_taken": true},
{"event": "branch", "inst_addr": "0x55f6b4d44c1c", "next_inst_addr": "0", "branch_taken": false},
{"event": "branch", "inst_addr": "0x55f6b4d44c22", "next_inst_addr": "0", "branch_taken": false},
{"event": "branch", "inst_addr": "0x55f6b4d44c4f", "next_inst_addr": "0", "branch_taken": true},
{"event": "branch", "inst_addr": "0x55f6b4d44e87", "next_inst_addr": "0", "branch_taken": true},
{"event": "branch", "inst_addr": "0x55f6b4d44be9", "next_inst_addr": "0", "branch_taken": true},
{"event": "branch", "inst_addr": "0x55f6b4d44c1c", "next_inst_addr": "0", "branch_taken": false},
{"event": "branch", "inst_addr": "0x55f6b4d44c22", "next_inst_addr": "0", "branch_taken": false},
{"event": "branch", "inst_addr": "0x55f6b4d44c4f", "next_inst_addr": "0", "branch_taken": true},
{"event": "branch", "inst_addr": "0x55f6b4d44e87", "next_inst_addr": "0", "branch_taken": true},
{"event": "branch", "inst_addr": "0x55f6b4d44be9", "next_inst_addr": "0", "branch_taken": true},
{"event": "branch", "inst_addr": "0x55f6b4d44c1c", "next_inst_addr": "0", "branch_taken": false},
{"event": "branch", "inst_addr": "0x55f6b4d44c22", "next_inst_addr": "0", "branch_taken": false},
{"event": "branch", "inst_addr": "0x55f6b4d44c4f", "next_inst_addr": "0", "branch_taken": true},
{"event": "branch", "inst_addr": "0x55f6b4d44e87", "next_inst_addr": "0", "branch_taken": true},
{"event": "branch", "inst_addr": "0x55f6b4d44be9", "next_inst_addr": "0", "branch_taken": false},
{"event": "branch", "inst_addr": "0x55f6b4d44bef", "next_inst_addr": "0", "branch_taken": false},
{"event": "branch", "inst_addr": "0x55f6b4d4493e", "next_inst_addr": "0", "branch_taken": true},
{"event": "branch", "inst_addr": "0x55f6b4d44c13", "next_inst_addr": "0", "branch_taken": true},
{"event": "branch", "inst_addr": "0x55f6b4d44e87", "next_inst_addr": "0", "branch_taken": true},
{"event": "branch", "inst_addr": "0x55f6b4d44be9", "next_inst_addr": "0", "branch_taken": true},
{"event": "branch", "inst_addr": "0x55f6b4d44c1c", "next_inst_addr": "0", "branch_taken": false},
{"event": "branch", "inst_addr": "0x55f6b4d44c22", "next_inst_addr": "0", "branch_taken": false},
{"event": "branch", "inst_addr": "0x55f6b4d44c4f", "next_inst_addr": "0", "branch_taken": true},
{"event": "branch", "inst_addr": "0x55f6b4d44e87", "next_inst_addr": "0", "branch_taken": true},
{"event": "branch", "inst_addr": "0x55f6b4d44be9", "next_inst_addr": "0", "branch_taken": true},
{"event": "branch", "inst_addr": "0x55f6b4d44c1c", "next_inst_addr": "0", "branch_taken": false},
{"event": "branch", "inst_addr": "0x55f6b4d44c22", "next_inst_addr": "0", "branch_taken": false},
{"event": "branch", "inst_addr": "0x55f6b4d44c4f", "next_inst_addr": "0", "branch_taken": true},
{"event": "branch", "inst_addr": "0x55f6b4d44e87", "next_inst_addr": "0", "branch_taken": true},
{"event": "branch", "inst_addr": "0x55f6b4d44be9", "next_inst_addr": "0", "branch_taken": true},
{"event": "branch", "inst_addr": "0x55f6b4d44c1c", "next_inst_addr": "0", "branch_taken": false},
{"event": "branch", "inst_addr": "0x55f6b4d44c22", "next_inst_addr": "0", "branch_taken": false},
{"event": "branch", "inst_addr": "0x55f6b4d44c4f", "next_inst_addr": "0", "branch_taken": true},
{"event": "branch", "inst_addr": "0x55f6b4d44e87", "next_inst_addr": "0", "branch_taken": true},
{"event": "branch", "inst_addr": "0x55f6b4d44be9", "next_inst_addr": "0", "branch_taken": false},
{"event": "branch", "inst_addr": "0x55f6b4d44bef", "next_inst_addr": "0", "branch_taken": false},
{"event": "branch", "inst_addr": "0x55f6b4d4493e", "next_inst_addr": "0", "branch_taken": true},
{"event": "branch", "inst_addr": "0x55f6b4d44c13", "next_inst_addr": "0", "branch_taken": true},
{"event": "branch", "inst_addr": "0x55f6b4d44e87", "next_inst_addr": "0", "branch_taken": true},
{"event": "branch", "inst_addr": "0x55f6b4d44be9", "next_inst_addr": "0", "branch_taken": true},
{"event": "branch", "inst_addr": "0x55f6b4d44c1c", "next_inst_addr": "0", "branch_taken": false},
{"event": "branch", "inst_addr": "0x55f6b4d44c22", "next_inst_addr": "0", "branch_taken": false},
{"event": "branch", "inst_addr": "0x55f6b4d44c4f", "next_inst_addr": "0", "branch_taken": true},
{"event": "branch", "inst_addr": "0x55f6b4d44e87", "next_inst_addr": "0", "branch_taken": true},
{"event": "branch", "inst_addr": "0x55f6b4d44be9", "next_inst_addr": "0", "branch_taken": true},
{"event": "branch", "inst_addr": "0x55f6b4d44c1c", "next_inst_addr": "0", "branch_taken": false},
{"event": "branch", "inst_addr": "0x55f6b4d44c22", "next_inst_addr": "0", "branch_taken": false},
{"event": "branch", "inst_addr": "0x55f6b4d44c4f", "next_inst_addr": "0", "branch_taken": true},
{"event": "branch", "inst_addr": "0x55f6b4d44e87", "next_inst_addr": "0", "branch_taken": true},
{"event": "branch", "inst_addr": "0x55f6b4d44be9", "next_inst_addr": "0", "branch_taken": true},
{"event": "branch", "inst_addr": "0x55f6b4d44c1c", "next_inst_addr": "0", "branch_taken": false},
{"event": "branch", "inst_addr": "0x55f6b4d44c22", "next_inst_addr": "0", "branch_taken": false},
{"event": "branch", "inst_addr": "0x55f6b4d44c4f", "next_inst_addr": "0", "branch_taken": true},
{"event": "branch", "inst_addr": "0x55f6b4d44e87", "next_inst_addr": "0", "branch_taken": true},
{"event": "branch", "inst_addr": "0x55f6b4d44be9", "next_inst_addr": "0", "branch_taken": false},
{"event": "branch", "inst_addr": "0x55f6b4d44bef", "next_inst_addr": "0", "branch_taken": false},
{"event": "branch", "inst_addr": "0x55f6b4d4493e", "next_inst_addr": "0", "branch_taken": true},
{"event": "branch", "inst_addr": "0x55f6b4d44c13", "next_inst_addr": "0", "branch_taken": true},
{"event": "branch", "inst_addr": "0x55f6b4d44e87", "next_inst_addr": "0", "branch_taken": true},
{"event": "branch", "inst_addr": "0x55f6b4d44be9", "next_inst_addr": "0", "branch_taken": true},
{"event": "branch", "inst_addr": "0x55f6b4d44c1c", "next_inst_addr": "0", "branch_taken": false},
{"event": "branch", "inst_addr": "0x55f6b4d44c22", "next_inst_addr": "0", "branch_taken": false},
{"event": "branch", "inst_addr": "0x55f6b4d44c4f", "next_inst_addr": "0", "branch_taken": true},
{"event": "branch", "inst_addr": "0x55f6b4d44e87", "next_inst_addr": "0", "branch_taken": true},
{"event": "branch", "inst_addr": "0x55f6b4d44be9", "next_inst_addr": "0", "branch_taken": true},
{"event": "branch", "inst_addr": "0x55f6b4d44c1c", "next_inst_addr": "0", "branch_taken": false},
{"event": "branch", "inst_addr": "0x55f6b4d44c22", "next_inst_addr": "0", "branch_taken": false},
{"event": "branch", "inst_addr": "0x55f6b4d44c4f", "next_inst_addr": "0", "branch_taken": true},
{"event": "branch", "inst_addr": "0x55f6b4d44e87", "next_inst_addr": "0", "branch_taken": true},
{"event": "branch", "inst_addr": "0x55f6b4d44be9", "next_inst_addr": "0", "branch_taken": true},
{"event": "branch", "inst_addr": "0x55f6b4d44c1c", "next_inst_addr": "0", "branch_taken": false},
{"event": "branch", "inst_addr": "0x55f6b4d44c22", "next_inst_addr": "0", "branch_taken": false},
{"event": "branch", "inst_addr": "0x55f6b4d44c4f", "next_inst_addr": "0", "branch_taken": true},
{"event": "branch", "inst_addr": "0x55f6b4d44e87", "next_inst_addr": "0", "branch_taken": true},
{"event": "branch", "inst_addr": "0x55f6b4d44be9", "next_inst_addr": "0", "branch_taken": false},
{"event": "branch", "inst_addr": "0x55f6b4d44bef", "next_inst_addr": "0", "branch_taken": false},
{"event": "branch", "inst_addr": "0x55f6b4d4493e", "next_inst_addr": "0", "branch_taken": true},
{"event": "branch", "inst_addr": "0x55f6b4d44c13", "next_inst_addr": "0", "branch_taken": true},
{"event": "branch", "inst_addr": "0x55f6b4d44e87", "next_inst_addr": "0", "branch_taken": true},
{"event": "branch", "inst_addr": "0x55f6b4d44be9", "next_inst_addr": "0", "branch_taken": true},
{"event": "branch", "inst_addr": "0x55f6b4d44c1c", "next_inst_addr": "0", "branch_taken": false},
{"event": "branch", "inst_addr": "0x55f6b4d44c22", "next_inst_addr": "0", "branch_taken": false},
{"event": "branch", "inst_addr": "0x55f6b4d44c4f", "next_inst_addr": "0", "branch_taken": true},
{"event": "branch", "inst_addr": "0x55f6b4d44e87", "next_inst_addr": "0", "branch_taken": true},
{"event": "branch", "inst_addr": "0x55f6b4d44be9", "next_inst_addr": "0", "branch_taken": true},
{"event": "branch", "inst_addr": "0x55f6b4d44c1c", "next_inst_addr": "0", "branch_taken": false},
{"event": "branch", "inst_addr": "0x55f6b4d44c22", "next_inst_addr": "0", "branch_taken": false},
{"event": "branch", "inst_addr": "0x55f6b4d44c4f", "next_inst_addr": "0", "branch_taken": true},
{"event": "branch", "inst_addr": "0x55f6b4d44e87", "next_inst_addr": "0", "branch_taken": true},
{"event": "branch", "inst_addr": "0x55f6b4d44be9", "next_inst_addr": "0", "branch_taken": true},
{"event": "branch", "inst_addr": "0x55f6b4d44c1c", "next_inst_addr": "0", "branch_taken": false},
{"event": "branch", "inst_addr": "0x55f6b4d44c22", "next_inst_addr": "0", "branch_taken": false},
{"event": "branch", "inst_addr": "0x55f6b4d44c4f", "next_inst_addr": "0", "branch_taken": true},
{"event": "branch", "inst_addr": "0x55f6b4d44e87", "next_inst_addr": "0", "branch_taken": true},
{"event": "branch", "inst_addr": "0x55f6b4d44be9", "next_inst_addr": "0", "branch_taken": false},
{"event": "branch", "inst_addr": "0x55f6b4d44bef", "next_inst_addr": "0", "branch_taken": false},
{"event": "branch", "inst_addr": "0x55f6b4d4493e", "next_inst_addr": "0", "branch_taken": true},
{"event": "branch", "inst_addr": "0x55f6b4d44c13", "next_inst_addr": "0", "branch_taken": true},
{"event": "branch", "inst_addr": "0x55f6b4d44e87", "next_inst_addr": "0", "branch_taken": true},
{"event": "branch", "inst_addr": "0x55f6b4d44be9", "next_inst_addr": "0", "branch_taken": true},
{"event": "branch", "inst_addr": "0x55f6b4d44c1c", "next_inst_addr": "0", "branch_taken": true},
{"event": "branch", "inst_addr": "0x55f6b4d44c58", "next_inst_addr": "0", "branch_taken": true},
{"event": "branch", "inst_addr": "0x55f6b4d44caf", "next_inst_addr": "0", "branch_taken": false},
{"event": "branch", "inst_addr": "0x55f6b4d448dc", "next_inst_addr": "0", "branch_taken": true},
{"event": "branch", "inst_addr": "0x55f6b4d448dc", "next_inst_addr": "0", "branch_taken": true},
{"event": "branch", "inst_addr": "0x55f6b4d4493e", "next_inst_addr": "0", "branch_taken": true},
{"event": "branch", "inst_addr": "0x55f6b4d44cfd", "next_inst_addr": "0", "branch_taken": true},
{"event": "branch", "inst_addr": "0x55f6b4d44e87", "next_inst_addr": "0", "branch_taken": true},
{"event": "branch", "inst_addr": "0x55f6b4d44be9", "next_inst_addr": "0", "branch_taken": true},
{"event": "branch", "inst_addr": "0x55f6b4d44c1c", "next_inst_addr": "0", "branch_taken": true},
{"event": "branch", "inst_addr": "0x55f6b4d44c58", "next_inst_addr": "0", "branch_taken": false},
{"event": "branch", "inst_addr": "0x55f6b4d448dc", "next_inst_addr": "0", "branch_taken": true},
{"event": "branch", "inst_addr": "0x55f6b4d448dc", "next_inst_addr": "0", "branch_taken": true},
{"event": "branch", "inst_addr": "0x55f6b4d44a0b", "next_inst_addr": "0", "branch_taken": true},
{"event": "branch", "inst_addr": "0x55f6b4d44a1f", "next_inst_addr": "0", "branch_taken": true},
{"event": "branch", "inst_addr": "0x55f6b4d44a1f", "next_inst_addr": "0", "branch_taken": true},
{"event": "branch", "inst_addr": "0x55f6b4d44a1f", "next_inst_addr": "0", "branch_taken": true},
{"event": "branch", "inst_addr": "0x55f6b4d44a1f", "next_inst_addr": "0", "branch_taken": false},
{"event": "branch", "inst_addr": "0x55f6b4d4493e", "next_inst_addr": "0", "branch_taken": true},
{"event": "branch", "inst_addr": "0x55f6b4d44ca6", "next_inst_addr": "0", "branch_taken": true},
{"event": "branch", "inst_addr": "0x55f6b4d44e87", "next_inst_addr": "0", "branch_taken": true},
{"event": "branch", "inst_addr": "0x55f6b4d44be9", "next_inst_addr": "0", "branch_taken": true},
{"event": "branch", "inst_addr": "0x55f6b4d44c1c", "next_inst_addr": "0", "branch_taken": true},
{"event": "branch", "inst_addr": "0x55f6b4d44c58", "next_inst_addr": "0", "branch_taken": true},
{"event": "branch", "inst_addr": "0x55f6b4d44caf", "next_inst_addr": "0", "branch_taken": false},
{"event": "branch", "inst_addr": "0x55f6b4d448dc", "next_inst_addr": "0", "branch_taken": true},
{"event": "branch", "inst_addr": "0x55f6b4d448dc", "next_inst_addr": "0", "branch_taken": true},
{"event": "branch", "inst_addr": "0x55f6b4d4493e", "next_inst_addr": "0", "branch_taken": true},
{"event": "branch", "inst_addr": "0x55f6b4d44cfd", "next_inst_addr": "0", "branch_taken": true},
{"event": "branch", "inst_addr": "0x55f6b4d44e87", "next_inst_addr": "0", "branch_taken": true},
{"event": "branch", "inst_addr": "0x55f6b4d44be9", "next_inst_addr": "0", "branch_taken": true},
{"event": "branch", "inst_addr": "0x55f6b4d44c1c", "next_inst_addr": "0", "branch_taken": false},
{"event": "branch", "inst_addr": "0x55f6b4d44c22", "next_inst_addr": "0", "branch_taken": true},
{"event": "branch", "inst_addr": "0x55f6b4d44c58", "next_inst_addr": "0", "branch_taken": true},
{"event": "branch", "inst_addr": "0x55f6b4d44caf", "next_inst_addr": "0", "branch_taken": true},
{"event": "branch", "inst_addr": "0x55f6b4d44d06", "next_inst_addr": "0", "branch_taken": true},
{"event": "branch", "inst_addr": "0x55f6b4d44d5d", "next_inst_addr": "0", "branch_taken": true},
{"event": "branch", "inst_addr": "0x55f6b4d44db4", "next_inst_addr": "0", "branch_taken": false},
{"event": "branch", "inst_addr": "0x55f6b4d448dc", "next_inst_addr": "0", "branch_taken": true},
{"event": "branch", "inst_addr": "0x55f6b4d448dc", "next_inst_addr": "0", "branch_taken": true},
{"event": "branch", "inst_addr": "0x55f6b4d4493e", "next_inst_addr": "0", "branch_taken": true},
{"event": "branch", "inst_addr": "0x55f6b4d44e02", "next_inst_addr": "0", "branch_taken": true},
{"event": "branch", "inst_addr": "0x55f6b4d44e87", "next_inst_addr": "0", "branch_taken": true},
{"event": "branch", "inst_addr": "0x55f6b4d44be9", "next_inst_addr": "0", "branch_taken": true},
{"event": "branch", "inst_addr": "0x55f6b4d44c1c", "next_inst_addr": "0", "branch_taken": true},
{"event": "branch", "inst_addr": "0x55f6b4d44c58", "next_inst_addr": "0", "branch_taken": false},
{"event": "branch", "inst_addr": "0x55f6b4d448dc", "next_inst_addr": "0", "branch_taken": true},
{"event": "branch", "inst_addr": "0x55f6b4d448dc", "next_inst_addr": "0", "branch_taken": true},
{"event": "branch", "inst_addr": "0x55f6b4d44a0b", "next_inst_addr": "0", "branch_taken": true},
{"event": "branch", "inst_addr": "0x55f6b4d44a1f", "next_inst_addr": "0", "branch_taken": true},
{"event": "branch", "inst_addr": "0x55f6b4d44a1f", "next_inst_addr": "0", "branch_taken": true},
{"event": "branch", "inst_addr": "0x55f6b4d44a1f", "next_inst_addr": "0", "branch_taken": true},
{"event": "branch", "inst_addr": "0x55f6b4d44a1f", "next_inst_addr": "0", "branch_taken": true},
{"event": "branch", "inst_addr": "0x55f6b4d44a1f", "next_inst_addr": "0", "branch_taken": true},
{"event": "branch", "inst_addr": "0x55f6b4d44a1f", "next_inst_addr": "0", "branch_taken": true},
{"event": "branch", "inst_addr": "0x55f6b4d44a1f", "next_inst_addr": "0", "branch_taken": true},
{"event": "branch", "inst_addr": "0x55f6b4d44a1f", "next_inst_addr": "0", "branch_taken": true},
{"event": "branch", "inst_addr": "0x55f6b4d44a1f", "next_inst_addr": "0", "branch_taken": false},
{"event": "branch", "inst_addr": "0x55f6b4d4493e", "next_inst_addr": "0", "branch_taken": true},
{"event": "branch", "inst_addr": "0x55f6b4d44ca6", "next_inst_addr": "0", "branch_taken": true},
{"event": "branch", "inst_addr": "0x55f6b4d44e87", "next_inst_addr": "0", "branch_taken": true},
{"event": "branch", "inst_addr": "0x55f6b4d44be9", "next_inst_addr": "0", "branch_taken": true},
{"event": "branch", "inst_addr": "0x55f6b4d44c1c", "next_inst_addr": "0", "branch_taken": false},
{"event": "branch", "inst_addr": "0x55f6b4d44c22", "next_inst_addr": "0", "branch_taken": false},
{"event": "branch", "inst_addr": "0x55f6b4d44c4f", "next_inst_addr": "0", "branch_taken": true},
{"event": "branch", "inst_addr": "0x55f6b4d44e87", "next_inst_addr": "0", "branch_taken": true},
{"event": "branch", "inst_addr": "0x55f6b4d44be9", "next_inst_addr": "0", "branch_taken": true},
{"event": "branch", "inst_addr": "0x55f6b4d44c1c", "next_inst_addr": "0", "branch_taken": false},
{"event": "branch", "inst_addr": "0x55f6b4d44c22", "next_inst_addr": "0", "branch_taken": false},
{"event": "branch", "inst_addr": "0x55f6b4d44c4f", "next_inst_addr": "0", "branch_taken": true},
{"event": "branch", "inst_addr": "0x55f6b4d44e87", "next_inst_addr": "0", "branch_taken": true},
{"event": "branch", "inst_addr": "0x55f6b4d44be9", "next_inst_addr": "0", "branch_taken": true},
{"event": "branch", "inst_addr": "0x55f6b4d44c1c", "next_inst_addr": "0", "branch_taken": false},
{"event": "branch", "inst_addr": "0x55f6b4d44c22", "next_inst_addr": "0", "branch_taken": false},
{"event": "branch", "inst_addr": "0x55f6b4d44c4f", "next_inst_addr": "0", "branch_taken": true},
{"event": "branch", "inst_addr": "0x55f6b4d44e87", "next_inst_addr": "0", "branch_taken": true},
{"event": "branch", "inst_addr": "0x55f6b4d44be9", "next_inst_addr": "0", "branch_taken": false},
{"event": "branch", "inst_addr": "0x55f6b4d44bef", "next_inst_addr": "0", "branch_taken": false},
{"event": "branch", "inst_addr": "0x55f6b4d4493e", "next_inst_addr": "0", "branch_taken": true},
{"event": "branch", "inst_addr": "0x55f6b4d44c13", "next_inst_addr": "0", "branch_taken": true},
{"event": "branch", "inst_addr": "0x55f6b4d44e87", "next_inst_addr": "0", "branch_taken": true},
{"event": "branch", "inst_addr": "0x55f6b4d44be9", "next_inst_addr": "0", "branch_taken": true},
{"event": "branch", "inst_addr": "0x55f6b4d44c1c", "next_inst_addr": "0", "branch_taken": false},
{"event": "branch", "inst_addr": "0x55f6b4d44c22", "next_inst_addr": "0", "branch_taken": false},
{"event": "branch", "inst_addr": "0x55f6b4d44c4f", "next_inst_addr": "0", "branch_taken": true},
{"event": "branch", "inst_addr": "0x55f6b4d44e87", "next_inst_addr": "0", "branch_taken": true},
{"event": "branch", "inst_addr": "0x55f6b4d44be9", "next_inst_addr": "0", "branch_taken": true},
{"event": "branch", "inst_addr": "0x55f6b4d44c1c", "next_inst_addr": "0", "branch_taken": false},
{"event": "branch", "inst_addr": "0x55f6b4d44c22", "next_inst_addr": "0", "branch_taken": false},
{"event": "branch", "inst_addr": "0x55f6b4d44c4f", "next_inst_addr": "0", "branch_taken": true},
{"event": "branch", "inst_addr": "0x55f6b4d44e87", "next_inst_addr": "0", "branch_taken": true},
{"event": "branch", "inst_addr": "0x55f6b4d44be9", "next_inst_addr": "0", "branch_taken": true},
{"event": "branch", "inst_addr": "0x55f6b4d44c1c", "next_inst_addr": "0", "branch_taken": false},
{"event": "branch", "inst_addr": "0x55f6b4d44c22", "next_inst_addr": "0", "branch_taken": false},
{"event": "branch", "inst_addr": "0x55f6b4d44c4f", "next_inst_addr": "0", "branch_taken": true},
{"event": "branch", "inst_addr": "0x55f6b4d44e87", "next_inst_addr": "0", "branch_taken": true},
{"event": "branch", "inst_addr": "0x55f6b4d44be9", "next_inst_addr": "0", "branch_taken": false},
{"event": "branch", "inst_addr": "0x55f6b4d44bef", "next_inst_addr": "0", "branch_taken": false},
{"event": "branch", "inst_addr": "0x55f6b4d4493e", "next_inst_addr": "0", "branch_taken": true},
{"event": "branch", "inst_addr": "0x55f6b4d44c13", "next_inst_addr": "0", "branch_taken": true},
{"event": "branch", "inst_addr": "0x55f6b4d44e87", "next_inst_addr": "0", "branch_taken": true},
{"event": "branch", "inst_addr": "0x55f6b4d44be9", "next_inst_addr": "0", "branch_taken": true},
{"event": "branch", "inst_addr": "0x55f6b4d44c1c", "next_inst_addr": "0", "branch_taken": false},
{"event": "branch", "inst_addr": "0x55f6b4d44c22", "next_inst_addr": "0", "branch_taken": false},
{"event": "branch", "inst_addr": "0x55f6b4d44c4f", "next_inst_addr": "0", "branch_taken": true},
{"event": "branch", "inst_addr": "0x55f6b4d44e87", "next_inst_addr": "0", "branch_taken": true},
{"event": "branch", "inst_addr": "0x55f6b4d44be9", "next_inst_addr": "0", "branch_taken": true},
{"event": "branch", "inst_addr": "0x55f6b4d44c1c", "next_inst_addr": "0", "branch_taken": false},
{"event": "branch", "inst_addr": "0x55f6b4d44c22", "next_inst_addr": "0", "branch_taken": false},
{"event": "branch", "inst_addr": "0x55f6b4d44c4f", "next_inst_addr": "0", "branch_taken": true},
{"event": "branch", "inst_addr": "0x55f6b4d44e87", "next_inst_addr": "0", "branch_taken": true},
{"event": "branch", "inst_addr": "0x55f6b4d44be9", "next_inst_addr": "0", "branch_taken": true},
{"event": "branch", "inst_addr": "0x55f6b4d44c1c", "next_inst_addr": "0", "branch_taken": false},
{"event": "branch", "inst_addr": "0x55f6b4d44c22", "next_inst_addr": "0", "branch_taken": false},
{"event": "branch", "inst_addr": "0x55f6b4d44c4f", "next_inst_addr": "0", "branch_taken": true},
{"event": "branch", "inst_addr": "0x55f6b4d44e87", "next_inst_addr": "0", "branch_taken": true},
{"event": "branch", "inst_addr": "0x55f6b4d44be9", "next_inst_addr": "0", "branch_taken": false},
{"event": "branch", "inst_addr": "0x55f6b4d44bef", "next_inst_addr": "0", "branch_taken": false},
{"event": "branch", "inst_addr": "0x55f6b4d4493e", "next_inst_addr": "0", "branch_taken": true},
{"event": "branch", "inst_addr": "0x55f6b4d44c13", "next_inst_addr": "0", "branch_taken": true},
{"event": "branch", "inst_addr": "0x55f6b4d44e87", "next_inst_addr": "0", "branch_taken": true},
{"event": "branch", "inst_addr": "0x55f6b4d44be9", "next_inst_addr": "0", "branch_taken": true},
{"event": "branch", "inst_addr": "0x55f6b4d44c1c", "next_inst_addr": "0", "branch_taken": false},
{"event": "branch", "inst_addr": "0x55f6b4d44c22", "next_inst_addr": "0", "branch_taken": true},
{"event": "branch", "inst_addr": "0x55f6b4d44c58", "next_inst_addr": "0", "branch_taken": true},
{"event": "branch", "inst_addr": "0x55f6b4d44caf", "next_inst_addr": "0", "branch_taken": true},
{"event": "branch", "inst_addr": "0x55f6b4d44d06", "next_inst_addr": "0", "branch_taken": true},
{"event": "branch", "inst_addr": "0x55f6b4d44d5d", "next_inst_addr": "0", "branch_taken": false},
{"event": "branch", "inst_addr": "0x55f6b4d448dc", "next_inst_addr": "0", "branch_taken": true},
{"event": "branch", "inst_addr": "0x55f6b4d448dc", "next_inst_addr": "0", "branch_taken": true},
{"event": "branch", "inst_addr": "0x55f6b4d4493e", "next_inst_addr": "0", "branch_taken": true},
{"event": "branch", "inst_addr": "0x55f6b4d44dab", "next_inst_addr": "0", "branch_taken": true},
{"event": "branch", "inst_addr": "0x55f6b4d44e87", "next_inst_addr": "0", "branch_taken": true},
{"event": "branch", "inst_addr": "0x55f6b4d44be9", "next_inst_addr": "0", "branch_taken": true},
{"event": "branch", "inst_addr": "0x55f6b4d44c1c", "next_inst_addr": "0", "branch_taken": false},
{"event": "branch", "inst_addr": "0x55f6b4d44c22", "next_inst_addr": "0", "branch_taken": true},
{"event": "branch", "inst_addr": "0x55f6b4d44c58", "next_inst_addr": "0", "branch_taken": true},
{"event": "branch", "inst_addr": "0x55f6b4d44caf", "next_inst_addr": "0", "branch_taken": true},
{"event": "branch", "inst_addr": "0x55f6b4d44d06", "next_inst_addr": "0", "branch_taken": true},
{"event": "branch", "inst_addr": "0x55f6b4d44d5d", "next_inst_addr": "0", "branch_taken": false},
{"event": "branch", "inst_addr": "0x55f6b4d448dc", "next_inst_addr": "0", "branch_taken": true},
{"event": "branch", "inst_addr": "0x55f6b4d448dc", "next_inst_addr": "0", "branch_taken": true},
{"event": "branch", "inst_addr": "0x55f6b4d4493e", "next_inst_addr": "0", "branch_taken": true},
{"event": "branch", "inst_addr": "0x55f6b4d44dab", "next_inst_addr": "0", "branch_taken": true},
{"event": "branch", "inst_addr": "0x55f6b4d44e87", "next_inst_addr": "0", "branch_taken": true},
{"event": "branch", "inst_addr": "0x55f6b4d44be9", "next_inst_addr": "0", "branch_taken": true},
{"event": "branch", "inst_addr": "0x55f6b4d44c1c", "next_inst_addr": "0", "branch_taken": true},
{"event": "branch", "inst_addr": "0x55f6b4d44c58", "next_inst_addr": "0", "branch_taken": true},
{"event": "branch", "inst_addr": "0x55f6b4d44caf", "next_inst_addr": "0", "branch_taken": true},
{"event": "branch", "inst_addr": "0x55f6b4d44d06", "next_inst_addr": "0", "branch_taken": false},
{"event": "branch", "inst_addr": "0x55f6b4d448dc", "next_inst_addr": "0", "branch_taken": true},
{"event": "branch", "inst_addr": "0x55f6b4d448dc", "next_inst_addr": "0", "branch_taken": true},
{"event": "branch", "inst_addr": "0x55f6b4d44a5b", "next_inst_addr": "0", "branch_taken": true},
{"event": "branch", "inst_addr": "0x55f6b4d44a81", "next_inst_addr": "0", "branch_taken": true},
{"event": "branch", "inst_addr": "0x55f6b4d44a0b", "next_inst_addr": "0", "branch_taken": true},
{"event": "branch", "inst_addr": "0x55f6b4d44a1f", "next_inst_addr": "0", "branch_taken": true},
{"event": "branch", "inst_addr": "0x55f6b4d44a1f", "next_inst_addr": "0", "branch_taken": true},
{"event": "branch", "inst_addr": "0x55f6b4d44a1f", "next_inst_addr": "0", "branch_taken": true},
{"event": "branch", "inst_addr": "0x55f6b4d44a1f", "next_inst_addr": "0", "branch_taken": true},
{"event": "branch", "inst_addr": "0x55f6b4d44a1f", "next_inst_addr": "0", "branch_taken": true},
{"event": "branch", "inst_addr": "0x55f6b4d44a1f", "next_inst_addr": "0", "branch_taken": true},
{"event": "branch", "inst_addr": "0x55f6b4d44a1f", "next_inst_addr": "0", "branch_taken": false},
{"event": "branch", "inst_addr": "0x55f6b4d44a81", "next_inst_addr": "0", "branch_taken": false},
{"event": "branch", "inst_addr": "0x55f6b4d4493e", "next_inst_addr": "0", "branch_taken": true},
{"event": "branch", "inst_addr": "0x55f6b4d44d54", "next_inst_addr": "0", "branch_taken": true},
{"event": "branch", "inst_addr": "0x55f6b4d44e87", "next_inst_addr": "0", "branch_taken": false},
{"event": "branch", "inst_addr": "0x55f6b4d448dc", "next_inst_addr": "0", "branch_taken": true},
{"event": "branch", "inst_addr": "0x55f6b4d44610", "next_inst_addr": "0", "branch_taken": true},
{"event": "branch", "inst_addr": "0x55f6b4d44727", "next_inst_addr": "0", "branch_taken": false},
{"event": "branch", "inst_addr": "0x55f6b4d44735", "next_inst_addr": "0", "branch_taken": false},
{"event": "branch", "inst_addr": "0x55f6b4d44650", "next_inst_addr": "0", "branch_taken": true},
{"event": "branch", "inst_addr": "0x55f6b4d446a5", "next_inst_addr": "0", "branch_taken": true},
{"event": "exit", "exit_code": 0}
]
